#
# There is insufficient memory for the Java Runtime Environment to continue.
# Native memory allocation (malloc) failed to allocate 864656 bytes for Chunk::new
# Possible reasons:
#   The system is out of physical RAM or swap space
#   The process is running with CompressedOops enabled, and the Java Heap may be blocking the growth of the native heap
# Possible solutions:
#   Reduce memory load on the system
#   Increase physical memory or swap space
#   Check if swap backing store is full
#   Decrease Java heap size (-Xmx/-Xms)
#   Decrease number of Java threads
#   Decrease Java thread stack sizes (-Xss)
#   Set larger code cache with -XX:ReservedCodeCacheSize=
#   JVM is running with Unscaled Compressed Oops mode in which the Java heap is
#     placed in the first 4GB address space. The Java Heap base address is the
#     maximum limit for the native heap growth. Please use -XX:HeapBaseMinAddress
#     to set the Java Heap base and to place the Java Heap above 4GB virtual address.
# This output file may be truncated or incomplete.
#
#  Out of Memory Error (./src/hotspot/share/memory/arena.cpp:197), pid=10804, tid=9568
#
# JRE version: OpenJDK Runtime Environment (11.0.8+10) (build 11.0.8+10-b944.6842174)
# Java VM: OpenJDK 64-Bit Server VM (11.0.8+10-b944.6842174, mixed mode, tiered, compressed oops, g1 gc, windows-amd64)
# No core dump will be written. Minidumps are not enabled by default on client versions of Windows
#

---------------  S U M M A R Y ------------

Command Line: --add-opens=java.base/java.util=ALL-UNNAMED --add-opens=java.base/java.lang=ALL-UNNAMED --add-opens=java.base/java.lang.invoke=ALL-UNNAMED --add-opens=java.prefs/java.util.prefs=ALL-UNNAMED -Xmx2048m -Dfile.encoding=UTF-8 -Duser.country=BR -Duser.language=pt -Duser.variant org.gradle.launcher.daemon.bootstrap.GradleDaemon 6.7.1

Host: Intel(R) Core(TM) i5-3337U CPU @ 1.80GHz, 4 cores, 7G,  Windows 10 , 64 bit Build 19041 (10.0.19041.928)
Time: Thu Jun 10 20:55:10 2021 Hora oficial do Brasil elapsed time: 8 seconds (0d 0h 0m 8s)

---------------  T H R E A D  ---------------

Current thread (0x000001969f277800):  JavaThread "C2 CompilerThread0" daemon [_thread_in_native, id=9568, stack(0x000000664ec00000,0x000000664ed00000)]


Current CompileTask:
C2:   8563 2525  s!   4       jdk.internal.loader.URLClassPath::getLoader (194 bytes)

Stack: [0x000000664ec00000,0x000000664ed00000]
Native frames: (J=compiled Java code, j=interpreted, Vv=VM code, C=native code)
V  [jvm.dll+0x5de50a]
V  [jvm.dll+0x7122f5]
V  [jvm.dll+0x71384d]
V  [jvm.dll+0x713f03]
V  [jvm.dll+0x23e728]
V  [jvm.dll+0xb899c]
V  [jvm.dll+0xb8e9c]
V  [jvm.dll+0x35020b]
V  [jvm.dll+0x193cbc]
V  [jvm.dll+0x1f780e]
V  [jvm.dll+0x1f68d4]
V  [jvm.dll+0x17f32c]
V  [jvm.dll+0x205047]
V  [jvm.dll+0x203891]
V  [jvm.dll+0x6dad3f]
V  [jvm.dll+0x6d3895]
V  [jvm.dll+0x5dd4a6]
C  [ucrtbase.dll+0x21bb2]
C  [KERNEL32.DLL+0x17034]
C  [ntdll.dll+0x52651]


---------------  P R O C E S S  ---------------

Threads class SMR info:
_java_thread_list=0x00000196a33c3930, length=29, elements={
0x0000019683067800, 0x000001969ea03000, 0x000001969ea12800, 0x000001969f272800,
0x000001969f273800, 0x000001969f277800, 0x000001969f280000, 0x000001969f282800,
0x000001969f3cb800, 0x000001969f3ed000, 0x00000196a1304800, 0x00000196a054b800,
0x00000196a0dd7000, 0x00000196a0b1f800, 0x00000196a0b20000, 0x00000196a0288000,
0x00000196a0289000, 0x000001969fff2800, 0x00000196a12a3000, 0x00000196a12a4000,
0x00000196a0a95000, 0x00000196a0a94000, 0x00000196a0a93000, 0x00000196a0a95800,
0x00000196a0a92800, 0x00000196a0a98000, 0x00000196a0a99000, 0x00000196a0a96800,
0x00000196a194d800
}

Java Threads: ( => current thread )
  0x0000019683067800 JavaThread "main" [_thread_blocked, id=6948, stack(0x000000664e100000,0x000000664e200000)]
  0x000001969ea03000 JavaThread "Reference Handler" daemon [_thread_blocked, id=6288, stack(0x000000664e800000,0x000000664e900000)]
  0x000001969ea12800 JavaThread "Finalizer" daemon [_thread_blocked, id=5712, stack(0x000000664e900000,0x000000664ea00000)]
  0x000001969f272800 JavaThread "Signal Dispatcher" daemon [_thread_blocked, id=5012, stack(0x000000664ea00000,0x000000664eb00000)]
  0x000001969f273800 JavaThread "Attach Listener" daemon [_thread_blocked, id=10324, stack(0x000000664eb00000,0x000000664ec00000)]
=>0x000001969f277800 JavaThread "C2 CompilerThread0" daemon [_thread_in_native, id=9568, stack(0x000000664ec00000,0x000000664ed00000)]
  0x000001969f280000 JavaThread "C1 CompilerThread0" daemon [_thread_blocked, id=456, stack(0x000000664ed00000,0x000000664ee00000)]
  0x000001969f282800 JavaThread "Sweeper thread" daemon [_thread_blocked, id=11556, stack(0x000000664ee00000,0x000000664ef00000)]
  0x000001969f3cb800 JavaThread "Common-Cleaner" daemon [_thread_blocked, id=7576, stack(0x000000664ef00000,0x000000664f000000)]
  0x000001969f3ed000 JavaThread "Service Thread" daemon [_thread_blocked, id=2700, stack(0x000000664f000000,0x000000664f100000)]
  0x00000196a1304800 JavaThread "Daemon health stats" [_thread_blocked, id=2580, stack(0x000000664f500000,0x000000664f600000)]
  0x00000196a054b800 JavaThread "Incoming local TCP Connector on port 57393" [_thread_in_native, id=10544, stack(0x000000664f700000,0x000000664f800000)]
  0x00000196a0dd7000 JavaThread "Daemon periodic checks" [_thread_blocked, id=5432, stack(0x000000664f800000,0x000000664f900000)]
  0x00000196a0b1f800 JavaThread "Daemon" [_thread_blocked, id=3344, stack(0x000000664f900000,0x000000664fa00000)]
  0x00000196a0b20000 JavaThread "Handler for socket connection from /127.0.0.1:57393 to /127.0.0.1:57394" [_thread_in_native, id=11096, stack(0x000000664fa00000,0x000000664fb00000)]
  0x00000196a0288000 JavaThread "Cancel handler" [_thread_blocked, id=4512, stack(0x000000664fb00000,0x000000664fc00000)]
  0x00000196a0289000 JavaThread "Daemon worker" [_thread_blocked, id=3260, stack(0x000000664fc00000,0x000000664fd00000)]
  0x000001969fff2800 JavaThread "Asynchronous log dispatcher for DefaultDaemonConnection: socket connection from /127.0.0.1:57393 to /127.0.0.1:57394" [_thread_blocked, id=6332, stack(0x000000664fd00000,0x000000664fe00000)]
  0x00000196a12a3000 JavaThread "Stdin handler" [_thread_blocked, id=11824, stack(0x000000664fe00000,0x000000664ff00000)]
  0x00000196a12a4000 JavaThread "Thread-8" [_thread_blocked, id=9204, stack(0x000000664ff00000,0x0000006650000000)]
  0x00000196a0a95000 JavaThread "Cache worker for file hash cache (C:\Users\mila_\.gradle\caches\6.7.1\fileHashes)" [_thread_blocked, id=4816, stack(0x0000006650100000,0x0000006650200000)]
  0x00000196a0a94000 JavaThread "File lock request listener" [_thread_in_native, id=11152, stack(0x0000006650200000,0x0000006650300000)]
  0x00000196a0a93000 JavaThread "Cache worker for journal cache (C:\Users\mila_\.gradle\caches\journal-1)" [_thread_blocked, id=9780, stack(0x0000006650300000,0x0000006650400000)]
  0x00000196a0a95800 JavaThread "Cache worker for file hash cache (C:\Users\mila_\Documents\projetos-android-studio\appVolk\.gradle\6.7.1\fileHashes)" [_thread_blocked, id=10876, stack(0x0000006650400000,0x0000006650500000)]
  0x00000196a0a92800 JavaThread "Cache worker for checksums cache (C:\Users\mila_\Documents\projetos-android-studio\appVolk\.gradle\checksums)" [_thread_blocked, id=6996, stack(0x0000006650500000,0x0000006650600000)]
  0x00000196a0a98000 JavaThread "Cache worker for cache directory md-supplier (C:\Users\mila_\.gradle\caches\6.7.1\md-supplier)" [_thread_blocked, id=2332, stack(0x0000006650600000,0x0000006650700000)]
  0x00000196a0a99000 JavaThread "Cache worker for cache directory md-rule (C:\Users\mila_\.gradle\caches\6.7.1\md-rule)" [_thread_blocked, id=11320, stack(0x0000006650700000,0x0000006650800000)]
  0x00000196a0a96800 JavaThread "Cache worker for execution history cache (C:\Users\mila_\.gradle\caches\6.7.1\executionHistory)" [_thread_blocked, id=2720, stack(0x0000006650800000,0x0000006650900000)]
  0x00000196a194d800 JavaThread "C2 CompilerThread1" daemon [_thread_blocked, id=9788, stack(0x0000006650900000,0x0000006650a00000)]

Other Threads:
  0x000001969f227000 VMThread "VM Thread" [stack: 0x000000664e700000,0x000000664e800000] [id=6104]
  0x000001969f3f0800 WatcherThread [stack: 0x000000664f100000,0x000000664f200000] [id=7868]
  0x0000019683080000 GCTaskThread "GC Thread#0" [stack: 0x000000664e200000,0x000000664e300000] [id=656]
  0x000001969faa0800 GCTaskThread "GC Thread#1" [stack: 0x000000664f300000,0x000000664f400000] [id=9388]
  0x000001969faa1000 GCTaskThread "GC Thread#2" [stack: 0x000000664f400000,0x000000664f500000] [id=11868]
  0x00000196a0aa3800 GCTaskThread "GC Thread#3" [stack: 0x0000006650000000,0x0000006650100000] [id=4592]
  0x00000196830b1800 ConcurrentGCThread "G1 Main Marker" [stack: 0x000000664e300000,0x000000664e400000] [id=5480]
  0x00000196830b2800 ConcurrentGCThread "G1 Conc#0" [stack: 0x000000664e400000,0x000000664e500000] [id=7272]
  0x000001969e851800 ConcurrentGCThread "G1 Refine#0" [stack: 0x000000664e500000,0x000000664e600000] [id=8532]
  0x000001969e854800 ConcurrentGCThread "G1 Young RemSet Sampling" [stack: 0x000000664e600000,0x000000664e700000] [id=9196]

Threads with active compile tasks:
C2 CompilerThread0   8645 2525  s!   4       jdk.internal.loader.URLClassPath::getLoader (194 bytes)
C2 CompilerThread1   8645 2591       4       java.util.WeakHashMap::put (162 bytes)

VM state:at safepoint (normal execution)

VM Mutex/Monitor currently owned by a thread:  ([mutex/lock_event])
[0x00000196830634c0] Threads_lock - owner thread: 0x000001969f227000
[0x0000019683064240] Heap_lock - owner thread: 0x00000196a0289000

Heap address: 0x0000000080000000, size: 2048 MB, Compressed Oops mode: 32-bit
Narrow klass base: 0x0000000000000000, Narrow klass shift: 3
Compressed class space size: 1073741824 Address: 0x0000000100000000

Heap:
 garbage-first heap   total 157696K, used 20103K [0x0000000080000000, 0x0000000100000000)
  region size 1024K, 5 young (5120K), 5 survivors (5120K)
 Metaspace       used 31851K, capacity 32477K, committed 32640K, reserved 1087488K
  class space    used 4126K, capacity 4361K, committed 4480K, reserved 1048576K
Heap Regions: E=young(eden), S=young(survivor), O=old, HS=humongous(starts), HC=humongous(continues), CS=collection set, F=free, A=archive, TAMS=top-at-mark-start (previous, next)
|   0|0x0000000080000000, 0x0000000080100000, 0x0000000080100000|100%| O|  |TAMS 0x0000000080100000, 0x0000000080100000| Untracked 
|   1|0x0000000080100000, 0x0000000080200000, 0x0000000080200000|100%| O|  |TAMS 0x0000000080200000, 0x0000000080200000| Untracked 
|   2|0x0000000080200000, 0x0000000080300000, 0x0000000080300000|100%| O|  |TAMS 0x0000000080300000, 0x0000000080300000| Untracked 
|   3|0x0000000080300000, 0x0000000080400000, 0x0000000080400000|100%|HS|  |TAMS 0x0000000080400000, 0x0000000080400000| Complete 
|   4|0x0000000080400000, 0x0000000080500000, 0x0000000080500000|100%|HC|  |TAMS 0x0000000080500000, 0x0000000080500000| Complete 
|   5|0x0000000080500000, 0x0000000080600000, 0x0000000080600000|100%|HC|  |TAMS 0x0000000080600000, 0x0000000080600000| Complete 
|   6|0x0000000080600000, 0x0000000080700000, 0x0000000080700000|100%| O|  |TAMS 0x0000000080700000, 0x0000000080700000| Untracked 
|   7|0x0000000080700000, 0x0000000080800000, 0x0000000080800000|100%| O|  |TAMS 0x0000000080800000, 0x0000000080800000| Untracked 
|   8|0x0000000080800000, 0x0000000080900000, 0x0000000080900000|100%| O|  |TAMS 0x0000000080900000, 0x0000000080900000| Untracked 
|   9|0x0000000080900000, 0x0000000080a00000, 0x0000000080a00000|100%| O|  |TAMS 0x0000000080a00000, 0x0000000080a00000| Untracked 
|  10|0x0000000080a00000, 0x0000000080b00000, 0x0000000080b00000|100%| O|  |TAMS 0x0000000080b00000, 0x0000000080b00000| Untracked 
|  11|0x0000000080b00000, 0x0000000080c00000, 0x0000000080c00000|100%| O|  |TAMS 0x0000000080bed400, 0x0000000080c00000| Untracked 
|  12|0x0000000080c00000, 0x0000000080d00000, 0x0000000080d00000|100%| O|  |TAMS 0x0000000080c00000, 0x0000000080d00000| Untracked 
|  13|0x0000000080d00000, 0x0000000080e00000, 0x0000000080e00000|100%| O|  |TAMS 0x0000000080d00000, 0x0000000080e00000| Untracked 
|  14|0x0000000080e00000, 0x0000000080ef8e00, 0x0000000080f00000| 97%| O|  |TAMS 0x0000000080e00000, 0x0000000080ef8e00| Untracked 
|  15|0x0000000080f00000, 0x0000000080f00000, 0x0000000081000000|  0%| F|  |TAMS 0x0000000080f00000, 0x0000000080f00000| Untracked 
|  16|0x0000000081000000, 0x0000000081000000, 0x0000000081100000|  0%| F|  |TAMS 0x0000000081000000, 0x0000000081000000| Untracked 
|  17|0x0000000081100000, 0x0000000081100000, 0x0000000081200000|  0%| F|  |TAMS 0x0000000081100000, 0x0000000081100000| Untracked 
|  18|0x0000000081200000, 0x0000000081200000, 0x0000000081300000|  0%| F|  |TAMS 0x0000000081200000, 0x0000000081200000| Untracked 
|  19|0x0000000081300000, 0x0000000081300000, 0x0000000081400000|  0%| F|  |TAMS 0x0000000081300000, 0x0000000081300000| Untracked 
|  20|0x0000000081400000, 0x0000000081400000, 0x0000000081500000|  0%| F|  |TAMS 0x0000000081400000, 0x0000000081400000| Untracked 
|  21|0x0000000081500000, 0x0000000081500000, 0x0000000081600000|  0%| F|  |TAMS 0x0000000081500000, 0x0000000081500000| Untracked 
|  22|0x0000000081600000, 0x0000000081600000, 0x0000000081700000|  0%| F|  |TAMS 0x0000000081600000, 0x0000000081600000| Untracked 
|  23|0x0000000081700000, 0x0000000081700000, 0x0000000081800000|  0%| F|  |TAMS 0x0000000081700000, 0x0000000081700000| Untracked 
|  24|0x0000000081800000, 0x0000000081800000, 0x0000000081900000|  0%| F|  |TAMS 0x0000000081800000, 0x0000000081800000| Untracked 
|  25|0x0000000081900000, 0x0000000081900000, 0x0000000081a00000|  0%| F|  |TAMS 0x0000000081900000, 0x0000000081900000| Untracked 
|  26|0x0000000081a00000, 0x0000000081a00000, 0x0000000081b00000|  0%| F|  |TAMS 0x0000000081a00000, 0x0000000081a00000| Untracked 
|  27|0x0000000081b00000, 0x0000000081b00000, 0x0000000081c00000|  0%| F|  |TAMS 0x0000000081b00000, 0x0000000081b00000| Untracked 
|  28|0x0000000081c00000, 0x0000000081c00000, 0x0000000081d00000|  0%| F|  |TAMS 0x0000000081c00000, 0x0000000081c00000| Untracked 
|  29|0x0000000081d00000, 0x0000000081d00000, 0x0000000081e00000|  0%| F|  |TAMS 0x0000000081d00000, 0x0000000081d00000| Untracked 
|  30|0x0000000081e00000, 0x0000000081e00000, 0x0000000081f00000|  0%| F|  |TAMS 0x0000000081e00000, 0x0000000081e00000| Untracked 
|  31|0x0000000081f00000, 0x0000000081f00000, 0x0000000082000000|  0%| F|  |TAMS 0x0000000081f00000, 0x0000000081f00000| Untracked 
|  32|0x0000000082000000, 0x0000000082000000, 0x0000000082100000|  0%| F|  |TAMS 0x0000000082000000, 0x0000000082000000| Untracked 
|  33|0x0000000082100000, 0x0000000082100000, 0x0000000082200000|  0%| F|  |TAMS 0x0000000082100000, 0x0000000082100000| Untracked 
|  34|0x0000000082200000, 0x0000000082200000, 0x0000000082300000|  0%| F|  |TAMS 0x0000000082200000, 0x0000000082200000| Untracked 
|  35|0x0000000082300000, 0x0000000082300000, 0x0000000082400000|  0%| F|  |TAMS 0x0000000082300000, 0x0000000082300000| Untracked 
|  36|0x0000000082400000, 0x0000000082400000, 0x0000000082500000|  0%| F|  |TAMS 0x0000000082400000, 0x0000000082400000| Untracked 
|  37|0x0000000082500000, 0x0000000082500000, 0x0000000082600000|  0%| F|  |TAMS 0x0000000082500000, 0x0000000082500000| Untracked 
|  38|0x0000000082600000, 0x0000000082600000, 0x0000000082700000|  0%| F|  |TAMS 0x0000000082600000, 0x0000000082600000| Untracked 
|  39|0x0000000082700000, 0x0000000082700000, 0x0000000082800000|  0%| F|  |TAMS 0x0000000082700000, 0x0000000082700000| Untracked 
|  40|0x0000000082800000, 0x0000000082800000, 0x0000000082900000|  0%| F|  |TAMS 0x0000000082800000, 0x0000000082800000| Untracked 
|  41|0x0000000082900000, 0x0000000082900000, 0x0000000082a00000|  0%| F|  |TAMS 0x0000000082900000, 0x0000000082900000| Untracked 
|  42|0x0000000082a00000, 0x0000000082a00000, 0x0000000082b00000|  0%| F|  |TAMS 0x0000000082a00000, 0x0000000082a00000| Untracked 
|  43|0x0000000082b00000, 0x0000000082b00000, 0x0000000082c00000|  0%| F|  |TAMS 0x0000000082b00000, 0x0000000082b00000| Untracked 
|  44|0x0000000082c00000, 0x0000000082c00000, 0x0000000082d00000|  0%| F|  |TAMS 0x0000000082c00000, 0x0000000082c00000| Untracked 
|  45|0x0000000082d00000, 0x0000000082d00000, 0x0000000082e00000|  0%| F|  |TAMS 0x0000000082d00000, 0x0000000082d00000| Untracked 
|  46|0x0000000082e00000, 0x0000000082e00000, 0x0000000082f00000|  0%| F|  |TAMS 0x0000000082e00000, 0x0000000082e00000| Untracked 
|  47|0x0000000082f00000, 0x0000000082f00000, 0x0000000083000000|  0%| F|  |TAMS 0x0000000082f00000, 0x0000000082f00000| Untracked 
|  48|0x0000000083000000, 0x0000000083000000, 0x0000000083100000|  0%| F|  |TAMS 0x0000000083000000, 0x0000000083000000| Untracked 
|  49|0x0000000083100000, 0x0000000083100000, 0x0000000083200000|  0%| F|  |TAMS 0x0000000083100000, 0x0000000083100000| Untracked 
|  50|0x0000000083200000, 0x0000000083200000, 0x0000000083300000|  0%| F|  |TAMS 0x0000000083200000, 0x0000000083200000| Untracked 
|  51|0x0000000083300000, 0x0000000083300000, 0x0000000083400000|  0%| F|  |TAMS 0x0000000083300000, 0x0000000083300000| Untracked 
|  52|0x0000000083400000, 0x0000000083400000, 0x0000000083500000|  0%| F|  |TAMS 0x0000000083400000, 0x0000000083400000| Untracked 
|  53|0x0000000083500000, 0x0000000083500000, 0x0000000083600000|  0%| F|  |TAMS 0x0000000083500000, 0x0000000083500000| Untracked 
|  54|0x0000000083600000, 0x0000000083600000, 0x0000000083700000|  0%| F|  |TAMS 0x0000000083600000, 0x0000000083600000| Untracked 
|  55|0x0000000083700000, 0x0000000083700000, 0x0000000083800000|  0%| F|  |TAMS 0x0000000083700000, 0x0000000083700000| Untracked 
|  56|0x0000000083800000, 0x0000000083800000, 0x0000000083900000|  0%| F|  |TAMS 0x0000000083800000, 0x0000000083800000| Untracked 
|  57|0x0000000083900000, 0x0000000083900000, 0x0000000083a00000|  0%| F|  |TAMS 0x0000000083900000, 0x0000000083900000| Untracked 
|  58|0x0000000083a00000, 0x0000000083a00000, 0x0000000083b00000|  0%| F|  |TAMS 0x0000000083a00000, 0x0000000083a00000| Untracked 
|  59|0x0000000083b00000, 0x0000000083b00000, 0x0000000083c00000|  0%| F|  |TAMS 0x0000000083b00000, 0x0000000083b00000| Untracked 
|  60|0x0000000083c00000, 0x0000000083c00000, 0x0000000083d00000|  0%| F|  |TAMS 0x0000000083c00000, 0x0000000083c00000| Untracked 
|  61|0x0000000083d00000, 0x0000000083d00000, 0x0000000083e00000|  0%| F|  |TAMS 0x0000000083d00000, 0x0000000083d00000| Untracked 
|  62|0x0000000083e00000, 0x0000000083e00000, 0x0000000083f00000|  0%| F|  |TAMS 0x0000000083e00000, 0x0000000083e00000| Untracked 
|  63|0x0000000083f00000, 0x0000000083f00000, 0x0000000084000000|  0%| F|  |TAMS 0x0000000083f00000, 0x0000000083f00000| Untracked 
|  64|0x0000000084000000, 0x0000000084000000, 0x0000000084100000|  0%| F|  |TAMS 0x0000000084000000, 0x0000000084000000| Untracked 
|  65|0x0000000084100000, 0x0000000084100000, 0x0000000084200000|  0%| F|  |TAMS 0x0000000084100000, 0x0000000084100000| Untracked 
|  66|0x0000000084200000, 0x0000000084200000, 0x0000000084300000|  0%| F|  |TAMS 0x0000000084200000, 0x0000000084200000| Untracked 
|  67|0x0000000084300000, 0x0000000084300000, 0x0000000084400000|  0%| F|  |TAMS 0x0000000084300000, 0x0000000084300000| Untracked 
|  68|0x0000000084400000, 0x0000000084400000, 0x0000000084500000|  0%| F|  |TAMS 0x0000000084400000, 0x0000000084400000| Untracked 
|  69|0x0000000084500000, 0x0000000084500000, 0x0000000084600000|  0%| F|  |TAMS 0x0000000084500000, 0x0000000084500000| Untracked 
|  70|0x0000000084600000, 0x0000000084600000, 0x0000000084700000|  0%| F|  |TAMS 0x0000000084600000, 0x0000000084600000| Untracked 
|  71|0x0000000084700000, 0x0000000084700000, 0x0000000084800000|  0%| F|  |TAMS 0x0000000084700000, 0x0000000084700000| Untracked 
|  72|0x0000000084800000, 0x0000000084800000, 0x0000000084900000|  0%| F|  |TAMS 0x0000000084800000, 0x0000000084800000| Untracked 
|  73|0x0000000084900000, 0x0000000084900000, 0x0000000084a00000|  0%| F|  |TAMS 0x0000000084900000, 0x0000000084900000| Untracked 
|  74|0x0000000084a00000, 0x0000000084a00000, 0x0000000084b00000|  0%| F|  |TAMS 0x0000000084a00000, 0x0000000084a00000| Untracked 
|  75|0x0000000084b00000, 0x0000000084b00000, 0x0000000084c00000|  0%| F|  |TAMS 0x0000000084b00000, 0x0000000084b00000| Untracked 
|  76|0x0000000084c00000, 0x0000000084c00000, 0x0000000084d00000|  0%| F|  |TAMS 0x0000000084c00000, 0x0000000084c00000| Untracked 
|  77|0x0000000084d00000, 0x0000000084d00000, 0x0000000084e00000|  0%| F|  |TAMS 0x0000000084d00000, 0x0000000084d00000| Untracked 
|  78|0x0000000084e00000, 0x0000000084e00000, 0x0000000084f00000|  0%| F|  |TAMS 0x0000000084e00000, 0x0000000084e00000| Untracked 
|  79|0x0000000084f00000, 0x0000000084f00000, 0x0000000085000000|  0%| F|  |TAMS 0x0000000084f00000, 0x0000000084f00000| Untracked 
|  80|0x0000000085000000, 0x0000000085000000, 0x0000000085100000|  0%| F|  |TAMS 0x0000000085000000, 0x0000000085000000| Untracked 
|  81|0x0000000085100000, 0x0000000085100000, 0x0000000085200000|  0%| F|  |TAMS 0x0000000085100000, 0x0000000085100000| Untracked 
|  82|0x0000000085200000, 0x0000000085200000, 0x0000000085300000|  0%| F|  |TAMS 0x0000000085200000, 0x0000000085200000| Untracked 
|  83|0x0000000085300000, 0x0000000085300000, 0x0000000085400000|  0%| F|  |TAMS 0x0000000085300000, 0x0000000085300000| Untracked 
|  84|0x0000000085400000, 0x0000000085400000, 0x0000000085500000|  0%| F|  |TAMS 0x0000000085400000, 0x0000000085400000| Untracked 
|  85|0x0000000085500000, 0x0000000085500000, 0x0000000085600000|  0%| F|  |TAMS 0x0000000085500000, 0x0000000085500000| Untracked 
|  86|0x0000000085600000, 0x0000000085600000, 0x0000000085700000|  0%| F|  |TAMS 0x0000000085600000, 0x0000000085600000| Untracked 
|  87|0x0000000085700000, 0x0000000085700000, 0x0000000085800000|  0%| F|  |TAMS 0x0000000085700000, 0x0000000085700000| Untracked 
|  88|0x0000000085800000, 0x00000000858a91a0, 0x0000000085900000| 66%| S|CS|TAMS 0x0000000085800000, 0x0000000085800000| Complete 
|  89|0x0000000085900000, 0x0000000085a00000, 0x0000000085a00000|100%| S|CS|TAMS 0x0000000085900000, 0x0000000085900000| Complete 
|  90|0x0000000085a00000, 0x0000000085b00000, 0x0000000085b00000|100%| S|CS|TAMS 0x0000000085a00000, 0x0000000085a00000| Complete 
|  91|0x0000000085b00000, 0x0000000085c00000, 0x0000000085c00000|100%| S|CS|TAMS 0x0000000085b00000, 0x0000000085b00000| Complete 
|  92|0x0000000085c00000, 0x0000000085d00000, 0x0000000085d00000|100%| S|CS|TAMS 0x0000000085c00000, 0x0000000085c00000| Complete 
|  93|0x0000000085d00000, 0x0000000085d00000, 0x0000000085e00000|  0%| F|  |TAMS 0x0000000085d00000, 0x0000000085d00000| Untracked 
|  94|0x0000000085e00000, 0x0000000085e00000, 0x0000000085f00000|  0%| F|  |TAMS 0x0000000085e00000, 0x0000000085e00000| Untracked 
|  95|0x0000000085f00000, 0x0000000085f00000, 0x0000000086000000|  0%| F|  |TAMS 0x0000000085f00000, 0x0000000085f00000| Untracked 
|  96|0x0000000086000000, 0x0000000086000000, 0x0000000086100000|  0%| F|  |TAMS 0x0000000086000000, 0x0000000086000000| Untracked 
|  97|0x0000000086100000, 0x0000000086100000, 0x0000000086200000|  0%| F|  |TAMS 0x0000000086100000, 0x0000000086100000| Untracked 
|  98|0x0000000086200000, 0x0000000086200000, 0x0000000086300000|  0%| F|  |TAMS 0x0000000086200000, 0x0000000086200000| Untracked 
|  99|0x0000000086300000, 0x0000000086300000, 0x0000000086400000|  0%| F|  |TAMS 0x0000000086300000, 0x0000000086300000| Untracked 
| 100|0x0000000086400000, 0x0000000086400000, 0x0000000086500000|  0%| F|  |TAMS 0x0000000086400000, 0x0000000086400000| Untracked 
| 101|0x0000000086500000, 0x0000000086500000, 0x0000000086600000|  0%| F|  |TAMS 0x0000000086500000, 0x0000000086500000| Untracked 
| 102|0x0000000086600000, 0x0000000086600000, 0x0000000086700000|  0%| F|  |TAMS 0x0000000086600000, 0x0000000086600000| Untracked 
| 103|0x0000000086700000, 0x0000000086700000, 0x0000000086800000|  0%| F|  |TAMS 0x0000000086700000, 0x0000000086700000| Untracked 
| 104|0x0000000086800000, 0x0000000086800000, 0x0000000086900000|  0%| F|  |TAMS 0x0000000086800000, 0x0000000086800000| Untracked 
| 105|0x0000000086900000, 0x0000000086900000, 0x0000000086a00000|  0%| F|  |TAMS 0x0000000086900000, 0x0000000086900000| Untracked 
| 106|0x0000000086a00000, 0x0000000086a00000, 0x0000000086b00000|  0%| F|  |TAMS 0x0000000086a00000, 0x0000000086a00000| Untracked 
| 107|0x0000000086b00000, 0x0000000086b00000, 0x0000000086c00000|  0%| F|  |TAMS 0x0000000086b00000, 0x0000000086b00000| Untracked 
| 108|0x0000000086c00000, 0x0000000086c00000, 0x0000000086d00000|  0%| F|  |TAMS 0x0000000086c00000, 0x0000000086c00000| Untracked 
| 109|0x0000000086d00000, 0x0000000086d00000, 0x0000000086e00000|  0%| F|  |TAMS 0x0000000086d00000, 0x0000000086d00000| Untracked 
| 110|0x0000000086e00000, 0x0000000086e00000, 0x0000000086f00000|  0%| F|  |TAMS 0x0000000086e00000, 0x0000000086e00000| Untracked 
| 111|0x0000000086f00000, 0x0000000086f00000, 0x0000000087000000|  0%| F|  |TAMS 0x0000000086f00000, 0x0000000086f00000| Untracked 
| 112|0x0000000087000000, 0x0000000087000000, 0x0000000087100000|  0%| F|  |TAMS 0x0000000087000000, 0x0000000087000000| Untracked 
| 113|0x0000000087100000, 0x0000000087100000, 0x0000000087200000|  0%| F|  |TAMS 0x0000000087100000, 0x0000000087100000| Untracked 
| 114|0x0000000087200000, 0x0000000087200000, 0x0000000087300000|  0%| F|  |TAMS 0x0000000087200000, 0x0000000087200000| Untracked 
| 115|0x0000000087300000, 0x0000000087300000, 0x0000000087400000|  0%| F|  |TAMS 0x0000000087300000, 0x0000000087300000| Untracked 
| 116|0x0000000087400000, 0x0000000087400000, 0x0000000087500000|  0%| F|  |TAMS 0x0000000087400000, 0x0000000087400000| Untracked 
| 117|0x0000000087500000, 0x0000000087500000, 0x0000000087600000|  0%| F|  |TAMS 0x0000000087500000, 0x0000000087500000| Untracked 
| 118|0x0000000087600000, 0x0000000087600000, 0x0000000087700000|  0%| F|  |TAMS 0x0000000087600000, 0x0000000087600000| Untracked 
| 119|0x0000000087700000, 0x0000000087700000, 0x0000000087800000|  0%| F|  |TAMS 0x0000000087700000, 0x0000000087700000| Untracked 
| 120|0x0000000087800000, 0x0000000087800000, 0x0000000087900000|  0%| F|  |TAMS 0x0000000087800000, 0x0000000087800000| Untracked 
| 121|0x0000000087900000, 0x0000000087900000, 0x0000000087a00000|  0%| F|  |TAMS 0x0000000087900000, 0x0000000087900000| Untracked 
| 122|0x0000000087a00000, 0x0000000087a00000, 0x0000000087b00000|  0%| F|  |TAMS 0x0000000087a00000, 0x0000000087a00000| Untracked 
| 123|0x0000000087b00000, 0x0000000087b00000, 0x0000000087c00000|  0%| F|  |TAMS 0x0000000087b00000, 0x0000000087b00000| Untracked 
| 124|0x0000000087c00000, 0x0000000087c00000, 0x0000000087d00000|  0%| F|  |TAMS 0x0000000087c00000, 0x0000000087c00000| Untracked 
| 125|0x0000000087d00000, 0x0000000087d00000, 0x0000000087e00000|  0%| F|  |TAMS 0x0000000087d00000, 0x0000000087d00000| Untracked 
| 126|0x0000000087e00000, 0x0000000087e00000, 0x0000000087f00000|  0%| F|  |TAMS 0x0000000087e00000, 0x0000000087e00000| Untracked 
| 127|0x0000000087f00000, 0x0000000087f00000, 0x0000000088000000|  0%| F|  |TAMS 0x0000000087f00000, 0x0000000087f00000| Untracked 

Card table byte_map: [0x0000019697be0000,0x0000019697fe0000] _byte_map_base: 0x00000196977e0000

Marking Bits (Prev, Next): (CMBitMap*) 0x00000196830a8c10, (CMBitMap*) 0x00000196830a8bd8
 Prev Bits: [0x000001969a3e0000, 0x000001969c3e0000)
 Next Bits: [0x00000196983e0000, 0x000001969a3e0000)

Polling page: 0x0000019682ef0000

Metaspace:

Usage:
  Non-class:     27.46 MB capacity,    27.07 MB ( 99%) used,   333.86 KB (  1%) free+waste,    57.38 KB ( <1%) overhead. 
      Class:      4.26 MB capacity,     4.03 MB ( 95%) used,   206.09 KB (  5%) free+waste,    28.19 KB ( <1%) overhead. 
       Both:     31.72 MB capacity,    31.10 MB ( 98%) used,   539.95 KB (  2%) free+waste,    85.56 KB ( <1%) overhead. 

Virtual space:
  Non-class space:       38.00 MB reserved,      27.50 MB ( 72%) committed 
      Class space:        1.00 GB reserved,       4.38 MB ( <1%) committed 
             Both:        1.04 GB reserved,      31.88 MB (  3%) committed 

Chunk freelists:
   Non-Class:  44.00 KB
       Class:  23.00 KB
        Both:  67.00 KB

MaxMetaspaceSize: 17179869184.00 GB
CompressedClassSpaceSize: 1.00 GB

CodeHeap 'non-profiled nmethods': size=120064Kb used=1140Kb max_used=1140Kb free=118923Kb
 bounds [0x000001968fc80000, 0x000001968fef0000, 0x00000196971c0000]
CodeHeap 'profiled nmethods': size=120000Kb used=4882Kb max_used=4882Kb free=115117Kb
 bounds [0x0000019688750000, 0x0000019688c20000, 0x000001968fc80000]
CodeHeap 'non-nmethods': size=5696Kb used=1151Kb max_used=1194Kb free=4544Kb
 bounds [0x00000196881c0000, 0x0000019688430000, 0x0000019688750000]
 total_blobs=2854 nmethods=2361 adapters=404
 compilation: enabled
              stopped_count=0, restarted_count=0
 full_count=0

Compilation events (20 events):
Event: 8.542 Thread 0x00000196a194d800 2586       4       java.lang.ref.WeakReference::<init> (7 bytes)
Event: 8.542 Thread 0x000001969f280000 nmethod 2584 0x0000019688c11190 code [0x0000019688c11340, 0x0000019688c114b8]
Event: 8.542 Thread 0x000001969f280000 2585       3       java.lang.ClassValue$Entry::assertNotPromise (22 bytes)
Event: 8.543 Thread 0x000001969f280000 nmethod 2585 0x0000019688c11590 code [0x0000019688c11740, 0x0000019688c11858]
Event: 8.543 Thread 0x000001969f280000 2587       3       java.util.LinkedList::node (65 bytes)
Event: 8.544 Thread 0x000001969f280000 nmethod 2587 0x0000019688c11910 code [0x0000019688c11ae0, 0x0000019688c11d98]
Event: 8.544 Thread 0x000001969f280000 2588       3       java.util.concurrent.ConcurrentHashMap::remove (8 bytes)
Event: 8.544 Thread 0x000001969f280000 nmethod 2588 0x0000019688c11f10 code [0x0000019688c120c0, 0x0000019688c12208]
Event: 8.544 Thread 0x000001969f280000 2589       3       org.codehaus.groovy.reflection.ReflectionCache::setAssignableFrom (1 bytes)
Event: 8.544 Thread 0x000001969f280000 nmethod 2589 0x0000019688c12290 code [0x0000019688c12440, 0x0000019688c12518]
Event: 8.544 Thread 0x000001969f280000 2590       3       org.codehaus.groovy.reflection.ParameterTypes::setParametersTypes (32 bytes)
Event: 8.545 Thread 0x000001969f280000 nmethod 2590 0x0000019688c12590 code [0x0000019688c12740, 0x0000019688c12978]
Event: 8.546 Thread 0x00000196a194d800 nmethod 2586 0x000001968fd9ce90 code [0x000001968fd9d020, 0x000001968fd9d218]
Event: 8.549 Thread 0x00000196a194d800 2591       4       java.util.WeakHashMap::put (162 bytes)
Event: 8.551 Thread 0x000001969f280000 2593       3       java.lang.ReflectiveOperationException::<init> (6 bytes)
Event: 8.551 Thread 0x000001969f280000 nmethod 2593 0x0000019688c12a90 code [0x0000019688c12c60, 0x0000019688c12de8]
Event: 8.552 Thread 0x000001969f280000 2595       3       org.codehaus.groovy.reflection.CachedMethod::getPT (8 bytes)
Event: 8.553 Thread 0x000001969f280000 nmethod 2595 0x0000019688c12e90 code [0x0000019688c13060, 0x0000019688c13368]
Event: 8.553 Thread 0x000001969f280000 2596       3       org.codehaus.groovy.reflection.CachedMethod::getModifiers (8 bytes)
Event: 8.553 Thread 0x000001969f280000 nmethod 2596 0x0000019688c13490 code [0x0000019688c13640, 0x0000019688c13758]

GC Heap History (12 events):
Event: 0.905 GC heap before
{Heap before GC invocations=0 (full 0):
 garbage-first heap   total 131072K, used 19456K [0x0000000080000000, 0x0000000100000000)
  region size 1024K, 14 young (14336K), 0 survivors (0K)
 Metaspace       used 7451K, capacity 7663K, committed 7936K, reserved 1056768K
  class space    used 686K, capacity 748K, committed 768K, reserved 1048576K
}
Event: 0.914 GC heap after
{Heap after GC invocations=1 (full 0):
 garbage-first heap   total 131072K, used 7912K [0x0000000080000000, 0x0000000100000000)
  region size 1024K, 2 young (2048K), 2 survivors (2048K)
 Metaspace       used 7451K, capacity 7663K, committed 7936K, reserved 1056768K
  class space    used 686K, capacity 748K, committed 768K, reserved 1048576K
}
Event: 1.513 GC heap before
{Heap before GC invocations=1 (full 0):
 garbage-first heap   total 131072K, used 19176K [0x0000000080000000, 0x0000000100000000)
  region size 1024K, 13 young (13312K), 2 survivors (2048K)
 Metaspace       used 10805K, capacity 11063K, committed 11264K, reserved 1058816K
  class space    used 1142K, capacity 1201K, committed 1280K, reserved 1048576K
}
Event: 1.517 GC heap after
{Heap after GC invocations=2 (full 0):
 garbage-first heap   total 131072K, used 8766K [0x0000000080000000, 0x0000000100000000)
  region size 1024K, 1 young (1024K), 1 survivors (1024K)
 Metaspace       used 10805K, capacity 11063K, committed 11264K, reserved 1058816K
  class space    used 1142K, capacity 1201K, committed 1280K, reserved 1048576K
}
Event: 2.156 GC heap before
{Heap before GC invocations=2 (full 0):
 garbage-first heap   total 131072K, used 34366K [0x0000000080000000, 0x0000000100000000)
  region size 1024K, 27 young (27648K), 1 survivors (1024K)
 Metaspace       used 10972K, capacity 11192K, committed 11520K, reserved 1058816K
  class space    used 1142K, capacity 1201K, committed 1280K, reserved 1048576K
}
Event: 2.162 GC heap after
{Heap after GC invocations=3 (full 0):
 garbage-first heap   total 131072K, used 12288K [0x0000000080000000, 0x0000000100000000)
  region size 1024K, 4 young (4096K), 4 survivors (4096K)
 Metaspace       used 10972K, capacity 11192K, committed 11520K, reserved 1058816K
  class space    used 1142K, capacity 1201K, committed 1280K, reserved 1048576K
}
Event: 4.531 GC heap before
{Heap before GC invocations=3 (full 0):
 garbage-first heap   total 131072K, used 51200K [0x0000000080000000, 0x0000000100000000)
  region size 1024K, 42 young (43008K), 4 survivors (4096K)
 Metaspace       used 18100K, capacity 18514K, committed 18688K, reserved 1064960K
  class space    used 2162K, capacity 2294K, committed 2304K, reserved 1048576K
}
Event: 4.543 GC heap after
{Heap after GC invocations=4 (full 0):
 garbage-first heap   total 131072K, used 15601K [0x0000000080000000, 0x0000000100000000)
  region size 1024K, 4 young (4096K), 4 survivors (4096K)
 Metaspace       used 18100K, capacity 18514K, committed 18688K, reserved 1064960K
  class space    used 2162K, capacity 2294K, committed 2304K, reserved 1048576K
}
Event: 4.941 GC heap before
{Heap before GC invocations=4 (full 0):
 garbage-first heap   total 131072K, used 33009K [0x0000000080000000, 0x0000000100000000)
  region size 1024K, 22 young (22528K), 4 survivors (4096K)
 Metaspace       used 20579K, capacity 21095K, committed 21248K, reserved 1067008K
  class space    used 2526K, capacity 2712K, committed 2816K, reserved 1048576K
}
Event: 4.948 GC heap after
{Heap after GC invocations=5 (full 0):
 garbage-first heap   total 131072K, used 16242K [0x0000000080000000, 0x0000000100000000)
  region size 1024K, 4 young (4096K), 4 survivors (4096K)
 Metaspace       used 20579K, capacity 21095K, committed 21248K, reserved 1067008K
  class space    used 2526K, capacity 2712K, committed 2816K, reserved 1048576K
}
Event: 7.007 GC heap before
{Heap before GC invocations=6 (full 0):
 garbage-first heap   total 131072K, used 68466K [0x0000000080000000, 0x0000000100000000)
  region size 1024K, 55 young (56320K), 4 survivors (4096K)
 Metaspace       used 26362K, capacity 27045K, committed 27264K, reserved 1073152K
  class space    used 3456K, capacity 3698K, committed 3712K, reserved 1048576K
}
Event: 7.025 GC heap after
{Heap after GC invocations=7 (full 0):
 garbage-first heap   total 131072K, used 18343K [0x0000000080000000, 0x0000000100000000)
  region size 1024K, 3 young (3072K), 3 survivors (3072K)
 Metaspace       used 26362K, capacity 27045K, committed 27264K, reserved 1073152K
  class space    used 3456K, capacity 3698K, committed 3712K, reserved 1048576K
}

Deoptimization events (20 events):
Event: 6.409 Thread 0x00000196a0289000 DEOPT PACKING pc=0x00000196887e2b34 sp=0x000000664fcface0
Event: 6.409 Thread 0x00000196a0289000 DEOPT UNPACKING pc=0x00000196881e724e sp=0x000000664fcfa230 mode 0
Event: 6.760 Thread 0x00000196a0289000 Uncommon trap: trap_request=0xffffff4d fr.pc=0x000001968fd6054c relative=0x000000000000020c
Event: 6.760 Thread 0x00000196a0289000 Uncommon trap: reason=unstable_if action=reinterpret pc=0x000001968fd6054c method=java.util.HashMap.hash(Ljava/lang/Object;)I @ 1 c2
Event: 6.760 Thread 0x00000196a0289000 DEOPT PACKING pc=0x000001968fd6054c sp=0x000000664fcf8140
Event: 6.760 Thread 0x00000196a0289000 DEOPT UNPACKING pc=0x00000196881e742f sp=0x000000664fcf8078 mode 2
Event: 6.822 Thread 0x00000196a0289000 Uncommon trap: trap_request=0xffffff4d fr.pc=0x000001968fd2222c relative=0x000000000000008c
Event: 6.822 Thread 0x00000196a0289000 Uncommon trap: reason=unstable_if action=reinterpret pc=0x000001968fd2222c method=java.util.HashMap.hash(Ljava/lang/Object;)I @ 1 c2
Event: 6.822 Thread 0x00000196a0289000 DEOPT PACKING pc=0x000001968fd2222c sp=0x000000664fcf7a70
Event: 6.822 Thread 0x00000196a0289000 DEOPT UNPACKING pc=0x00000196881e742f sp=0x000000664fcf7a08 mode 2
Event: 7.323 Thread 0x00000196a0289000 Uncommon trap: trap_request=0xffffff4d fr.pc=0x000001968fcdb45c relative=0x000000000000099c
Event: 7.323 Thread 0x00000196a0289000 Uncommon trap: reason=unstable_if action=reinterpret pc=0x000001968fcdb45c method=java.io.WinNTFileSystem.resolve(Ljava/lang/String;Ljava/lang/String;)Ljava/lang/String; @ 83 c2
Event: 7.323 Thread 0x00000196a0289000 DEOPT PACKING pc=0x000001968fcdb45c sp=0x000000664fcf9850
Event: 7.323 Thread 0x00000196a0289000 DEOPT UNPACKING pc=0x00000196881e742f sp=0x000000664fcf97f8 mode 2
Event: 7.369 Thread 0x00000196a0289000 DEOPT PACKING pc=0x00000196889831e2 sp=0x000000664fcf5920
Event: 7.369 Thread 0x00000196a0289000 DEOPT UNPACKING pc=0x00000196881e724e sp=0x000000664fcf4db0 mode 0
Event: 8.514 Thread 0x00000196a0289000 Uncommon trap: trap_request=0xffffff4d fr.pc=0x000001968fd58a40 relative=0x0000000000004f60
Event: 8.514 Thread 0x00000196a0289000 Uncommon trap: reason=unstable_if action=reinterpret pc=0x000001968fd58a40 method=jdk.internal.loader.BuiltinClassLoader.loadClassOrNull(Ljava/lang/String;Z)Ljava/lang/Class; @ 42 c2
Event: 8.514 Thread 0x00000196a0289000 DEOPT PACKING pc=0x000001968fd58a40 sp=0x000000664fcf55c0
Event: 8.514 Thread 0x00000196a0289000 DEOPT UNPACKING pc=0x00000196881e742f sp=0x000000664fcf5440 mode 2

Classes redefined (0 events):
No events

Internal exceptions (20 events):
Event: 5.294 Thread 0x00000196a0289000 Exception <a 'java/lang/NoSuchMethodError'{0x00000000872a8ab0}: 'java.lang.Object java.lang.invoke.DirectMethodHandle$Holder.invokeVirtual(java.lang.Object, java.lang.Object, java.lang.Object, java.lang.Object)'> (0x00000000872a8ab0) thrown at [./src/hotspot/share/interpreter/linkResolver.cpp, line 773]
Event: 5.856 Thread 0x00000196a0289000 Exception <a 'java/lang/NoSuchMethodError'{0x000000008612f258}: 'void java.lang.invoke.DirectMethodHandle$Holder.invokeSpecial(java.lang.Object, java.lang.Object, java.lang.Object, java.lang.Object, java.lang.Object, java.lang.Object)'> (0x000000008612f258) thrown at [./src/hotspot/share/interpreter/linkResolver.cpp, line 773]
Event: 5.920 Thread 0x00000196a0289000 Exception <a 'java/lang/NoSuchMethodError'{0x00000000860d7b20}: 'java.lang.Object java.lang.invoke.Invokers$Holder.invoker(java.lang.Object, java.lang.Object, java.lang.Object)'> (0x00000000860d7b20) thrown at [./src/hotspot/share/interpreter/linkResolver.cpp, line 773]
Event: 5.966 Thread 0x00000196a0289000 Exception <a 'java/lang/NoSuchMethodError'{0x0000000085e19d30}: 'void java.lang.invoke.DirectMethodHandle$Holder.invokeSpecial(java.lang.Object, java.lang.Object, java.lang.Object, java.lang.Object, java.lang.Object, java.lang.Object, java.lang.Object)'> (0x0000000085e19d30) thrown at [./src/hotspot/share/interpreter/linkResolver.cpp, line 773]
Event: 5.967 Thread 0x00000196a0289000 Exception <a 'java/lang/NoSuchMethodError'{0x0000000085e21f78}: 'java.lang.Object java.lang.invoke.Invokers$Holder.linkToTargetMethod(java.lang.Object, java.lang.Object, java.lang.Object, java.lang.Object, java.lang.Object, java.lang.Object)'> (0x0000000085e21f78) thrown at [./src/hotspot/share/interpreter/linkResolver.cpp, line 773]
Event: 5.999 Thread 0x00000196a0289000 Exception <a 'java/lang/NoSuchMethodError'{0x0000000085d44be8}: 'java.lang.Object java.lang.invoke.DirectMethodHandle$Holder.invokeVirtual(java.lang.Object, java.lang.Object, java.lang.Object, java.lang.Object, java.lang.Object, java.lang.Object, java.lang.Object, java.lang.Object, java.lang.Object, java.lang.Object, java.lang.Object, java.lang.Object, java.lang.Object, java.lang.Object, java.lang.Object, java.lang.Object, java.lang.Object)'> (0x0000000085d44be8) thrown at [./src/hotspot/share/interpreter/
Event: 6.005 Thread 0x00000196a0289000 Exception <a 'java/lang/NoSuchMethodError'{0x0000000085d75490}: 'java.lang.Object java.lang.invoke.DirectMethodHandle$Holder.invokeSpecial(java.lang.Object, java.lang.Object, java.lang.Object, java.lang.Object, java.lang.Object, java.lang.Object, java.lang.Object, java.lang.Object, java.lang.Object)'> (0x0000000085d75490) thrown at [./src/hotspot/share/interpreter/linkResolver.cpp, line 773]
Event: 6.328 Thread 0x00000196a0289000 Exception <a 'java/lang/NoSuchMethodError'{0x00000000854cb920}: 'java.lang.Object java.lang.invoke.DirectMethodHandle$Holder.invokeStatic(java.lang.Object, java.lang.Object, java.lang.Object, int, java.lang.Object, java.lang.Object)'> (0x00000000854cb920) thrown at [./src/hotspot/share/interpreter/linkResolver.cpp, line 773]
Event: 6.329 Thread 0x00000196a0289000 Exception <a 'java/lang/NoSuchMethodError'{0x00000000854d2c88}: 'java.lang.Object java.lang.invoke.Invokers$Holder.linkToTargetMethod(java.lang.Object, java.lang.Object, int, java.lang.Object, java.lang.Object, java.lang.Object)'> (0x00000000854d2c88) thrown at [./src/hotspot/share/interpreter/linkResolver.cpp, line 773]
Event: 6.380 Thread 0x00000196a0289000 Exception <a 'java/lang/NoSuchMethodError'{0x00000000852882d8}: 'void java.lang.invoke.DirectMethodHandle$Holder.invokeSpecial(java.lang.Object, java.lang.Object, java.lang.Object, java.lang.Object)'> (0x00000000852882d8) thrown at [./src/hotspot/share/interpreter/linkResolver.cpp, line 773]
Event: 6.760 Thread 0x00000196a0289000 Implicit null exception at 0x000001968fd60375 to 0x000001968fd6053c
Event: 6.822 Thread 0x00000196a0289000 Implicit null exception at 0x000001968fd221af to 0x000001968fd2221d
Event: 7.088 Thread 0x00000196a0289000 Exception <a 'java/lang/NoSuchMethodError'{0x0000000087f6b308}: 'java.lang.Object java.lang.invoke.DirectMethodHandle$Holder.invokeSpecialIFC(java.lang.Object, java.lang.Object, java.lang.Object, java.lang.Object)'> (0x0000000087f6b308) thrown at [./src/hotspot/share/interpreter/linkResolver.cpp, line 773]
Event: 7.117 Thread 0x00000196a0289000 Exception <a 'java/lang/NoSuchMethodError'{0x0000000087e73740}: 'java.lang.Object java.lang.invoke.DirectMethodHandle$Holder.invokeSpecial(java.lang.Object, java.lang.Object, java.lang.Object, java.lang.Object, java.lang.Object, java.lang.Object, java.lang.Object, java.lang.Object, java.lang.Object, java.lang.Object, java.lang.Object, java.lang.Object, java.lang.Object)'> (0x0000000087e73740) thrown at [./src/hotspot/share/interpreter/linkResolver.cpp, line 773]
Event: 7.119 Thread 0x00000196a0289000 Exception <a 'java/lang/NoSuchMethodError'{0x0000000087e84c98}: 'java.lang.Object java.lang.invoke.DirectMethodHandle$Holder.invokeSpecial(java.lang.Object, java.lang.Object, java.lang.Object, java.lang.Object, java.lang.Object, java.lang.Object, java.lang.Object, java.lang.Object, java.lang.Object, java.lang.Object, java.lang.Object, java.lang.Object)'> (0x0000000087e84c98) thrown at [./src/hotspot/share/interpreter/linkResolver.cpp, line 773]
Event: 7.121 Thread 0x00000196a0289000 Exception <a 'java/lang/NoSuchMethodError'{0x0000000087e89dc0}: 'java.lang.Object java.lang.invoke.Invokers$Holder.linkToTargetMethod(java.lang.Object, java.lang.Object, java.lang.Object, java.lang.Object, java.lang.Object, java.lang.Object, java.lang.Object, java.lang.Object, java.lang.Object, java.lang.Object, java.lang.Object)'> (0x0000000087e89dc0) thrown at [./src/hotspot/share/interpreter/linkResolver.cpp, line 773]
Event: 7.151 Thread 0x00000196a0289000 Exception <a 'java/lang/NoSuchMethodError'{0x0000000087d80bb0}: 'java.lang.Object java.lang.invoke.DirectMethodHandle$Holder.invokeSpecial(java.lang.Object, java.lang.Object, java.lang.Object, java.lang.Object, java.lang.Object, java.lang.Object, java.lang.Object, java.lang.Object, java.lang.Object, java.lang.Object, java.lang.Object, java.lang.Object, java.lang.Object, java.lang.Object)'> (0x0000000087d80bb0) thrown at [./src/hotspot/share/interpreter/linkResolver.cpp, line 773]
Event: 7.154 Thread 0x00000196a0289000 Exception <a 'java/lang/NoSuchMethodError'{0x0000000087d921a8}: 'java.lang.Object java.lang.invoke.Invokers$Holder.linkToTargetMethod(java.lang.Object, java.lang.Object, java.lang.Object, java.lang.Object, java.lang.Object, java.lang.Object, java.lang.Object, java.lang.Object, java.lang.Object, java.lang.Object, java.lang.Object, java.lang.Object)'> (0x0000000087d921a8) thrown at [./src/hotspot/share/interpreter/linkResolver.cpp, line 773]
Event: 7.171 Thread 0x00000196a0289000 Exception <a 'java/lang/NoSuchMethodError'{0x0000000087c0b3f0}: 'java.lang.Object java.lang.invoke.DirectMethodHandle$Holder.invokeStaticInit(java.lang.Object, java.lang.Object, java.lang.Object, java.lang.Object)'> (0x0000000087c0b3f0) thrown at [./src/hotspot/share/interpreter/linkResolver.cpp, line 773]
Event: 8.089 Thread 0x00000196a0289000 Exception <a 'java/lang/NoSuchMethodError'{0x00000000868e4f60}: 'void java.lang.invoke.DirectMethodHandle$Holder.invokeStaticInit(java.lang.Object, java.lang.Object)'> (0x00000000868e4f60) thrown at [./src/hotspot/share/interpreter/linkResolver.cpp, line 773]

Events (20 events):
Event: 8.541 loading class java/time/chrono/Era
Event: 8.541 loading class java/time/chrono/Era done
Event: 8.542 loading class java/time/zone/ZoneRules
Event: 8.543 loading class java/time/zone/ZoneRules done
Event: 8.543 loading class java/time/format/TextStyle
Event: 8.543 loading class java/time/format/TextStyle done
Event: 8.550 loading class java/time/format/ResolverStyle
Event: 8.550 loading class java/time/format/ResolverStyle done
Event: 8.554 loading class groovy/lang/Binding
Event: 8.554 loading class groovy/lang/Binding done
Event: 8.559 loading class groovy/io/FileVisitResult
Event: 8.559 loading class groovy/io/FileVisitResult done
Event: 8.560 loading class java/nio/file/WatchService
Event: 8.560 loading class java/nio/file/WatchService done
Event: 8.560 loading class java/nio/file/WatchEvent$Kind
Event: 8.560 loading class java/nio/file/WatchEvent$Kind done
Event: 8.560 loading class java/nio/file/WatchEvent$Modifier
Event: 8.560 loading class java/nio/file/WatchEvent$Modifier done
Event: 8.560 loading class java/nio/file/WatchKey
Event: 8.560 loading class java/nio/file/WatchKey done


Dynamic libraries:
0x00007ff762da0000 - 0x00007ff762daa000 	C:\Program Files\Android\Android Studio\jre\bin\java.exe
0x00007ffbbe9f0000 - 0x00007ffbbebe5000 	C:\Windows\SYSTEM32\ntdll.dll
0x00007ffbbdb30000 - 0x00007ffbbdbed000 	C:\Windows\System32\KERNEL32.DLL
0x00007ffbbc130000 - 0x00007ffbbc3f8000 	C:\Windows\System32\KERNELBASE.dll
0x00007ffbbc6f0000 - 0x00007ffbbc7f0000 	C:\Windows\System32\ucrtbase.dll
0x00007ffbacd60000 - 0x00007ffbacd77000 	C:\Program Files\Android\Android Studio\jre\bin\VCRUNTIME140.dll
0x00007ffba9ad0000 - 0x00007ffba9ae9000 	C:\Program Files\Android\Android Studio\jre\bin\jli.dll
0x00007ffbbddd0000 - 0x00007ffbbdf70000 	C:\Windows\System32\USER32.dll
0x00007ffbbc4b0000 - 0x00007ffbbc4d2000 	C:\Windows\System32\win32u.dll
0x00007ffbad4d0000 - 0x00007ffbad76a000 	C:\Windows\WinSxS\amd64_microsoft.windows.common-controls_6595b64144ccf1df_6.0.19041.844_none_ca00b6081b84eb1d\COMCTL32.dll
0x00007ffbbca50000 - 0x00007ffbbca7a000 	C:\Windows\System32\GDI32.dll
0x00007ffbbdf80000 - 0x00007ffbbe01e000 	C:\Windows\System32\msvcrt.dll
0x00007ffbbc4e0000 - 0x00007ffbbc5eb000 	C:\Windows\System32\gdi32full.dll
0x00007ffbbc650000 - 0x00007ffbbc6ed000 	C:\Windows\System32\msvcp_win.dll
0x00007ffbbe190000 - 0x00007ffbbe1c0000 	C:\Windows\System32\IMM32.DLL
0x00007ffbbbf40000 - 0x00007ffbbbf71000 	C:\Windows\system32\nvinitx.dll
0x00007ffbbca80000 - 0x00007ffbbcb2c000 	C:\Windows\System32\ADVAPI32.dll
0x00007ffbbe1c0000 - 0x00007ffbbe25b000 	C:\Windows\System32\sechost.dll
0x00007ffbbccc0000 - 0x00007ffbbcdeb000 	C:\Windows\System32\RPCRT4.dll
0x00007ffbbbf30000 - 0x00007ffbbbf3a000 	C:\Windows\SYSTEM32\VERSION.dll
0x000000000f000000 - 0x000000000f006000 	C:\Program Files\NVIDIA Corporation\CoProcManager\_etoured.dll
0x00007ffbb7cc0000 - 0x00007ffbb7cf2000 	C:\Program Files\NVIDIA Corporation\CoProcManager\nvd3d9wrapx.dll
0x00007ffbbd2f0000 - 0x00007ffbbd759000 	C:\Windows\System32\SETUPAPI.dll
0x00007ffbbc980000 - 0x00007ffbbc9ce000 	C:\Windows\System32\cfgmgr32.dll
0x00007ffbbc7f0000 - 0x00007ffbbc817000 	C:\Windows\System32\bcrypt.dll
0x00007ffbb7c90000 - 0x00007ffbb7cb2000 	C:\Program Files\NVIDIA Corporation\CoProcManager\nvdxgiwrapx.dll
0x00007ffb98730000 - 0x00007ffb987cd000 	C:\Program Files\Android\Android Studio\jre\bin\msvcp140.dll
0x00007ffb973c0000 - 0x00007ffb97e7c000 	C:\Program Files\Android\Android Studio\jre\bin\server\jvm.dll
0x00007ffbbdf70000 - 0x00007ffbbdf78000 	C:\Windows\System32\PSAPI.DLL
0x00007ffbb57b0000 - 0x00007ffbb57b9000 	C:\Windows\SYSTEM32\WSOCK32.dll
0x00007ffbab820000 - 0x00007ffbab847000 	C:\Windows\SYSTEM32\WINMM.dll
0x00007ffbbd190000 - 0x00007ffbbd1fb000 	C:\Windows\System32\WS2_32.dll
0x00007ffbba030000 - 0x00007ffbba042000 	C:\Windows\SYSTEM32\kernel.appcore.dll
0x00007ffbb5790000 - 0x00007ffbb57a1000 	C:\Program Files\Android\Android Studio\jre\bin\verify.dll
0x00007ffba85a0000 - 0x00007ffba8784000 	C:\Windows\SYSTEM32\DBGHELP.DLL
0x00007ffba8490000 - 0x00007ffba84bc000 	C:\Windows\SYSTEM32\dbgcore.DLL
0x00007ffbbc9d0000 - 0x00007ffbbca50000 	C:\Windows\System32\bcryptPrimitives.dll
0x00007ffbb2580000 - 0x00007ffbb25a9000 	C:\Program Files\Android\Android Studio\jre\bin\java.dll
0x00007ffbb5780000 - 0x00007ffbb578b000 	C:\Program Files\Android\Android Studio\jre\bin\jimage.dll
0x00007ffbb2560000 - 0x00007ffbb2578000 	C:\Program Files\Android\Android Studio\jre\bin\zip.dll
0x00007ffbbe260000 - 0x00007ffbbe9a2000 	C:\Windows\System32\SHELL32.dll
0x00007ffbba230000 - 0x00007ffbba9c0000 	C:\Windows\SYSTEM32\windows.storage.dll
0x00007ffbbd770000 - 0x00007ffbbdac5000 	C:\Windows\System32\combase.dll
0x00007ffbbba80000 - 0x00007ffbbbaac000 	C:\Windows\SYSTEM32\Wldp.dll
0x00007ffbbdd20000 - 0x00007ffbbddce000 	C:\Windows\System32\SHCORE.dll
0x00007ffbbdad0000 - 0x00007ffbbdb25000 	C:\Windows\System32\shlwapi.dll
0x00007ffbbc070000 - 0x00007ffbbc08f000 	C:\Windows\SYSTEM32\profapi.dll
0x00007ffbb2500000 - 0x00007ffbb251a000 	C:\Program Files\Android\Android Studio\jre\bin\net.dll
0x00007ffbad2e0000 - 0x00007ffbad3eb000 	C:\Windows\SYSTEM32\WINHTTP.dll
0x00007ffbbb7f0000 - 0x00007ffbbb85a000 	C:\Windows\system32\mswsock.dll
0x00007ffbb24e0000 - 0x00007ffbb24f4000 	C:\Program Files\Android\Android Studio\jre\bin\nio.dll
0x00007ffbb5740000 - 0x00007ffbb5767000 	C:\Users\mila_\.gradle\native\fdc75f09e3144964f2cf3f50f0aa648679c211496f362492102eb8c894070792\windows-amd64\native-platform.dll
0x00007ffb99050000 - 0x00007ffb991e6000 	C:\Users\mila_\.gradle\native\12488b8bf47d2d4c9fbf2f6322a914ad602e24e48041cd04a747c6da556b65c4\windows-amd64\native-platform-file-events.dll
0x00007ffbb5770000 - 0x00007ffbb577a000 	C:\Program Files\Android\Android Studio\jre\bin\management.dll
0x00007ffbb24d0000 - 0x00007ffbb24dc000 	C:\Program Files\Android\Android Studio\jre\bin\management_ext.dll
0x00007ffbbb9d0000 - 0x00007ffbbb9e8000 	C:\Windows\SYSTEM32\CRYPTSP.dll
0x00007ffbbb190000 - 0x00007ffbbb1c4000 	C:\Windows\system32\rsaenh.dll
0x00007ffbbc030000 - 0x00007ffbbc05e000 	C:\Windows\SYSTEM32\USERENV.dll
0x00007ffbbb9c0000 - 0x00007ffbbb9cc000 	C:\Windows\SYSTEM32\CRYPTBASE.dll
0x00007ffbbb4e0000 - 0x00007ffbbb51b000 	C:\Windows\SYSTEM32\IPHLPAPI.DLL
0x00007ffbbccb0000 - 0x00007ffbbccb8000 	C:\Windows\System32\NSI.dll
0x00007ffbadbf0000 - 0x00007ffbadc07000 	C:\Windows\SYSTEM32\dhcpcsvc6.DLL
0x00007ffbaec50000 - 0x00007ffbaec6d000 	C:\Windows\SYSTEM32\dhcpcsvc.DLL
0x00007ffbbb520000 - 0x00007ffbbb5ec000 	C:\Windows\SYSTEM32\DNSAPI.dll
0x00007ffbb29d0000 - 0x00007ffbb29db000 	C:\Windows\SYSTEM32\WINNSI.DLL

dbghelp: loaded successfully - version: 4.0.5 - missing functions: none
symbol engine: initialized successfully - sym options: 0x614 - pdb path: .;C:\Program Files\Android\Android Studio\jre\bin;C:\Windows\SYSTEM32;C:\Windows\WinSxS\amd64_microsoft.windows.common-controls_6595b64144ccf1df_6.0.19041.844_none_ca00b6081b84eb1d;C:\Program Files\NVIDIA Corporation\CoProcManager;C:\Program Files\Android\Android Studio\jre\bin\server;C:\Users\mila_\.gradle\native\fdc75f09e3144964f2cf3f50f0aa648679c211496f362492102eb8c894070792\windows-amd64;C:\Users\mila_\.gradle\native\12488b8bf47d2d4c9fbf2f6322a914ad602e24e48041cd04a747c6da556b65c4\windows-amd64

VM Arguments:
jvm_args: --add-opens=java.base/java.util=ALL-UNNAMED --add-opens=java.base/java.lang=ALL-UNNAMED --add-opens=java.base/java.lang.invoke=ALL-UNNAMED --add-opens=java.prefs/java.util.prefs=ALL-UNNAMED -Xmx2048m -Dfile.encoding=UTF-8 -Duser.country=BR -Duser.language=pt -Duser.variant 
java_command: org.gradle.launcher.daemon.bootstrap.GradleDaemon 6.7.1
java_class_path (initial): C:\Users\mila_\.gradle\wrapper\dists\gradle-6.7.1-bin\bwlcbys1h7rz3272sye1xwiv6\gradle-6.7.1\lib\gradle-launcher-6.7.1.jar
Launcher Type: SUN_STANDARD

[Global flags]
     intx CICompilerCount                          = 3                                         {product} {ergonomic}
     uint ConcGCThreads                            = 1                                         {product} {ergonomic}
     uint G1ConcRefinementThreads                  = 4                                         {product} {ergonomic}
   size_t G1HeapRegionSize                         = 1048576                                   {product} {ergonomic}
    uintx GCDrainStackTargetSize                   = 64                                        {product} {ergonomic}
   size_t InitialHeapSize                          = 134217728                                 {product} {ergonomic}
   size_t MarkStackSize                            = 4194304                                   {product} {ergonomic}
   size_t MaxHeapSize                              = 2147483648                                {product} {command line}
   size_t MaxNewSize                               = 1287651328                                {product} {ergonomic}
   size_t MinHeapDeltaBytes                        = 1048576                                   {product} {ergonomic}
    uintx NonNMethodCodeHeapSize                   = 5830732                                {pd product} {ergonomic}
    uintx NonProfiledCodeHeapSize                  = 122913754                              {pd product} {ergonomic}
    uintx ProfiledCodeHeapSize                     = 122913754                              {pd product} {ergonomic}
    uintx ReservedCodeCacheSize                    = 251658240                              {pd product} {ergonomic}
     bool SegmentedCodeCache                       = true                                      {product} {ergonomic}
     bool UseCompressedClassPointers               = true                                 {lp64_product} {ergonomic}
     bool UseCompressedOops                        = true                                 {lp64_product} {ergonomic}
     bool UseG1GC                                  = true                                      {product} {ergonomic}
     bool UseLargePagesIndividualAllocation        = false                                  {pd product} {ergonomic}

Logging:
Log output configuration:
 #0: stdout all=warning uptime,level,tags
 #1: stderr all=off uptime,level,tags

Environment Variables:
PATH=C:\Program Files\Common Files\Oracle\Java\javapath;C:\Program Files (x86)\Common Files\Oracle\Java\javapath;C:\Windows\system32;C:\Windows;C:\Windows\System32\Wbem;C:\Windows\System32\WindowsPowerShell\v1.0\;C:\Windows\System32\OpenSSH\;C:\Program Files\dotnet\;C:\Program Files\Microsoft SQL Server\130\Tools\Binn\;C:\Program Files\Microsoft SQL Server\Client SDK\ODBC\170\Tools\Binn\;C:\Program Files\Git\cmd;C:\Program Files\MySQL\MySQL Shell 8.0\bin\;C:\Users\mila_\AppData\Local\Microsoft\WindowsApps;C:\Users\mila_\.dotnet\tools
USERNAME=mila_
OS=Windows_NT
PROCESSOR_IDENTIFIER=Intel64 Family 6 Model 58 Stepping 9, GenuineIntel



---------------  S Y S T E M  ---------------

OS: Windows 10 , 64 bit Build 19041 (10.0.19041.928)
OS uptime: 0 days 7:30 hours

CPU:total 4 (initial active 4) (2 cores per cpu, 2 threads per core) family 6 model 58 stepping 9, cmov, cx8, fxsr, mmx, sse, sse2, sse3, ssse3, sse4.1, sse4.2, popcnt, avx, aes, clmul, erms, ht, tsc, tscinvbit, tscinv

Memory: 4k page, system-wide physical 8089M (928M free)
TotalPageFile size 8089M (AvailPageFile size 212M)
current process WorkingSet (physical memory assigned to process): 193M, peak: 193M
current process commit charge ("private bytes"): 277M, peak: 303M

vm_info: OpenJDK 64-Bit Server VM (11.0.8+10-b944.6842174) for windows-amd64 JRE (11.0.8+10-b944.6842174), built on Sep 19 2020 01:11:42 by "builder" with MS VC++ 14.0 (VS2015)

END.
