#
# There is insufficient memory for the Java Runtime Environment to continue.
# Native memory allocation (malloc) failed to allocate 931376 bytes for Chunk::new
# Possible reasons:
#   The system is out of physical RAM or swap space
#   The process is running with CompressedOops enabled, and the Java Heap may be blocking the growth of the native heap
# Possible solutions:
#   Reduce memory load on the system
#   Increase physical memory or swap space
#   Check if swap backing store is full
#   Decrease Java heap size (-Xmx/-Xms)
#   Decrease number of Java threads
#   Decrease Java thread stack sizes (-Xss)
#   Set larger code cache with -XX:ReservedCodeCacheSize=
#   JVM is running with Unscaled Compressed Oops mode in which the Java heap is
#     placed in the first 4GB address space. The Java Heap base address is the
#     maximum limit for the native heap growth. Please use -XX:HeapBaseMinAddress
#     to set the Java Heap base and to place the Java Heap above 4GB virtual address.
# This output file may be truncated or incomplete.
#
#  Out of Memory Error (./src/hotspot/share/memory/arena.cpp:197), pid=6336, tid=9884
#
# JRE version: OpenJDK Runtime Environment (11.0.8+10) (build 11.0.8+10-b944.6842174)
# Java VM: OpenJDK 64-Bit Server VM (11.0.8+10-b944.6842174, mixed mode, tiered, compressed oops, g1 gc, windows-amd64)
# No core dump will be written. Minidumps are not enabled by default on client versions of Windows
#

---------------  S U M M A R Y ------------

Command Line: --add-opens=java.base/java.util=ALL-UNNAMED --add-opens=java.base/java.lang=ALL-UNNAMED --add-opens=java.base/java.lang.invoke=ALL-UNNAMED --add-opens=java.prefs/java.util.prefs=ALL-UNNAMED -Xmx2048m -Dfile.encoding=UTF-8 -Duser.country=BR -Duser.language=pt -Duser.variant org.gradle.launcher.daemon.bootstrap.GradleDaemon 6.7.1

Host: Intel(R) Core(TM) i5-3337U CPU @ 1.80GHz, 4 cores, 7G,  Windows 10 , 64 bit Build 19041 (10.0.19041.1023)
Time: Fri Jun 11 00:29:11 2021 Hora oficial do Brasil elapsed time: 34 seconds (0d 0h 0m 34s)

---------------  T H R E A D  ---------------

Current thread (0x000001cf44c3d800):  JavaThread "C2 CompilerThread0" daemon [_thread_in_native, id=9884, stack(0x0000002563500000,0x0000002563600000)]


Current CompileTask:
C2:  34480 9435       4       org.gradle.internal.snapshot.SnapshotUtil::getMetadataFromChildren (317 bytes)

Stack: [0x0000002563500000,0x0000002563600000]
Native frames: (J=compiled Java code, j=interpreted, Vv=VM code, C=native code)
V  [jvm.dll+0x5de50a]
V  [jvm.dll+0x7122f5]
V  [jvm.dll+0x71384d]
V  [jvm.dll+0x713f03]
V  [jvm.dll+0x23e728]
V  [jvm.dll+0xb899c]
V  [jvm.dll+0xb8e9c]
V  [jvm.dll+0x35024d]
V  [jvm.dll+0x193ebc]
V  [jvm.dll+0x1f780e]
V  [jvm.dll+0x1f68d4]
V  [jvm.dll+0x17f32c]
V  [jvm.dll+0x205047]
V  [jvm.dll+0x203891]
V  [jvm.dll+0x6dad3f]
V  [jvm.dll+0x6d3895]
V  [jvm.dll+0x5dd4a6]
C  [ucrtbase.dll+0x21bb2]
C  [KERNEL32.DLL+0x17034]
C  [ntdll.dll+0x52651]


---------------  P R O C E S S  ---------------

Threads class SMR info:
_java_thread_list=0x000001cf4c1f3190, length=142, elements={
0x000001cf2b1c8000, 0x000001cf44c24800, 0x000001cf44c26800, 0x000001cf44c38000,
0x000001cf44c39000, 0x000001cf44c3d800, 0x000001cf44c3e800, 0x000001cf45508800,
0x000001cf455fa000, 0x000001cf45614000, 0x000001cf46404000, 0x000001cf461ec000,
0x000001cf4648f800, 0x000001cf46181800, 0x000001cf46193000, 0x000001cf46f30000,
0x000001cf46f2c800, 0x000001cf475ce000, 0x000001cf4764e800, 0x000001cf464e2800,
0x000001cf46f25800, 0x000001cf46f26800, 0x000001cf46f24000, 0x000001cf46f25000,
0x000001cf46f20800, 0x000001cf46f27000, 0x000001cf46f22800, 0x000001cf46f21800,
0x000001cf47933000, 0x000001cf47934000, 0x000001cf47935000, 0x000001cf47930000,
0x000001cf4792f000, 0x000001cf47930800, 0x000001cf47931800, 0x000001cf49c54000,
0x000001cf49c53800, 0x000001cf49c55000, 0x000001cf49c4f800, 0x000001cf49c56000,
0x000001cf49c50000, 0x000001cf49c52800, 0x000001cf49c56800, 0x000001cf49c51000,
0x000001cf49c57800, 0x000001cf49c51800, 0x000001cf49c5d000, 0x000001cf49c5c800,
0x000001cf49c5a000, 0x000001cf49c5b800, 0x000001cf49c5e000, 0x000001cf49c58800,
0x000001cf49c59000, 0x000001cf49c5a800, 0x000001cf4b61d000, 0x000001cf4b61a800,
0x000001cf4b61d800, 0x000001cf4b61b000, 0x000001cf4b619800, 0x000001cf4b61e800,
0x000001cf4b618800, 0x000001cf4b621000, 0x000001cf4b61f800, 0x000001cf4b620000,
0x000001cf4b621800, 0x000001cf4b61c000, 0x000001cf4b624000, 0x000001cf4b622800,
0x000001cf4b623800, 0x000001cf4b627800, 0x000001cf4b625000, 0x000001cf4b626800,
0x000001cf4b626000, 0x000001cf4b629800, 0x000001cf4b62a800, 0x000001cf4b62b000,
0x000001cf4b62c000, 0x000001cf4b628800, 0x000001cf4b62d800, 0x000001cf4b62f800,
0x000001cf4b62e800, 0x000001cf4b630000, 0x000001cf4b631000, 0x000001cf4b631800,
0x000001cf4b632800, 0x000001cf4b62d000, 0x000001cf4b636000, 0x000001cf4b633800,
0x000001cf4b636800, 0x000001cf4b637800, 0x000001cf4b634000, 0x000001cf4b635000,
0x000001cf4b63e800, 0x000001cf4b638800, 0x000001cf4b63c000, 0x000001cf4b63a800,
0x000001cf4b63d000, 0x000001cf4b63d800, 0x000001cf4b63f800, 0x000001cf4b639800,
0x000001cf4b640000, 0x000001cf4b641000, 0x000001cf4b63b000, 0x000001cf4b641800,
0x000001cf4b647800, 0x000001cf4b644000, 0x000001cf4b645000, 0x000001cf4b646800,
0x000001cf4b642800, 0x000001cf4b646000, 0x000001cf4b643800, 0x000001cf49b93800,
0x000001cf49b96000, 0x000001cf49b96800, 0x000001cf49b91000, 0x000001cf49b97800,
0x000001cf49b91800, 0x000001cf49b98000, 0x000001cf49b92800, 0x000001cf49b9a000,
0x000001cf49b99000, 0x000001cf49b94000, 0x000001cf49b9a800, 0x000001cf49b95000,
0x000001cf49b9e000, 0x000001cf49b9c800, 0x000001cf49b9b800, 0x000001cf49b9f000,
0x000001cf49b9d000, 0x000001cf49b9f800, 0x000001cf47edd000, 0x000001cf47ede800,
0x000001cf47edf800, 0x000001cf47ee2000, 0x000001cf47ee0800, 0x000001cf47ee1000,
0x000001cf47edc800, 0x000001cf47ee6000, 0x000001cf47ee3800, 0x000001cf47ede000,
0x000001cf47ee4800, 0x000001cf47ee5800
}

Java Threads: ( => current thread )
  0x000001cf2b1c8000 JavaThread "main" [_thread_blocked, id=8720, stack(0x0000002562a00000,0x0000002562b00000)]
  0x000001cf44c24800 JavaThread "Reference Handler" daemon [_thread_blocked, id=7500, stack(0x0000002563100000,0x0000002563200000)]
  0x000001cf44c26800 JavaThread "Finalizer" daemon [_thread_blocked, id=596, stack(0x0000002563200000,0x0000002563300000)]
  0x000001cf44c38000 JavaThread "Signal Dispatcher" daemon [_thread_blocked, id=9728, stack(0x0000002563300000,0x0000002563400000)]
  0x000001cf44c39000 JavaThread "Attach Listener" daemon [_thread_blocked, id=7208, stack(0x0000002563400000,0x0000002563500000)]
=>0x000001cf44c3d800 JavaThread "C2 CompilerThread0" daemon [_thread_in_native, id=9884, stack(0x0000002563500000,0x0000002563600000)]
  0x000001cf44c3e800 JavaThread "C1 CompilerThread0" daemon [_thread_in_vm, id=9408, stack(0x0000002563600000,0x0000002563700000)]
  0x000001cf45508800 JavaThread "Sweeper thread" daemon [_thread_blocked, id=6436, stack(0x0000002563700000,0x0000002563800000)]
  0x000001cf455fa000 JavaThread "Common-Cleaner" daemon [_thread_blocked, id=10180, stack(0x0000002563800000,0x0000002563900000)]
  0x000001cf45614000 JavaThread "Service Thread" daemon [_thread_blocked, id=9256, stack(0x0000002563900000,0x0000002563a00000)]
  0x000001cf46404000 JavaThread "Daemon health stats" [_thread_blocked, id=4976, stack(0x0000002563e00000,0x0000002563f00000)]
  0x000001cf461ec000 JavaThread "Incoming local TCP Connector on port 59350" [_thread_in_native, id=548, stack(0x0000002564000000,0x0000002564100000)]
  0x000001cf4648f800 JavaThread "Daemon periodic checks" [_thread_blocked, id=3604, stack(0x0000002564100000,0x0000002564200000)]
  0x000001cf46181800 JavaThread "Daemon" [_thread_blocked, id=8952, stack(0x0000002564200000,0x0000002564300000)]
  0x000001cf46193000 JavaThread "Handler for socket connection from /127.0.0.1:59350 to /127.0.0.1:59351" [_thread_in_native, id=8596, stack(0x0000002564300000,0x0000002564400000)]
  0x000001cf46f30000 JavaThread "Cancel handler" [_thread_blocked, id=7076, stack(0x0000002564400000,0x0000002564500000)]
  0x000001cf46f2c800 JavaThread "Daemon worker" [_thread_blocked, id=6572, stack(0x0000002564500000,0x0000002564600000)]
  0x000001cf475ce000 JavaThread "Asynchronous log dispatcher for DefaultDaemonConnection: socket connection from /127.0.0.1:59350 to /127.0.0.1:59351" [_thread_blocked, id=1704, stack(0x0000002564600000,0x0000002564700000)]
  0x000001cf4764e800 JavaThread "Stdin handler" [_thread_blocked, id=6784, stack(0x0000002564700000,0x0000002564800000)]
  0x000001cf464e2800 JavaThread "Thread-8" [_thread_blocked, id=8144, stack(0x0000002564800000,0x0000002564900000)]
  0x000001cf46f25800 JavaThread "Cache worker for file hash cache (C:\Users\mila_\.gradle\caches\6.7.1\fileHashes)" [_thread_blocked, id=5292, stack(0x0000002564a00000,0x0000002564b00000)]
  0x000001cf46f26800 JavaThread "File lock request listener" [_thread_in_native, id=8740, stack(0x0000002564b00000,0x0000002564c00000)]
  0x000001cf46f24000 JavaThread "Cache worker for journal cache (C:\Users\mila_\.gradle\caches\journal-1)" [_thread_blocked, id=2500, stack(0x0000002564c00000,0x0000002564d00000)]
  0x000001cf46f25000 JavaThread "Cache worker for file hash cache (C:\Users\mila_\Documents\projetos-android-studio\appVolk\.gradle\6.7.1\fileHashes)" [_thread_blocked, id=10032, stack(0x0000002564e00000,0x0000002564f00000)]
  0x000001cf46f20800 JavaThread "Cache worker for checksums cache (C:\Users\mila_\Documents\projetos-android-studio\appVolk\.gradle\checksums)" [_thread_blocked, id=3504, stack(0x0000002564f00000,0x0000002565000000)]
  0x000001cf46f27000 JavaThread "Cache worker for cache directory md-supplier (C:\Users\mila_\.gradle\caches\6.7.1\md-supplier)" [_thread_blocked, id=1112, stack(0x0000002565000000,0x0000002565100000)]
  0x000001cf46f22800 JavaThread "Cache worker for cache directory md-rule (C:\Users\mila_\.gradle\caches\6.7.1\md-rule)" [_thread_blocked, id=5672, stack(0x0000002565100000,0x0000002565200000)]
  0x000001cf46f21800 JavaThread "Cache worker for execution history cache (C:\Users\mila_\.gradle\caches\6.7.1\executionHistory)" [_thread_blocked, id=476, stack(0x0000002565200000,0x0000002565300000)]
  0x000001cf47933000 JavaThread "jar transforms" [_thread_blocked, id=1740, stack(0x0000002565300000,0x0000002565400000)]
  0x000001cf47934000 JavaThread "Cache worker for file content cache (C:\Users\mila_\.gradle\caches\6.7.1\fileContent)" [_thread_blocked, id=6160, stack(0x0000002565400000,0x0000002565500000)]
  0x000001cf47935000 JavaThread "Cache worker for Build Output Cleanup Cache (C:\Users\mila_\Documents\projetos-android-studio\appVolk\.gradle\buildOutputCleanup)" [_thread_blocked, id=2328, stack(0x0000002565500000,0x0000002565600000)]
  0x000001cf47930000 JavaThread "Build operations" [_thread_blocked, id=5768, stack(0x0000002564d00000,0x0000002564e00000)]
  0x000001cf4792f000 JavaThread "Build operations Thread 2" [_thread_in_vm, id=9804, stack(0x0000002565600000,0x0000002565700000)]
  0x000001cf47930800 JavaThread "Build operations Thread 3" [_thread_in_Java, id=10052, stack(0x0000002565700000,0x0000002565800000)]
  0x000001cf47931800 JavaThread "Build operations Thread 4" [_thread_in_Java, id=9260, stack(0x0000002565800000,0x0000002565900000)]
  0x000001cf49c54000 JavaThread "jar transforms Thread 2" [_thread_blocked, id=6648, stack(0x0000002565900000,0x0000002565a00000)]
  0x000001cf49c53800 JavaThread "jar transforms Thread 3" [_thread_blocked, id=7832, stack(0x0000002565a00000,0x0000002565b00000)]
  0x000001cf49c55000 JavaThread "jar transforms Thread 4" [_thread_blocked, id=452, stack(0x0000002565b00000,0x0000002565c00000)]
  0x000001cf49c4f800 JavaThread "jar transforms Thread 5" [_thread_blocked, id=7800, stack(0x0000002565c00000,0x0000002565d00000)]
  0x000001cf49c56000 JavaThread "jar transforms Thread 6" [_thread_blocked, id=3476, stack(0x0000002565d00000,0x0000002565e00000)]
  0x000001cf49c50000 JavaThread "jar transforms Thread 7" [_thread_blocked, id=5184, stack(0x0000002565e00000,0x0000002565f00000)]
  0x000001cf49c52800 JavaThread "jar transforms Thread 8" [_thread_blocked, id=6240, stack(0x0000002565f00000,0x0000002566000000)]
  0x000001cf49c56800 JavaThread "jar transforms Thread 9" [_thread_blocked, id=4060, stack(0x0000002566000000,0x0000002566100000)]
  0x000001cf49c51000 JavaThread "jar transforms Thread 10" [_thread_blocked, id=5724, stack(0x0000002566100000,0x0000002566200000)]
  0x000001cf49c57800 JavaThread "jar transforms Thread 11" [_thread_blocked, id=7856, stack(0x0000002566200000,0x0000002566300000)]
  0x000001cf49c51800 JavaThread "jar transforms Thread 12" [_thread_blocked, id=6688, stack(0x0000002566300000,0x0000002566400000)]
  0x000001cf49c5d000 JavaThread "jar transforms Thread 13" [_thread_blocked, id=9808, stack(0x0000002566400000,0x0000002566500000)]
  0x000001cf49c5c800 JavaThread "jar transforms Thread 14" [_thread_blocked, id=6060, stack(0x0000002566500000,0x0000002566600000)]
  0x000001cf49c5a000 JavaThread "jar transforms Thread 15" [_thread_blocked, id=6736, stack(0x0000002566600000,0x0000002566700000)]
  0x000001cf49c5b800 JavaThread "jar transforms Thread 16" [_thread_blocked, id=6776, stack(0x0000002566700000,0x0000002566800000)]
  0x000001cf49c5e000 JavaThread "jar transforms Thread 17" [_thread_blocked, id=4904, stack(0x0000002566800000,0x0000002566900000)]
  0x000001cf49c58800 JavaThread "jar transforms Thread 18" [_thread_blocked, id=8308, stack(0x0000002566900000,0x0000002566a00000)]
  0x000001cf49c59000 JavaThread "jar transforms Thread 19" [_thread_blocked, id=5180, stack(0x0000002566a00000,0x0000002566b00000)]
  0x000001cf49c5a800 JavaThread "jar transforms Thread 20" [_thread_blocked, id=5884, stack(0x0000002566b00000,0x0000002566c00000)]
  0x000001cf4b61d000 JavaThread "jar transforms Thread 21" [_thread_blocked, id=8900, stack(0x0000002566c00000,0x0000002566d00000)]
  0x000001cf4b61a800 JavaThread "jar transforms Thread 22" [_thread_blocked, id=6292, stack(0x0000002566d00000,0x0000002566e00000)]
  0x000001cf4b61d800 JavaThread "jar transforms Thread 23" [_thread_blocked, id=6352, stack(0x0000002566e00000,0x0000002566f00000)]
  0x000001cf4b61b000 JavaThread "jar transforms Thread 24" [_thread_blocked, id=9120, stack(0x0000002566f00000,0x0000002567000000)]
  0x000001cf4b619800 JavaThread "jar transforms Thread 25" [_thread_blocked, id=1660, stack(0x0000002567000000,0x0000002567100000)]
  0x000001cf4b61e800 JavaThread "jar transforms Thread 26" [_thread_blocked, id=9312, stack(0x0000002567100000,0x0000002567200000)]
  0x000001cf4b618800 JavaThread "jar transforms Thread 27" [_thread_blocked, id=5552, stack(0x0000002567300000,0x0000002567400000)]
  0x000001cf4b621000 JavaThread "jar transforms Thread 28" [_thread_blocked, id=5220, stack(0x0000002567400000,0x0000002567500000)]
  0x000001cf4b61f800 JavaThread "jar transforms Thread 29" [_thread_blocked, id=8100, stack(0x0000002567500000,0x0000002567600000)]
  0x000001cf4b620000 JavaThread "jar transforms Thread 30" [_thread_blocked, id=3288, stack(0x0000002567600000,0x0000002567700000)]
  0x000001cf4b621800 JavaThread "jar transforms Thread 31" [_thread_blocked, id=1672, stack(0x0000002567700000,0x0000002567800000)]
  0x000001cf4b61c000 JavaThread "jar transforms Thread 32" [_thread_blocked, id=3404, stack(0x0000002567800000,0x0000002567900000)]
  0x000001cf4b624000 JavaThread "jar transforms Thread 33" [_thread_blocked, id=9112, stack(0x0000002567900000,0x0000002567a00000)]
  0x000001cf4b622800 JavaThread "jar transforms Thread 34" [_thread_blocked, id=1912, stack(0x0000002567a00000,0x0000002567b00000)]
  0x000001cf4b623800 JavaThread "jar transforms Thread 35" [_thread_blocked, id=8200, stack(0x0000002567b00000,0x0000002567c00000)]
  0x000001cf4b627800 JavaThread "jar transforms Thread 36" [_thread_blocked, id=1516, stack(0x0000002567c00000,0x0000002567d00000)]
  0x000001cf4b625000 JavaThread "jar transforms Thread 37" [_thread_blocked, id=7864, stack(0x0000002567d00000,0x0000002567e00000)]
  0x000001cf4b626800 JavaThread "jar transforms Thread 38" [_thread_blocked, id=1336, stack(0x0000002567e00000,0x0000002567f00000)]
  0x000001cf4b626000 JavaThread "jar transforms Thread 39" [_thread_blocked, id=2696, stack(0x0000002567f00000,0x0000002568000000)]
  0x000001cf4b629800 JavaThread "jar transforms Thread 40" [_thread_blocked, id=9588, stack(0x0000002568000000,0x0000002568100000)]
  0x000001cf4b62a800 JavaThread "jar transforms Thread 41" [_thread_blocked, id=2412, stack(0x0000002568100000,0x0000002568200000)]
  0x000001cf4b62b000 JavaThread "jar transforms Thread 42" [_thread_blocked, id=3320, stack(0x0000002568200000,0x0000002568300000)]
  0x000001cf4b62c000 JavaThread "jar transforms Thread 43" [_thread_blocked, id=1644, stack(0x0000002568300000,0x0000002568400000)]
  0x000001cf4b628800 JavaThread "jar transforms Thread 44" [_thread_blocked, id=10164, stack(0x0000002568400000,0x0000002568500000)]
  0x000001cf4b62d800 JavaThread "jar transforms Thread 45" [_thread_blocked, id=8172, stack(0x0000002568500000,0x0000002568600000)]
  0x000001cf4b62f800 JavaThread "jar transforms Thread 46" [_thread_blocked, id=108, stack(0x0000002568600000,0x0000002568700000)]
  0x000001cf4b62e800 JavaThread "jar transforms Thread 47" [_thread_blocked, id=580, stack(0x0000002568700000,0x0000002568800000)]
  0x000001cf4b630000 JavaThread "jar transforms Thread 48" [_thread_blocked, id=5392, stack(0x0000002568800000,0x0000002568900000)]
  0x000001cf4b631000 JavaThread "jar transforms Thread 49" [_thread_blocked, id=1092, stack(0x0000002568900000,0x0000002568a00000)]
  0x000001cf4b631800 JavaThread "jar transforms Thread 50" [_thread_blocked, id=3428, stack(0x0000002568a00000,0x0000002568b00000)]
  0x000001cf4b632800 JavaThread "jar transforms Thread 51" [_thread_blocked, id=7540, stack(0x0000002568b00000,0x0000002568c00000)]
  0x000001cf4b62d000 JavaThread "jar transforms Thread 52" [_thread_blocked, id=5752, stack(0x0000002568c00000,0x0000002568d00000)]
  0x000001cf4b636000 JavaThread "jar transforms Thread 53" [_thread_blocked, id=1192, stack(0x0000002568d00000,0x0000002568e00000)]
  0x000001cf4b633800 JavaThread "jar transforms Thread 54" [_thread_blocked, id=7448, stack(0x0000002568e00000,0x0000002568f00000)]
  0x000001cf4b636800 JavaThread "jar transforms Thread 55" [_thread_blocked, id=6492, stack(0x0000002568f00000,0x0000002569000000)]
  0x000001cf4b637800 JavaThread "jar transforms Thread 56" [_thread_blocked, id=5712, stack(0x0000002569000000,0x0000002569100000)]
  0x000001cf4b634000 JavaThread "jar transforms Thread 57" [_thread_blocked, id=8008, stack(0x0000002569100000,0x0000002569200000)]
  0x000001cf4b635000 JavaThread "jar transforms Thread 58" [_thread_blocked, id=1056, stack(0x0000002569200000,0x0000002569300000)]
  0x000001cf4b63e800 JavaThread "jar transforms Thread 59" [_thread_blocked, id=916, stack(0x0000002569300000,0x0000002569400000)]
  0x000001cf4b638800 JavaThread "jar transforms Thread 60" [_thread_blocked, id=3300, stack(0x0000002569400000,0x0000002569500000)]
  0x000001cf4b63c000 JavaThread "jar transforms Thread 61" [_thread_blocked, id=9264, stack(0x0000002569500000,0x0000002569600000)]
  0x000001cf4b63a800 JavaThread "jar transforms Thread 62" [_thread_blocked, id=3204, stack(0x0000002569600000,0x0000002569700000)]
  0x000001cf4b63d000 JavaThread "jar transforms Thread 63" [_thread_blocked, id=5304, stack(0x0000002569700000,0x0000002569800000)]
  0x000001cf4b63d800 JavaThread "jar transforms Thread 64" [_thread_blocked, id=1268, stack(0x0000002569800000,0x0000002569900000)]
  0x000001cf4b63f800 JavaThread "jar transforms Thread 65" [_thread_blocked, id=1788, stack(0x0000002569900000,0x0000002569a00000)]
  0x000001cf4b639800 JavaThread "jar transforms Thread 66" [_thread_blocked, id=6744, stack(0x0000002569a00000,0x0000002569b00000)]
  0x000001cf4b640000 JavaThread "jar transforms Thread 67" [_thread_blocked, id=9992, stack(0x0000002569b00000,0x0000002569c00000)]
  0x000001cf4b641000 JavaThread "jar transforms Thread 68" [_thread_blocked, id=9368, stack(0x0000002569c00000,0x0000002569d00000)]
  0x000001cf4b63b000 JavaThread "jar transforms Thread 69" [_thread_blocked, id=9288, stack(0x0000002569d00000,0x0000002569e00000)]
  0x000001cf4b641800 JavaThread "jar transforms Thread 70" [_thread_blocked, id=10188, stack(0x0000002569e00000,0x0000002569f00000)]
  0x000001cf4b647800 JavaThread "jar transforms Thread 71" [_thread_blocked, id=10212, stack(0x0000002569f00000,0x000000256a000000)]
  0x000001cf4b644000 JavaThread "jar transforms Thread 72" [_thread_blocked, id=9324, stack(0x000000256a000000,0x000000256a100000)]
  0x000001cf4b645000 JavaThread "jar transforms Thread 73" [_thread_blocked, id=9388, stack(0x000000256a100000,0x000000256a200000)]
  0x000001cf4b646800 JavaThread "jar transforms Thread 74" [_thread_blocked, id=9964, stack(0x000000256a200000,0x000000256a300000)]
  0x000001cf4b642800 JavaThread "jar transforms Thread 75" [_thread_blocked, id=244, stack(0x000000256a300000,0x000000256a400000)]
  0x000001cf4b646000 JavaThread "jar transforms Thread 76" [_thread_blocked, id=4560, stack(0x000000256a400000,0x000000256a500000)]
  0x000001cf4b643800 JavaThread "jar transforms Thread 77" [_thread_blocked, id=6016, stack(0x000000256a500000,0x000000256a600000)]
  0x000001cf49b93800 JavaThread "jar transforms Thread 78" [_thread_blocked, id=6560, stack(0x000000256a600000,0x000000256a700000)]
  0x000001cf49b96000 JavaThread "jar transforms Thread 79" [_thread_blocked, id=5748, stack(0x000000256a700000,0x000000256a800000)]
  0x000001cf49b96800 JavaThread "jar transforms Thread 80" [_thread_blocked, id=4376, stack(0x000000256a800000,0x000000256a900000)]
  0x000001cf49b91000 JavaThread "jar transforms Thread 81" [_thread_blocked, id=7312, stack(0x000000256a900000,0x000000256aa00000)]
  0x000001cf49b97800 JavaThread "jar transforms Thread 82" [_thread_blocked, id=1884, stack(0x000000256aa00000,0x000000256ab00000)]
  0x000001cf49b91800 JavaThread "jar transforms Thread 83" [_thread_blocked, id=7804, stack(0x000000256ab00000,0x000000256ac00000)]
  0x000001cf49b98000 JavaThread "jar transforms Thread 84" [_thread_blocked, id=6320, stack(0x000000256ac00000,0x000000256ad00000)]
  0x000001cf49b92800 JavaThread "jar transforms Thread 85" [_thread_blocked, id=5296, stack(0x000000256ad00000,0x000000256ae00000)]
  0x000001cf49b9a000 JavaThread "jar transforms Thread 86" [_thread_blocked, id=5720, stack(0x000000256ae00000,0x000000256af00000)]
  0x000001cf49b99000 JavaThread "jar transforms Thread 87" [_thread_blocked, id=6440, stack(0x000000256af00000,0x000000256b000000)]
  0x000001cf49b94000 JavaThread "jar transforms Thread 88" [_thread_blocked, id=5984, stack(0x000000256b000000,0x000000256b100000)]
  0x000001cf49b9a800 JavaThread "jar transforms Thread 89" [_thread_blocked, id=7636, stack(0x000000256b100000,0x000000256b200000)]
  0x000001cf49b95000 JavaThread "jar transforms Thread 90" [_thread_blocked, id=8808, stack(0x000000256b200000,0x000000256b300000)]
  0x000001cf49b9e000 JavaThread "jar transforms Thread 91" [_thread_blocked, id=6052, stack(0x000000256b300000,0x000000256b400000)]
  0x000001cf49b9c800 JavaThread "jar transforms Thread 92" [_thread_blocked, id=8520, stack(0x000000256b400000,0x000000256b500000)]
  0x000001cf49b9b800 JavaThread "jar transforms Thread 93" [_thread_blocked, id=9092, stack(0x000000256b500000,0x000000256b600000)]
  0x000001cf49b9f000 JavaThread "jar transforms Thread 94" [_thread_blocked, id=1856, stack(0x000000256b600000,0x000000256b700000)]
  0x000001cf49b9d000 JavaThread "jar transforms Thread 95" [_thread_blocked, id=9172, stack(0x000000256b700000,0x000000256b800000)]
  0x000001cf49b9f800 JavaThread "jar transforms Thread 96" [_thread_blocked, id=5816, stack(0x000000256b800000,0x000000256b900000)]
  0x000001cf47edd000 JavaThread "jar transforms Thread 97" [_thread_blocked, id=8304, stack(0x000000256b900000,0x000000256ba00000)]
  0x000001cf47ede800 JavaThread "Memory manager" [_thread_blocked, id=8960, stack(0x000000256ba00000,0x000000256bb00000)]
  0x000001cf47edf800 JavaThread "build event listener" [_thread_blocked, id=7096, stack(0x000000256bb00000,0x000000256bc00000)]
  0x000001cf47ee2000 JavaThread "build event listener" [_thread_blocked, id=7468, stack(0x000000256bc00000,0x000000256bd00000)]
  0x000001cf47ee0800 JavaThread "Execution worker for ':'" [_thread_blocked, id=7860, stack(0x000000256bd00000,0x000000256be00000)]
  0x000001cf47ee1000 JavaThread "Execution worker for ':' Thread 2" [_thread_blocked, id=1020, stack(0x000000256be00000,0x000000256bf00000)]
  0x000001cf47edc800 JavaThread "Execution worker for ':' Thread 3" [_thread_blocked, id=3396, stack(0x000000256bf00000,0x000000256c000000)]
  0x000001cf47ee6000 JavaThread "Cache worker for execution history cache (C:\Users\mila_\Documents\projetos-android-studio\appVolk\.gradle\6.7.1\executionHistory)" [_thread_blocked, id=8676, stack(0x000000256c000000,0x000000256c100000)]
  0x000001cf47ee3800 JavaThread "WorkerExecutor Queue" [_thread_blocked, id=72, stack(0x000000256c100000,0x000000256c200000)]
  0x000001cf47ede000 JavaThread "WorkerExecutor Queue Thread 2" [_thread_blocked, id=7264, stack(0x000000256c200000,0x000000256c300000)]
  0x000001cf47ee4800 JavaThread "C2 CompilerThread1" daemon [_thread_in_native, id=6368, stack(0x0000002562800000,0x0000002562900000)]
  0x000001cf47ee5800 JavaThread "WorkerExecutor Queue Thread 3" [_thread_blocked, id=8672, stack(0x000000256c300000,0x000000256c400000)]

Other Threads:
  0x000001cf45447800 VMThread "VM Thread" [stack: 0x0000002563000000,0x0000002563100000] [id=1296]
  0x000001cf45617000 WatcherThread [stack: 0x0000002563a00000,0x0000002563b00000] [id=6072]
  0x000001cf2b1df000 GCTaskThread "GC Thread#0" [stack: 0x0000002562b00000,0x0000002562c00000] [id=4500]
  0x000001cf45fc6800 GCTaskThread "GC Thread#1" [stack: 0x0000002563c00000,0x0000002563d00000] [id=6348]
  0x000001cf459eb000 GCTaskThread "GC Thread#2" [stack: 0x0000002563d00000,0x0000002563e00000] [id=9296]
  0x000001cf46983800 GCTaskThread "GC Thread#3" [stack: 0x0000002564900000,0x0000002564a00000] [id=2204]
  0x000001cf2b20f000 ConcurrentGCThread "G1 Main Marker" [stack: 0x0000002562c00000,0x0000002562d00000] [id=7160]
  0x000001cf2b211000 ConcurrentGCThread "G1 Conc#0" [stack: 0x0000002562d00000,0x0000002562e00000] [id=4072]
  0x000001cf44a73800 ConcurrentGCThread "G1 Refine#0" [stack: 0x0000002562e00000,0x0000002562f00000] [id=2008]
  0x000001cf462cc800 ConcurrentGCThread "G1 Refine#1" [stack: 0x0000002567200000,0x0000002567300000] [id=7296]
  0x000001cf44a75000 ConcurrentGCThread "G1 Young RemSet Sampling" [stack: 0x0000002562f00000,0x0000002563000000] [id=10148]

Threads with active compile tasks:
C2 CompilerThread0  34546 9435       4       org.gradle.internal.snapshot.SnapshotUtil::getMetadataFromChildren (317 bytes)
C2 CompilerThread1  34546 9595       4       org.gradle.internal.snapshot.SearchUtil::binarySearch (160 bytes)

VM state:not at safepoint (normal execution)

VM Mutex/Monitor currently owned by a thread: None

Heap address: 0x0000000080000000, size: 2048 MB, Compressed Oops mode: 32-bit
Narrow klass base: 0x0000000000000000, Narrow klass shift: 3
Compressed class space size: 1073741824 Address: 0x0000000100000000

Heap:
 garbage-first heap   total 157696K, used 89195K [0x0000000080000000, 0x0000000100000000)
  region size 1024K, 21 young (21504K), 4 survivors (4096K)
 Metaspace       used 83469K, capacity 85435K, committed 85452K, reserved 1124352K
  class space    used 10764K, capacity 11451K, committed 11468K, reserved 1048576K
Heap Regions: E=young(eden), S=young(survivor), O=old, HS=humongous(starts), HC=humongous(continues), CS=collection set, F=free, A=archive, TAMS=top-at-mark-start (previous, next)
|   0|0x0000000080000000, 0x0000000080100000, 0x0000000080100000|100%| O|  |TAMS 0x0000000080100000, 0x0000000080000000| Untracked 
|   1|0x0000000080100000, 0x0000000080200000, 0x0000000080200000|100%| O|  |TAMS 0x0000000080200000, 0x0000000080100000| Untracked 
|   2|0x0000000080200000, 0x0000000080300000, 0x0000000080300000|100%| O|  |TAMS 0x0000000080300000, 0x0000000080200000| Untracked 
|   3|0x0000000080300000, 0x0000000080400000, 0x0000000080400000|100%|HS|  |TAMS 0x0000000080400000, 0x0000000080300000| Complete 
|   4|0x0000000080400000, 0x0000000080500000, 0x0000000080500000|100%|HC|  |TAMS 0x0000000080500000, 0x0000000080400000| Complete 
|   5|0x0000000080500000, 0x0000000080600000, 0x0000000080600000|100%|HC|  |TAMS 0x0000000080600000, 0x0000000080500000| Complete 
|   6|0x0000000080600000, 0x0000000080700000, 0x0000000080700000|100%| O|  |TAMS 0x0000000080700000, 0x0000000080600000| Untracked 
|   7|0x0000000080700000, 0x0000000080800000, 0x0000000080800000|100%| O|  |TAMS 0x0000000080800000, 0x0000000080700000| Untracked 
|   8|0x0000000080800000, 0x0000000080900000, 0x0000000080900000|100%| O|  |TAMS 0x0000000080900000, 0x0000000080800000| Untracked 
|   9|0x0000000080900000, 0x0000000080a00000, 0x0000000080a00000|100%| O|  |TAMS 0x0000000080a00000, 0x0000000080900000| Untracked 
|  10|0x0000000080a00000, 0x0000000080b00000, 0x0000000080b00000|100%| O|  |TAMS 0x0000000080b00000, 0x0000000080a00000| Untracked 
|  11|0x0000000080b00000, 0x0000000080c00000, 0x0000000080c00000|100%| O|  |TAMS 0x0000000080c00000, 0x0000000080b00000| Untracked 
|  12|0x0000000080c00000, 0x0000000080d00000, 0x0000000080d00000|100%| O|  |TAMS 0x0000000080d00000, 0x0000000080c00000| Untracked 
|  13|0x0000000080d00000, 0x0000000080e00000, 0x0000000080e00000|100%| O|  |TAMS 0x0000000080e00000, 0x0000000080d00000| Untracked 
|  14|0x0000000080e00000, 0x0000000080f00000, 0x0000000080f00000|100%| O|  |TAMS 0x0000000080f00000, 0x0000000080e00000| Untracked 
|  15|0x0000000080f00000, 0x0000000081000000, 0x0000000081000000|100%| O|  |TAMS 0x0000000081000000, 0x0000000080f00000| Untracked 
|  16|0x0000000081000000, 0x0000000081100000, 0x0000000081100000|100%|HS|  |TAMS 0x0000000081100000, 0x0000000081000000| Complete 
|  17|0x0000000081100000, 0x0000000081200000, 0x0000000081200000|100%|HS|  |TAMS 0x0000000081200000, 0x0000000081100000| Complete 
|  18|0x0000000081200000, 0x0000000081300000, 0x0000000081300000|100%|HC|  |TAMS 0x0000000081300000, 0x0000000081200000| Complete 
|  19|0x0000000081300000, 0x0000000081400000, 0x0000000081400000|100%| O|  |TAMS 0x0000000081400000, 0x0000000081300000| Untracked 
|  20|0x0000000081400000, 0x0000000081500000, 0x0000000081500000|100%| O|  |TAMS 0x0000000081500000, 0x0000000081400000| Untracked 
|  21|0x0000000081500000, 0x0000000081600000, 0x0000000081600000|100%| O|  |TAMS 0x0000000081600000, 0x0000000081500000| Untracked 
|  22|0x0000000081600000, 0x0000000081700000, 0x0000000081700000|100%| O|  |TAMS 0x0000000081700000, 0x0000000081600000| Untracked 
|  23|0x0000000081700000, 0x0000000081800000, 0x0000000081800000|100%| O|  |TAMS 0x0000000081800000, 0x0000000081700000| Untracked 
|  24|0x0000000081800000, 0x0000000081900000, 0x0000000081900000|100%| O|  |TAMS 0x0000000081900000, 0x0000000081800000| Untracked 
|  25|0x0000000081900000, 0x0000000081a00000, 0x0000000081a00000|100%| O|  |TAMS 0x0000000081a00000, 0x0000000081900000| Untracked 
|  26|0x0000000081a00000, 0x0000000081b00000, 0x0000000081b00000|100%| O|  |TAMS 0x0000000081b00000, 0x0000000081a00000| Untracked 
|  27|0x0000000081b00000, 0x0000000081c00000, 0x0000000081c00000|100%| O|  |TAMS 0x0000000081c00000, 0x0000000081b00000| Untracked 
|  28|0x0000000081c00000, 0x0000000081d00000, 0x0000000081d00000|100%| O|  |TAMS 0x0000000081d00000, 0x0000000081c00000| Untracked 
|  29|0x0000000081d00000, 0x0000000081e00000, 0x0000000081e00000|100%| O|  |TAMS 0x0000000081e00000, 0x0000000081d00000| Untracked 
|  30|0x0000000081e00000, 0x0000000081f00000, 0x0000000081f00000|100%| O|  |TAMS 0x0000000081f00000, 0x0000000081e00000| Untracked 
|  31|0x0000000081f00000, 0x0000000082000000, 0x0000000082000000|100%| O|  |TAMS 0x0000000082000000, 0x0000000081f00000| Untracked 
|  32|0x0000000082000000, 0x0000000082100000, 0x0000000082100000|100%| O|  |TAMS 0x0000000082100000, 0x0000000082000000| Untracked 
|  33|0x0000000082100000, 0x0000000082200000, 0x0000000082200000|100%| O|  |TAMS 0x0000000082200000, 0x0000000082100000| Untracked 
|  34|0x0000000082200000, 0x0000000082300000, 0x0000000082300000|100%| O|  |TAMS 0x0000000082276600, 0x0000000082200000| Untracked 
|  35|0x0000000082300000, 0x0000000082400000, 0x0000000082400000|100%| O|  |TAMS 0x0000000082300000, 0x0000000082300000| Untracked 
|  36|0x0000000082400000, 0x0000000082500000, 0x0000000082500000|100%| O|  |TAMS 0x0000000082400000, 0x0000000082400000| Untracked 
|  37|0x0000000082500000, 0x0000000082600000, 0x0000000082600000|100%| O|  |TAMS 0x0000000082500000, 0x0000000082500000| Untracked 
|  38|0x0000000082600000, 0x0000000082700000, 0x0000000082700000|100%| O|  |TAMS 0x0000000082600000, 0x0000000082600000| Untracked 
|  39|0x0000000082700000, 0x0000000082800000, 0x0000000082800000|100%| O|  |TAMS 0x0000000082700000, 0x0000000082700000| Untracked 
|  40|0x0000000082800000, 0x0000000082900000, 0x0000000082900000|100%| O|  |TAMS 0x0000000082800000, 0x0000000082800000| Untracked 
|  41|0x0000000082900000, 0x0000000082a00000, 0x0000000082a00000|100%| O|  |TAMS 0x0000000082900000, 0x0000000082900000| Untracked 
|  42|0x0000000082a00000, 0x0000000082b00000, 0x0000000082b00000|100%| O|  |TAMS 0x0000000082a00000, 0x0000000082a00000| Untracked 
|  43|0x0000000082b00000, 0x0000000082c00000, 0x0000000082c00000|100%| O|  |TAMS 0x0000000082b00000, 0x0000000082b00000| Untracked 
|  44|0x0000000082c00000, 0x0000000082d00000, 0x0000000082d00000|100%| O|  |TAMS 0x0000000082c00000, 0x0000000082c00000| Untracked 
|  45|0x0000000082d00000, 0x0000000082e00000, 0x0000000082e00000|100%| O|  |TAMS 0x0000000082d00000, 0x0000000082d00000| Untracked 
|  46|0x0000000082e00000, 0x0000000082f00000, 0x0000000082f00000|100%| O|  |TAMS 0x0000000082e00000, 0x0000000082e00000| Untracked 
|  47|0x0000000082f00000, 0x0000000083000000, 0x0000000083000000|100%| O|  |TAMS 0x0000000082f00000, 0x0000000082f00000| Untracked 
|  48|0x0000000083000000, 0x0000000083100000, 0x0000000083100000|100%| O|  |TAMS 0x0000000083000000, 0x0000000083000000| Untracked 
|  49|0x0000000083100000, 0x0000000083200000, 0x0000000083200000|100%| O|  |TAMS 0x0000000083100000, 0x0000000083100000| Untracked 
|  50|0x0000000083200000, 0x0000000083300000, 0x0000000083300000|100%| O|  |TAMS 0x0000000083200000, 0x0000000083200000| Untracked 
|  51|0x0000000083300000, 0x0000000083400000, 0x0000000083400000|100%| O|  |TAMS 0x0000000083300000, 0x0000000083300000| Untracked 
|  52|0x0000000083400000, 0x0000000083500000, 0x0000000083500000|100%| O|  |TAMS 0x0000000083400000, 0x0000000083400000| Untracked 
|  53|0x0000000083500000, 0x0000000083600000, 0x0000000083600000|100%| O|  |TAMS 0x0000000083500000, 0x0000000083500000| Untracked 
|  54|0x0000000083600000, 0x0000000083700000, 0x0000000083700000|100%| O|  |TAMS 0x0000000083600000, 0x0000000083600000| Untracked 
|  55|0x0000000083700000, 0x0000000083800000, 0x0000000083800000|100%| O|  |TAMS 0x0000000083700000, 0x0000000083700000| Untracked 
|  56|0x0000000083800000, 0x0000000083900000, 0x0000000083900000|100%| O|  |TAMS 0x0000000083800000, 0x0000000083800000| Untracked 
|  57|0x0000000083900000, 0x0000000083a00000, 0x0000000083a00000|100%| O|  |TAMS 0x0000000083900000, 0x0000000083900000| Untracked 
|  58|0x0000000083a00000, 0x0000000083a80000, 0x0000000083b00000| 50%| O|  |TAMS 0x0000000083a00000, 0x0000000083a00000| Untracked 
|  59|0x0000000083b00000, 0x0000000083b00000, 0x0000000083c00000|  0%| F|  |TAMS 0x0000000083b00000, 0x0000000083b00000| Untracked 
|  60|0x0000000083c00000, 0x0000000083c00000, 0x0000000083d00000|  0%| F|  |TAMS 0x0000000083c00000, 0x0000000083c00000| Untracked 
|  61|0x0000000083d00000, 0x0000000083d00000, 0x0000000083e00000|  0%| F|  |TAMS 0x0000000083d00000, 0x0000000083d00000| Untracked 
|  62|0x0000000083e00000, 0x0000000083f00000, 0x0000000083f00000|100%| O|  |TAMS 0x0000000083e00000, 0x0000000083e00000| Untracked 
|  63|0x0000000083f00000, 0x0000000083f00000, 0x0000000084000000|  0%| F|  |TAMS 0x0000000083f00000, 0x0000000083f00000| Untracked 
|  64|0x0000000084000000, 0x0000000084000000, 0x0000000084100000|  0%| F|  |TAMS 0x0000000084000000, 0x0000000084000000| Untracked 
|  65|0x0000000084100000, 0x0000000084100000, 0x0000000084200000|  0%| F|  |TAMS 0x0000000084100000, 0x0000000084100000| Untracked 
|  66|0x0000000084200000, 0x0000000084200000, 0x0000000084300000|  0%| F|  |TAMS 0x0000000084200000, 0x0000000084200000| Untracked 
|  67|0x0000000084300000, 0x0000000084300000, 0x0000000084400000|  0%| F|  |TAMS 0x0000000084300000, 0x0000000084300000| Untracked 
|  68|0x0000000084400000, 0x0000000084400000, 0x0000000084500000|  0%| F|  |TAMS 0x0000000084400000, 0x0000000084400000| Untracked 
|  69|0x0000000084500000, 0x0000000084500000, 0x0000000084600000|  0%| F|  |TAMS 0x0000000084500000, 0x0000000084500000| Untracked 
|  70|0x0000000084600000, 0x0000000084600000, 0x0000000084700000|  0%| F|  |TAMS 0x0000000084600000, 0x0000000084600000| Untracked 
|  71|0x0000000084700000, 0x0000000084700000, 0x0000000084800000|  0%| F|  |TAMS 0x0000000084700000, 0x0000000084700000| Untracked 
|  72|0x0000000084800000, 0x0000000084800000, 0x0000000084900000|  0%| F|  |TAMS 0x0000000084800000, 0x0000000084800000| Untracked 
|  73|0x0000000084900000, 0x0000000084900000, 0x0000000084a00000|  0%| F|  |TAMS 0x0000000084900000, 0x0000000084900000| Untracked 
|  74|0x0000000084a00000, 0x0000000084a00000, 0x0000000084b00000|  0%| F|  |TAMS 0x0000000084a00000, 0x0000000084a00000| Untracked 
|  75|0x0000000084b00000, 0x0000000084b00000, 0x0000000084c00000|  0%| F|  |TAMS 0x0000000084b00000, 0x0000000084b00000| Untracked 
|  76|0x0000000084c00000, 0x0000000084d00000, 0x0000000084d00000|100%| O|  |TAMS 0x0000000084c00000, 0x0000000084c00000| Untracked 
|  77|0x0000000084d00000, 0x0000000084e00000, 0x0000000084e00000|100%| O|  |TAMS 0x0000000084d00000, 0x0000000084d00000| Untracked 
|  78|0x0000000084e00000, 0x0000000084f00000, 0x0000000084f00000|100%| O|  |TAMS 0x0000000084e00000, 0x0000000084e00000| Untracked 
|  79|0x0000000084f00000, 0x0000000085000000, 0x0000000085000000|100%| O|  |TAMS 0x0000000084f00000, 0x0000000084f00000| Untracked 
|  80|0x0000000085000000, 0x0000000085000000, 0x0000000085100000|  0%| F|  |TAMS 0x0000000085000000, 0x0000000085000000| Untracked 
|  81|0x0000000085100000, 0x0000000085100000, 0x0000000085200000|  0%| F|  |TAMS 0x0000000085100000, 0x0000000085100000| Untracked 
|  82|0x0000000085200000, 0x0000000085200000, 0x0000000085300000|  0%| F|  |TAMS 0x0000000085200000, 0x0000000085200000| Untracked 
|  83|0x0000000085300000, 0x0000000085300000, 0x0000000085400000|  0%| F|  |TAMS 0x0000000085300000, 0x0000000085300000| Untracked 
|  84|0x0000000085400000, 0x0000000085500000, 0x0000000085500000|100%| O|  |TAMS 0x0000000085400000, 0x0000000085400000| Untracked 
|  85|0x0000000085500000, 0x0000000085600000, 0x0000000085600000|100%| O|  |TAMS 0x0000000085500000, 0x0000000085500000| Untracked 
|  86|0x0000000085600000, 0x0000000085700000, 0x0000000085700000|100%| O|  |TAMS 0x0000000085600000, 0x0000000085600000| Untracked 
|  87|0x0000000085700000, 0x0000000085800000, 0x0000000085800000|100%| O|  |TAMS 0x0000000085700000, 0x0000000085700000| Untracked 
|  88|0x0000000085800000, 0x0000000085900000, 0x0000000085900000|100%| O|  |TAMS 0x0000000085800000, 0x0000000085800000| Untracked 
|  89|0x0000000085900000, 0x0000000085900000, 0x0000000085a00000|  0%| F|  |TAMS 0x0000000085900000, 0x0000000085900000| Untracked 
|  90|0x0000000085a00000, 0x0000000085a00000, 0x0000000085b00000|  0%| F|  |TAMS 0x0000000085a00000, 0x0000000085a00000| Untracked 
|  91|0x0000000085b00000, 0x0000000085b00000, 0x0000000085c00000|  0%| F|  |TAMS 0x0000000085b00000, 0x0000000085b00000| Untracked 
|  92|0x0000000085c00000, 0x0000000085c00000, 0x0000000085d00000|  0%| F|  |TAMS 0x0000000085c00000, 0x0000000085c00000| Untracked 
|  93|0x0000000085d00000, 0x0000000085d00000, 0x0000000085e00000|  0%| F|  |TAMS 0x0000000085d00000, 0x0000000085d00000| Untracked 
|  94|0x0000000085e00000, 0x0000000085e00000, 0x0000000085f00000|  0%| F|  |TAMS 0x0000000085e00000, 0x0000000085e00000| Untracked 
|  95|0x0000000085f00000, 0x0000000085f00000, 0x0000000086000000|  0%| F|  |TAMS 0x0000000085f00000, 0x0000000085f00000| Untracked 
|  96|0x0000000086000000, 0x0000000086000000, 0x0000000086100000|  0%| F|  |TAMS 0x0000000086000000, 0x0000000086000000| Untracked 
|  97|0x0000000086100000, 0x0000000086100000, 0x0000000086200000|  0%| F|  |TAMS 0x0000000086100000, 0x0000000086100000| Untracked 
|  98|0x0000000086200000, 0x000000008629aed0, 0x0000000086300000| 60%| S|CS|TAMS 0x0000000086200000, 0x0000000086200000| Complete 
|  99|0x0000000086300000, 0x0000000086400000, 0x0000000086400000|100%| S|CS|TAMS 0x0000000086300000, 0x0000000086300000| Complete 
| 100|0x0000000086400000, 0x0000000086500000, 0x0000000086500000|100%| S|CS|TAMS 0x0000000086400000, 0x0000000086400000| Complete 
| 101|0x0000000086500000, 0x0000000086600000, 0x0000000086600000|100%| S|CS|TAMS 0x0000000086500000, 0x0000000086500000| Complete 
| 102|0x0000000086600000, 0x0000000086600000, 0x0000000086700000|  0%| F|  |TAMS 0x0000000086600000, 0x0000000086600000| Untracked 
| 103|0x0000000086700000, 0x0000000086700000, 0x0000000086800000|  0%| F|  |TAMS 0x0000000086700000, 0x0000000086700000| Untracked 
| 104|0x0000000086800000, 0x0000000086800000, 0x0000000086900000|  0%| F|  |TAMS 0x0000000086800000, 0x0000000086800000| Untracked 
| 105|0x0000000086900000, 0x0000000086900000, 0x0000000086a00000|  0%| F|  |TAMS 0x0000000086900000, 0x0000000086900000| Untracked 
| 106|0x0000000086a00000, 0x0000000086a00000, 0x0000000086b00000|  0%| F|  |TAMS 0x0000000086a00000, 0x0000000086a00000| Untracked 
| 107|0x0000000086b00000, 0x0000000086b00000, 0x0000000086c00000|  0%| F|  |TAMS 0x0000000086b00000, 0x0000000086b00000| Untracked 
| 108|0x0000000086c00000, 0x0000000086c00000, 0x0000000086d00000|  0%| F|  |TAMS 0x0000000086c00000, 0x0000000086c00000| Untracked 
| 109|0x0000000086d00000, 0x0000000086d00000, 0x0000000086e00000|  0%| F|  |TAMS 0x0000000086d00000, 0x0000000086d00000| Untracked 
| 110|0x0000000086e00000, 0x0000000086e00000, 0x0000000086f00000|  0%| F|  |TAMS 0x0000000086e00000, 0x0000000086e00000| Untracked 
| 111|0x0000000086f00000, 0x0000000086f00000, 0x0000000087000000|  0%| F|  |TAMS 0x0000000086f00000, 0x0000000086f00000| Untracked 
| 112|0x0000000087000000, 0x0000000087000000, 0x0000000087100000|  0%| F|  |TAMS 0x0000000087000000, 0x0000000087000000| Untracked 
| 113|0x0000000087100000, 0x0000000087100000, 0x0000000087200000|  0%| F|  |TAMS 0x0000000087100000, 0x0000000087100000| Untracked 
| 114|0x0000000087200000, 0x0000000087200000, 0x0000000087300000|  0%| F|  |TAMS 0x0000000087200000, 0x0000000087200000| Untracked 
| 115|0x0000000087300000, 0x0000000087300000, 0x0000000087400000|  0%| F|  |TAMS 0x0000000087300000, 0x0000000087300000| Untracked 
| 116|0x0000000087400000, 0x0000000087400000, 0x0000000087500000|  0%| F|  |TAMS 0x0000000087400000, 0x0000000087400000| Untracked 
| 117|0x0000000087500000, 0x0000000087500000, 0x0000000087600000|  0%| F|  |TAMS 0x0000000087500000, 0x0000000087500000| Untracked 
| 118|0x0000000087600000, 0x0000000087600000, 0x0000000087700000|  0%| F|  |TAMS 0x0000000087600000, 0x0000000087600000| Untracked 
| 119|0x0000000087700000, 0x0000000087700000, 0x0000000087800000|  0%| F|  |TAMS 0x0000000087700000, 0x0000000087700000| Untracked 
| 120|0x0000000087800000, 0x0000000087800000, 0x0000000087900000|  0%| F|  |TAMS 0x0000000087800000, 0x0000000087800000| Untracked 
| 121|0x0000000087900000, 0x0000000087900000, 0x0000000087a00000|  0%| F|  |TAMS 0x0000000087900000, 0x0000000087900000| Untracked 
| 122|0x0000000087a00000, 0x0000000087a00000, 0x0000000087b00000|  0%| F|  |TAMS 0x0000000087a00000, 0x0000000087a00000| Untracked 
| 123|0x0000000087b00000, 0x0000000087b00000, 0x0000000087c00000|  0%| F|  |TAMS 0x0000000087b00000, 0x0000000087b00000| Untracked 
| 124|0x0000000087c00000, 0x0000000087c00000, 0x0000000087d00000|  0%| F|  |TAMS 0x0000000087c00000, 0x0000000087c00000| Untracked 
| 125|0x0000000087d00000, 0x0000000087d00000, 0x0000000087e00000|  0%| F|  |TAMS 0x0000000087d00000, 0x0000000087d00000| Untracked 
| 126|0x0000000087e00000, 0x0000000087e00000, 0x0000000087f00000|  0%| F|  |TAMS 0x0000000087e00000, 0x0000000087e00000| Untracked 
| 127|0x0000000087f00000, 0x0000000087f00000, 0x0000000088000000|  0%| F|  |TAMS 0x0000000087f00000, 0x0000000087f00000| Untracked 
| 128|0x0000000088000000, 0x0000000088000000, 0x0000000088100000|  0%| F|  |TAMS 0x0000000088000000, 0x0000000088000000| Untracked 
| 129|0x0000000088100000, 0x0000000088100000, 0x0000000088200000|  0%| F|  |TAMS 0x0000000088100000, 0x0000000088100000| Untracked 
| 130|0x0000000088200000, 0x0000000088200000, 0x0000000088300000|  0%| F|  |TAMS 0x0000000088200000, 0x0000000088200000| Untracked 
| 131|0x0000000088300000, 0x0000000088300000, 0x0000000088400000|  0%| F|  |TAMS 0x0000000088300000, 0x0000000088300000| Untracked 
| 132|0x0000000088400000, 0x0000000088400000, 0x0000000088500000|  0%| F|  |TAMS 0x0000000088400000, 0x0000000088400000| Untracked 
| 133|0x0000000088500000, 0x0000000088500000, 0x0000000088600000|  0%| F|  |TAMS 0x0000000088500000, 0x0000000088500000| Untracked 
| 134|0x0000000088600000, 0x0000000088600000, 0x0000000088700000|  0%| F|  |TAMS 0x0000000088600000, 0x0000000088600000| Untracked 
| 135|0x0000000088700000, 0x0000000088700000, 0x0000000088800000|  0%| F|  |TAMS 0x0000000088700000, 0x0000000088700000| Untracked 
| 136|0x0000000088800000, 0x0000000088805990, 0x0000000088900000|  2%| E|  |TAMS 0x0000000088800000, 0x0000000088800000| Complete 
| 137|0x0000000088900000, 0x0000000088a00000, 0x0000000088a00000|100%| E|CS|TAMS 0x0000000088900000, 0x0000000088900000| Complete 
| 138|0x0000000088a00000, 0x0000000088b00000, 0x0000000088b00000|100%| E|CS|TAMS 0x0000000088a00000, 0x0000000088a00000| Complete 
| 139|0x0000000088b00000, 0x0000000088c00000, 0x0000000088c00000|100%| E|CS|TAMS 0x0000000088b00000, 0x0000000088b00000| Complete 
| 140|0x0000000088c00000, 0x0000000088d00000, 0x0000000088d00000|100%| E|CS|TAMS 0x0000000088c00000, 0x0000000088c00000| Complete 
| 141|0x0000000088d00000, 0x0000000088e00000, 0x0000000088e00000|100%| E|CS|TAMS 0x0000000088d00000, 0x0000000088d00000| Complete 
| 142|0x0000000088e00000, 0x0000000088f00000, 0x0000000088f00000|100%| E|CS|TAMS 0x0000000088e00000, 0x0000000088e00000| Complete 
| 143|0x0000000088f00000, 0x0000000089000000, 0x0000000089000000|100%| E|CS|TAMS 0x0000000088f00000, 0x0000000088f00000| Complete 
| 144|0x0000000089000000, 0x0000000089100000, 0x0000000089100000|100%| E|CS|TAMS 0x0000000089000000, 0x0000000089000000| Complete 
| 145|0x0000000089100000, 0x0000000089200000, 0x0000000089200000|100%| E|  |TAMS 0x0000000089100000, 0x0000000089100000| Complete 
| 146|0x0000000089200000, 0x0000000089300000, 0x0000000089300000|100%| E|CS|TAMS 0x0000000089200000, 0x0000000089200000| Complete 
| 147|0x0000000089300000, 0x0000000089400000, 0x0000000089400000|100%| E|CS|TAMS 0x0000000089300000, 0x0000000089300000| Complete 
| 148|0x0000000089400000, 0x0000000089500000, 0x0000000089500000|100%| E|CS|TAMS 0x0000000089400000, 0x0000000089400000| Complete 
| 149|0x0000000089500000, 0x0000000089600000, 0x0000000089600000|100%| E|CS|TAMS 0x0000000089500000, 0x0000000089500000| Complete 
| 150|0x0000000089600000, 0x0000000089700000, 0x0000000089700000|100%| E|CS|TAMS 0x0000000089600000, 0x0000000089600000| Complete 
| 151|0x0000000089700000, 0x0000000089800000, 0x0000000089800000|100%| E|CS|TAMS 0x0000000089700000, 0x0000000089700000| Complete 
| 152|0x0000000089800000, 0x0000000089900000, 0x0000000089900000|100%| E|CS|TAMS 0x0000000089800000, 0x0000000089800000| Complete 
| 153|0x0000000089900000, 0x0000000089a00000, 0x0000000089a00000|100%| E|CS|TAMS 0x0000000089900000, 0x0000000089900000| Complete 

Card table byte_map: [0x000001cf3df10000,0x000001cf3e310000] _byte_map_base: 0x000001cf3db10000

Marking Bits (Prev, Next): (CMBitMap*) 0x000001cf2b2063b0, (CMBitMap*) 0x000001cf2b206378
 Prev Bits: [0x000001cf40710000, 0x000001cf42710000)
 Next Bits: [0x000001cf3e710000, 0x000001cf40710000)

Polling page: 0x000001cf29310000

Metaspace:

Usage:
  Non-class:     72.25 MB capacity,    71.00 MB ( 98%) used,     1.04 MB (  1%) free+waste,   208.38 KB ( <1%) overhead. 
      Class:     11.18 MB capacity,    10.51 MB ( 94%) used,   592.47 KB (  5%) free+waste,    94.06 KB ( <1%) overhead. 
       Both:     83.43 MB capacity,    81.52 MB ( 98%) used,     1.62 MB (  2%) free+waste,   302.44 KB ( <1%) overhead. 

Virtual space:
  Non-class space:       74.00 MB reserved,      72.25 MB ( 98%) committed 
      Class space:        1.00 GB reserved,      11.20 MB (  1%) committed 
             Both:        1.07 GB reserved,      83.45 MB (  8%) committed 

Chunk freelists:
   Non-Class:  0 bytes
       Class:  5.00 KB
        Both:  5.00 KB

MaxMetaspaceSize: 17179869184.00 GB
CompressedClassSpaceSize: 1.00 GB

CodeHeap 'non-profiled nmethods': size=120064Kb used=5460Kb max_used=5460Kb free=114604Kb
 bounds [0x000001cf365d0000, 0x000001cf36b30000, 0x000001cf3db10000]
CodeHeap 'profiled nmethods': size=120000Kb used=20701Kb max_used=20701Kb free=99299Kb
 bounds [0x000001cf2f0a0000, 0x000001cf304e0000, 0x000001cf365d0000]
CodeHeap 'non-nmethods': size=5696Kb used=2262Kb max_used=2303Kb free=3433Kb
 bounds [0x000001cf2eb10000, 0x000001cf2ed80000, 0x000001cf2f0a0000]
 total_blobs=10229 nmethods=9374 adapters=766
 compilation: enabled
              stopped_count=0, restarted_count=0
 full_count=0

Compilation events (20 events):
Event: 34.416 Thread 0x000001cf44c3e800 9621       3       org.gradle.api.internal.artifacts.transform.ConsumerProvidedVariantFinder$$Lambda$617/0x0000000100a25840::get$Lambda (11 bytes)
Event: 34.416 Thread 0x000001cf44c3e800 nmethod 9621 0x000001cf304c0810 code [0x000001cf304c09e0, 0x000001cf304c0cf8]
Event: 34.416 Thread 0x000001cf44c3e800 9622       3       org.gradle.api.internal.artifacts.transform.ConsumerProvidedVariantFinder$$Lambda$617/0x0000000100a25840::<init> (20 bytes)
Event: 34.416 Thread 0x000001cf44c3e800 nmethod 9622 0x000001cf304c0e10 code [0x000001cf304c0fc0, 0x000001cf304c1238]
Event: 34.416 Thread 0x000001cf44c3e800 9623       3       org.gradle.internal.component.model.VariantWithOverloadAttributes::hashCode (16 bytes)
Event: 34.417 Thread 0x000001cf44c3e800 nmethod 9623 0x000001cf304c1310 code [0x000001cf304c14e0, 0x000001cf304c1778]
Event: 34.417 Thread 0x000001cf44c3e800 9624       3       org.gradle.api.internal.artifacts.transform.DefaultTransformedVariantFactory$$Lambda$618/0x0000000100a25040::<init> (38 bytes)
Event: 34.418 Thread 0x000001cf44c3e800 nmethod 9624 0x000001cf304c1890 code [0x000001cf304c1a60, 0x000001cf304c1df8]
Event: 34.418 Thread 0x000001cf44c3e800 9625       3       com.google.common.collect.ImmutableList::contains (14 bytes)
Event: 34.418 Thread 0x000001cf44c3e800 nmethod 9625 0x000001cf304c1f10 code [0x000001cf304c20c0, 0x000001cf304c22c8]
Event: 34.418 Thread 0x000001cf44c3e800 9626       3       com.google.common.collect.ImmutableList::indexOf (14 bytes)
Event: 34.418 Thread 0x000001cf44c3e800 nmethod 9626 0x000001cf304c2390 code [0x000001cf304c2540, 0x000001cf304c26c8]
Event: 34.440 Thread 0x000001cf44c3e800 9627       3       java.util.RegularEnumSet$EnumSetIterator::hasNext (15 bytes)
Event: 34.440 Thread 0x000001cf44c3e800 nmethod 9627 0x000001cf304c2790 code [0x000001cf304c2940, 0x000001cf304c2ab8]
Event: 34.446 Thread 0x000001cf44c3e800 9629   !   3       sun.nio.ch.FileChannelImpl::position (273 bytes)
Event: 34.449 Thread 0x000001cf44c3e800 nmethod 9629 0x000001cf304c2b90 code [0x000001cf304c2ea0, 0x000001cf304c40a8]
Event: 34.462 Thread 0x000001cf44c3e800 9630       3       org.gradle.internal.fingerprint.classpath.impl.ClasspathFingerprintingStrategy::getHashingStrategy (4 bytes)
Event: 34.462 Thread 0x000001cf44c3e800 nmethod 9630 0x000001cf304c4990 code [0x000001cf304c4b40, 0x000001cf304c4c58]
Event: 34.466 Thread 0x000001cf44c3e800 9631       3       org.gradle.internal.fingerprint.classpath.impl.ClasspathFingerprintingStrategy::collectFingerprints (79 bytes)
Event: 34.467 Thread 0x000001cf44c3e800 nmethod 9631 0x000001cf304c4d10 code [0x000001cf304c5020, 0x000001cf304c6588]

GC Heap History (20 events):
Event: 9.254 GC heap before
{Heap before GC invocations=7 (full 0):
 garbage-first heap   total 131072K, used 64429K [0x0000000080000000, 0x0000000100000000)
  region size 1024K, 49 young (50176K), 3 survivors (3072K)
 Metaspace       used 35094K, capacity 35829K, committed 35840K, reserved 1081344K
  class space    used 4568K, capacity 4856K, committed 4864K, reserved 1048576K
}
Event: 9.272 GC heap after
{Heap after GC invocations=8 (full 0):
 garbage-first heap   total 131072K, used 21453K [0x0000000080000000, 0x0000000100000000)
  region size 1024K, 6 young (6144K), 6 survivors (6144K)
 Metaspace       used 35094K, capacity 35829K, committed 35840K, reserved 1081344K
  class space    used 4568K, capacity 4856K, committed 4864K, reserved 1048576K
}
Event: 11.219 GC heap before
{Heap before GC invocations=9 (full 0):
 garbage-first heap   total 131072K, used 84941K [0x0000000080000000, 0x0000000100000000)
  region size 1024K, 65 young (66560K), 6 survivors (6144K)
 Metaspace       used 41045K, capacity 41918K, committed 42240K, reserved 1085440K
  class space    used 5247K, capacity 5536K, committed 5632K, reserved 1048576K
}
Event: 11.238 GC heap after
{Heap after GC invocations=10 (full 0):
 garbage-first heap   total 157696K, used 24786K [0x0000000080000000, 0x0000000100000000)
  region size 1024K, 7 young (7168K), 7 survivors (7168K)
 Metaspace       used 41045K, capacity 41918K, committed 42240K, reserved 1085440K
  class space    used 5247K, capacity 5536K, committed 5632K, reserved 1048576K
}
Event: 16.064 GC heap before
{Heap before GC invocations=10 (full 0):
 garbage-first heap   total 157696K, used 97490K [0x0000000080000000, 0x0000000100000000)
  region size 1024K, 76 young (77824K), 7 survivors (7168K)
 Metaspace       used 44634K, capacity 45742K, committed 45824K, reserved 1089536K
  class space    used 5711K, capacity 6087K, committed 6144K, reserved 1048576K
}
Event: 16.086 GC heap after
{Heap after GC invocations=11 (full 0):
 garbage-first heap   total 157696K, used 35097K [0x0000000080000000, 0x0000000100000000)
  region size 1024K, 10 young (10240K), 10 survivors (10240K)
 Metaspace       used 44634K, capacity 45742K, committed 45824K, reserved 1089536K
  class space    used 5711K, capacity 6087K, committed 6144K, reserved 1048576K
}
Event: 19.945 GC heap before
{Heap before GC invocations=11 (full 0):
 garbage-first heap   total 157696K, used 113945K [0x0000000080000000, 0x0000000100000000)
  region size 1024K, 87 young (89088K), 10 survivors (10240K)
 Metaspace       used 56019K, capacity 57489K, committed 57600K, reserved 1099776K
  class space    used 7115K, capacity 7597K, committed 7680K, reserved 1048576K
}
Event: 19.966 GC heap after
{Heap after GC invocations=12 (full 0):
 garbage-first heap   total 157696K, used 39764K [0x0000000080000000, 0x0000000100000000)
  region size 1024K, 5 young (5120K), 5 survivors (5120K)
 Metaspace       used 56019K, capacity 57489K, committed 57600K, reserved 1099776K
  class space    used 7115K, capacity 7597K, committed 7680K, reserved 1048576K
}
Event: 21.521 GC heap before
{Heap before GC invocations=12 (full 0):
 garbage-first heap   total 157696K, used 70484K [0x0000000080000000, 0x0000000100000000)
  region size 1024K, 36 young (36864K), 5 survivors (5120K)
 Metaspace       used 58714K, capacity 60116K, committed 60160K, reserved 1101824K
  class space    used 7428K, capacity 7907K, committed 7936K, reserved 1048576K
}
Event: 21.542 GC heap after
{Heap after GC invocations=13 (full 0):
 garbage-first heap   total 157696K, used 43122K [0x0000000080000000, 0x0000000100000000)
  region size 1024K, 8 young (8192K), 8 survivors (8192K)
 Metaspace       used 58714K, capacity 60116K, committed 60160K, reserved 1101824K
  class space    used 7428K, capacity 7907K, committed 7936K, reserved 1048576K
}
Event: 25.312 GC heap before
{Heap before GC invocations=14 (full 0):
 garbage-first heap   total 157696K, used 120946K [0x0000000080000000, 0x0000000100000000)
  region size 1024K, 84 young (86016K), 8 survivors (8192K)
 Metaspace       used 65528K, capacity 67033K, committed 67276K, reserved 1107968K
  class space    used 8525K, capacity 9048K, committed 9164K, reserved 1048576K
}
Event: 25.338 GC heap after
{Heap after GC invocations=15 (full 0):
 garbage-first heap   total 157696K, used 47637K [0x0000000080000000, 0x0000000100000000)
  region size 1024K, 9 young (9216K), 9 survivors (9216K)
 Metaspace       used 65528K, capacity 67033K, committed 67276K, reserved 1107968K
  class space    used 8525K, capacity 9048K, committed 9164K, reserved 1048576K
}
Event: 28.255 GC heap before
{Heap before GC invocations=15 (full 0):
 garbage-first heap   total 157696K, used 122389K [0x0000000080000000, 0x0000000100000000)
  region size 1024K, 83 young (84992K), 9 survivors (9216K)
 Metaspace       used 74170K, capacity 76011K, committed 76236K, reserved 1116160K
  class space    used 9692K, capacity 10320K, committed 10444K, reserved 1048576K
}
Event: 28.278 GC heap after
{Heap after GC invocations=16 (full 0):
 garbage-first heap   total 157696K, used 52292K [0x0000000080000000, 0x0000000100000000)
  region size 1024K, 11 young (11264K), 11 survivors (11264K)
 Metaspace       used 74170K, capacity 76011K, committed 76236K, reserved 1116160K
  class space    used 9692K, capacity 10320K, committed 10444K, reserved 1048576K
}
Event: 30.833 GC heap before
{Heap before GC invocations=16 (full 0):
 garbage-first heap   total 157696K, used 124996K [0x0000000080000000, 0x0000000100000000)
  region size 1024K, 81 young (82944K), 11 survivors (11264K)
 Metaspace       used 76430K, capacity 78353K, committed 78540K, reserved 1118208K
  class space    used 9968K, capacity 10641K, committed 10700K, reserved 1048576K
}
Event: 30.873 GC heap after
{Heap after GC invocations=17 (full 0):
 garbage-first heap   total 157696K, used 64301K [0x0000000080000000, 0x0000000100000000)
  region size 1024K, 11 young (11264K), 11 survivors (11264K)
 Metaspace       used 76430K, capacity 78353K, committed 78540K, reserved 1118208K
  class space    used 9968K, capacity 10641K, committed 10700K, reserved 1048576K
}
Event: 32.886 GC heap before
{Heap before GC invocations=17 (full 0):
 garbage-first heap   total 157696K, used 135981K [0x0000000080000000, 0x0000000100000000)
  region size 1024K, 67 young (68608K), 11 survivors (11264K)
 Metaspace       used 80030K, capacity 81897K, committed 81996K, reserved 1120256K
  class space    used 10339K, capacity 11010K, committed 11084K, reserved 1048576K
}
Event: 32.915 GC heap after
{Heap after GC invocations=18 (full 0):
 garbage-first heap   total 157696K, used 70144K [0x0000000080000000, 0x0000000100000000)
  region size 1024K, 6 young (6144K), 6 survivors (6144K)
 Metaspace       used 80030K, capacity 81897K, committed 81996K, reserved 1120256K
  class space    used 10339K, capacity 11010K, committed 11084K, reserved 1048576K
}
Event: 34.243 GC heap before
{Heap before GC invocations=18 (full 0):
 garbage-first heap   total 157696K, used 122368K [0x0000000080000000, 0x0000000100000000)
  region size 1024K, 58 young (59392K), 6 survivors (6144K)
 Metaspace       used 83414K, capacity 85365K, committed 85452K, reserved 1124352K
  class space    used 10762K, capacity 11451K, committed 11468K, reserved 1048576K
}
Event: 34.262 GC heap after
{Heap after GC invocations=19 (full 0):
 garbage-first heap   total 157696K, used 73835K [0x0000000080000000, 0x0000000100000000)
  region size 1024K, 4 young (4096K), 4 survivors (4096K)
 Metaspace       used 83414K, capacity 85365K, committed 85452K, reserved 1124352K
  class space    used 10762K, capacity 11451K, committed 11468K, reserved 1048576K
}

Deoptimization events (20 events):
Event: 33.812 Thread 0x000001cf47ee0800 Uncommon trap: trap_request=0xffffffbe fr.pc=0x000001cf36ab3c68 relative=0x0000000000000728
Event: 33.812 Thread 0x000001cf47ee0800 Uncommon trap: reason=profile_predicate action=maybe_recompile pc=0x000001cf36ab3c68 method=org.gradle.internal.snapshot.SearchUtil.binarySearch(Ljava/util/List;Ljava/lang/Comparable;)I @ 88 c2
Event: 33.812 Thread 0x000001cf47ee0800 DEOPT PACKING pc=0x000001cf36ab3c68 sp=0x000000256bdfbe40
Event: 33.812 Thread 0x000001cf47ee0800 DEOPT UNPACKING pc=0x000001cf2eb3742f sp=0x000000256bdfbdc8 mode 2
Event: 33.813 Thread 0x000001cf47ee0800 Uncommon trap: trap_request=0xffffffbe fr.pc=0x000001cf36ab3c68 relative=0x0000000000000728
Event: 33.813 Thread 0x000001cf47ee0800 Uncommon trap: reason=profile_predicate action=maybe_recompile pc=0x000001cf36ab3c68 method=org.gradle.internal.snapshot.SearchUtil.binarySearch(Ljava/util/List;Ljava/lang/Comparable;)I @ 88 c2
Event: 33.813 Thread 0x000001cf47ee0800 DEOPT PACKING pc=0x000001cf36ab3c68 sp=0x000000256bdfbf90
Event: 33.813 Thread 0x000001cf47ee0800 DEOPT UNPACKING pc=0x000001cf2eb3742f sp=0x000000256bdfbf18 mode 2
Event: 33.813 Thread 0x000001cf47ee0800 Uncommon trap: trap_request=0xffffffbe fr.pc=0x000001cf36ab3c68 relative=0x0000000000000728
Event: 33.813 Thread 0x000001cf47ee0800 Uncommon trap: reason=profile_predicate action=maybe_recompile pc=0x000001cf36ab3c68 method=org.gradle.internal.snapshot.SearchUtil.binarySearch(Ljava/util/List;Ljava/lang/Comparable;)I @ 88 c2
Event: 33.813 Thread 0x000001cf47ee0800 DEOPT PACKING pc=0x000001cf36ab3c68 sp=0x000000256bdfbe40
Event: 33.813 Thread 0x000001cf47ee0800 DEOPT UNPACKING pc=0x000001cf2eb3742f sp=0x000000256bdfbdc8 mode 2
Event: 34.032 Thread 0x000001cf47930800 Uncommon trap: trap_request=0xffffff4d fr.pc=0x000001cf36a0df1c relative=0x000000000000035c
Event: 34.032 Thread 0x000001cf47930800 Uncommon trap: reason=unstable_if action=reinterpret pc=0x000001cf36a0df1c method=java.util.concurrent.ConcurrentLinkedQueue.offer(Ljava/lang/Object;)Z @ 42 c2
Event: 34.032 Thread 0x000001cf47930800 DEOPT PACKING pc=0x000001cf36a0df1c sp=0x00000025657fb850
Event: 34.032 Thread 0x000001cf47930800 DEOPT UNPACKING pc=0x000001cf2eb3742f sp=0x00000025657fb788 mode 2
Event: 34.155 Thread 0x000001cf47ee1000 Uncommon trap: trap_request=0xffffff4d fr.pc=0x000001cf365fe594 relative=0x00000000000004b4
Event: 34.155 Thread 0x000001cf47ee1000 Uncommon trap: reason=unstable_if action=reinterpret pc=0x000001cf365fe594 method=java.lang.String.regionMatches(ZILjava/lang/String;II)Z @ 1 c2
Event: 34.155 Thread 0x000001cf47ee1000 DEOPT PACKING pc=0x000001cf365fe594 sp=0x000000256befacf0
Event: 34.155 Thread 0x000001cf47ee1000 DEOPT UNPACKING pc=0x000001cf2eb3742f sp=0x000000256befaca0 mode 2

Classes redefined (0 events):
No events

Internal exceptions (20 events):
Event: 28.078 Thread 0x000001cf47edf800 Exception <a 'java/lang/NoSuchMethodError'{0x0000000085d892f8}: <clinit>> (0x0000000085d892f8) thrown at [./src/hotspot/share/prims/jni.cpp, line 1362]
Event: 28.082 Thread 0x000001cf47edf800 Exception <a 'java/lang/NoSuchMethodError'{0x00000000853a2c10}: <clinit>> (0x00000000853a2c10) thrown at [./src/hotspot/share/prims/jni.cpp, line 1362]
Event: 28.183 Thread 0x000001cf464e2800 Exception <a 'java/lang/NoSuchMethodError'{0x00000000851f8ab8}: <clinit>> (0x00000000851f8ab8) thrown at [./src/hotspot/share/prims/jni.cpp, line 1362]
Event: 28.628 Thread 0x000001cf47ee0800 Exception <a 'java/lang/NoSuchMethodError'{0x0000000089022e50}: 'java.lang.Object java.lang.invoke.Invokers$Holder.linkToTargetMethod(java.lang.Object, java.lang.Object, java.lang.Object, java.lang.Object, java.lang.Object, java.lang.Object, java.lang.Object)'> (0x0000000089022e50) thrown at [./src/hotspot/share/interpreter/linkResolver.cpp, line 773]
Event: 28.670 Thread 0x000001cf47931800 Exception <a 'java/lang/NoSuchMethodError'{0x0000000088e4cce0}: 'java.lang.Object java.lang.invoke.DirectMethodHandle$Holder.invokeSpecialIFC(java.lang.Object, java.lang.Object, java.lang.Object)'> (0x0000000088e4cce0) thrown at [./src/hotspot/share/interpreter/linkResolver.cpp, line 773]
Event: 28.670 Thread 0x000001cf47930800 Exception <a 'java/lang/NoSuchMethodError'{0x0000000088e5ea90}: 'java.lang.Object java.lang.invoke.DirectMethodHandle$Holder.invokeSpecialIFC(java.lang.Object, java.lang.Object, java.lang.Object)'> (0x0000000088e5ea90) thrown at [./src/hotspot/share/interpreter/linkResolver.cpp, line 773]
Event: 28.670 Thread 0x000001cf4792f000 Exception <a 'java/lang/NoSuchMethodError'{0x0000000088e371a0}: 'java.lang.Object java.lang.invoke.DirectMethodHandle$Holder.invokeSpecialIFC(java.lang.Object, java.lang.Object, java.lang.Object)'> (0x0000000088e371a0) thrown at [./src/hotspot/share/interpreter/linkResolver.cpp, line 773]
Event: 30.051 Thread 0x000001cf47ee0800 Exception <a 'java/lang/NoSuchMethodError'{0x000000008624fe88}: 'java.lang.Object java.lang.invoke.DirectMethodHandle$Holder.invokeSpecial(java.lang.Object, java.lang.Object, int, java.lang.Object, java.lang.Object)'> (0x000000008624fe88) thrown at [./src/hotspot/share/interpreter/linkResolver.cpp, line 773]
Event: 30.053 Thread 0x000001cf47ee0800 Exception <a 'java/lang/NoSuchMethodError'{0x0000000086258678}: 'java.lang.Object java.lang.invoke.DirectMethodHandle$Holder.invokeStatic(java.lang.Object, java.lang.Object, int, java.lang.Object)'> (0x0000000086258678) thrown at [./src/hotspot/share/interpreter/linkResolver.cpp, line 773]
Event: 30.054 Thread 0x000001cf47ee0800 Exception <a 'java/lang/NoSuchMethodError'{0x000000008625c5d8}: 'java.lang.Object java.lang.invoke.Invokers$Holder.linkToTargetMethod(java.lang.Object, int, java.lang.Object, java.lang.Object)'> (0x000000008625c5d8) thrown at [./src/hotspot/share/interpreter/linkResolver.cpp, line 773]
Event: 30.060 Thread 0x000001cf47ee0800 Exception <a 'java/lang/NoSuchMethodError'{0x0000000086274258}: 'void java.lang.invoke.DirectMethodHandle$Holder.invokeVirtual(java.lang.Object, java.lang.Object)'> (0x0000000086274258) thrown at [./src/hotspot/share/interpreter/linkResolver.cpp, line 773]
Event: 31.259 Thread 0x000001cf47ee0800 Implicit null exception at 0x000001cf36a5b81d to 0x000001cf36a5c14b
Event: 31.909 Thread 0x000001cf47ee0800 Exception <a 'java/lang/NoSuchMethodError'{0x00000000883ebb20}: <clinit>> (0x00000000883ebb20) thrown at [./src/hotspot/share/prims/jni.cpp, line 1362]
Event: 31.920 Thread 0x000001cf47ee0800 Exception <a 'java/lang/NoSuchMethodError'{0x0000000088256cc8}: <clinit>> (0x0000000088256cc8) thrown at [./src/hotspot/share/prims/jni.cpp, line 1362]
Event: 31.959 Thread 0x000001cf47edc800 Exception <a 'java/lang/NoSuchMethodError'{0x0000000088061000}: <clinit>> (0x0000000088061000) thrown at [./src/hotspot/share/prims/jni.cpp, line 1362]
Event: 32.127 Thread 0x000001cf47930800 Implicit null exception at 0x000001cf36aad3ce to 0x000001cf36aadba8
Event: 32.137 Thread 0x000001cf47930800 Implicit null exception at 0x000001cf36aae952 to 0x000001cf36aaed58
Event: 33.939 Thread 0x000001cf47ee0800 Exception <a 'java/lang/NoSuchMethodError'{0x00000000873e3e10}: 'void java.lang.invoke.DirectMethodHandle$Holder.invokeStatic(java.lang.Object, java.lang.Object, java.lang.Object, java.lang.Object, int, java.lang.Object)'> (0x00000000873e3e10) thrown at [./src/hotspot/share/interpreter/linkResolver.cpp, line 773]
Event: 34.152 Thread 0x000001cf47ee1000 Exception <a 'sun/nio/fs/WindowsException'{0x000000008699a450}> (0x000000008699a450) thrown at [./src/hotspot/share/prims/jni.cpp, line 615]
Event: 34.153 Thread 0x000001cf47ee1000 Exception <a 'sun/nio/fs/WindowsException'{0x000000008699b5b8}> (0x000000008699b5b8) thrown at [./src/hotspot/share/prims/jni.cpp, line 615]

Events (20 events):
Event: 34.151 loading class org/gradle/internal/fingerprint/impl/PatternSetSnapshottingFilter
Event: 34.151 loading class org/gradle/internal/fingerprint/impl/PatternSetSnapshottingFilter done
Event: 34.151 loading class org/gradle/internal/snapshot/SnapshottingFilter$DirectoryWalkerPredicate
Event: 34.151 loading class org/gradle/internal/snapshot/SnapshottingFilter$DirectoryWalkerPredicate done
Event: 34.153 loading class java/nio/file/FileSystemLoopException
Event: 34.153 loading class java/nio/file/FileSystemLoopException done
Event: 34.153 loading class org/gradle/internal/fingerprint/impl/PatternSetSnapshottingFilter$PathBackedFileTreeElement
Event: 34.153 loading class org/gradle/internal/fingerprint/impl/PatternSetSnapshottingFilter$PathBackedFileTreeElement done
Event: 34.154 loading class org/gradle/api/tasks/util/internal/CachingPatternSpecFactory$CachingSpec$1
Event: 34.154 loading class org/gradle/api/tasks/util/internal/CachingPatternSpecFactory$CachingSpec$1 done
Event: 34.156 loading class org/gradle/internal/snapshot/CompleteFileSystemLocationSnapshot
Event: 34.156 loading class org/gradle/internal/snapshot/CompleteFileSystemLocationSnapshot done
Event: 34.156 loading class org/gradle/internal/snapshot/CompleteFileSystemLocationSnapshot
Event: 34.156 loading class org/gradle/internal/snapshot/CompleteFileSystemLocationSnapshot done
Event: 34.242 Executing VM operation: G1CollectForAllocation
Event: 34.262 Executing VM operation: G1CollectForAllocation done
Event: 34.439 loading class com/google/common/collect/Maps$FilteredEntryMap$EntrySet$1$1
Event: 34.439 loading class com/google/common/collect/Maps$FilteredEntryMap$EntrySet$1$1 done
Event: 34.439 loading class com/google/common/collect/ForwardingMapEntry
Event: 34.439 loading class com/google/common/collect/ForwardingMapEntry done


Dynamic libraries:
0x00007ff68e2d0000 - 0x00007ff68e2da000 	C:\Program Files\Android\Android Studio\jre\bin\java.exe
0x00007ff992eb0000 - 0x00007ff9930a5000 	C:\Windows\SYSTEM32\ntdll.dll
0x00007ff9926e0000 - 0x00007ff99279d000 	C:\Windows\System32\KERNEL32.DLL
0x00007ff990bd0000 - 0x00007ff990e98000 	C:\Windows\System32\KERNELBASE.dll
0x00007ff9905f0000 - 0x00007ff9906f0000 	C:\Windows\System32\ucrtbase.dll
0x00007ff973d20000 - 0x00007ff973d37000 	C:\Program Files\Android\Android Studio\jre\bin\VCRUNTIME140.dll
0x00007ff976330000 - 0x00007ff976349000 	C:\Program Files\Android\Android Studio\jre\bin\jli.dll
0x00007ff9927a0000 - 0x00007ff992940000 	C:\Windows\System32\USER32.dll
0x00007ff990ba0000 - 0x00007ff990bc2000 	C:\Windows\System32\win32u.dll
0x00007ff97ca80000 - 0x00007ff97cd1a000 	C:\Windows\WinSxS\amd64_microsoft.windows.common-controls_6595b64144ccf1df_6.0.19041.1052_none_60b8f8fd71f5e8cb\COMCTL32.dll
0x00007ff992030000 - 0x00007ff99205a000 	C:\Windows\System32\GDI32.dll
0x00007ff992180000 - 0x00007ff99221e000 	C:\Windows\System32\msvcrt.dll
0x00007ff990780000 - 0x00007ff99088b000 	C:\Windows\System32\gdi32full.dll
0x00007ff990940000 - 0x00007ff9909dd000 	C:\Windows\System32\msvcp_win.dll
0x00007ff992e40000 - 0x00007ff992e70000 	C:\Windows\System32\IMM32.DLL
0x00007ff98f5e0000 - 0x00007ff98f611000 	C:\Windows\system32\nvinitx.dll
0x00007ff991950000 - 0x00007ff9919fc000 	C:\Windows\System32\ADVAPI32.dll
0x00007ff992c80000 - 0x00007ff992d1b000 	C:\Windows\System32\sechost.dll
0x00007ff992a20000 - 0x00007ff992b4b000 	C:\Windows\System32\RPCRT4.dll
0x00007ff98f5d0000 - 0x00007ff98f5da000 	C:\Windows\SYSTEM32\VERSION.dll
0x000000000f000000 - 0x000000000f006000 	C:\Program Files\NVIDIA Corporation\CoProcManager\_etoured.dll
0x00007ff985900000 - 0x00007ff985932000 	C:\Program Files\NVIDIA Corporation\CoProcManager\nvd3d9wrapx.dll
0x00007ff991b30000 - 0x00007ff991f99000 	C:\Windows\System32\SETUPAPI.dll
0x00007ff990ea0000 - 0x00007ff990eee000 	C:\Windows\System32\cfgmgr32.dll
0x00007ff990ef0000 - 0x00007ff990f17000 	C:\Windows\System32\bcrypt.dll
0x00007ff9858d0000 - 0x00007ff9858f2000 	C:\Program Files\NVIDIA Corporation\CoProcManager\nvdxgiwrapx.dll
0x00007ff96e330000 - 0x00007ff96e3cd000 	C:\Program Files\Android\Android Studio\jre\bin\msvcp140.dll
0x00007ff95a960000 - 0x00007ff95b41c000 	C:\Program Files\Android\Android Studio\jre\bin\server\jvm.dll
0x00007ff992a10000 - 0x00007ff992a18000 	C:\Windows\System32\PSAPI.DLL
0x00007ff98a590000 - 0x00007ff98a599000 	C:\Windows\SYSTEM32\WSOCK32.dll
0x00007ff983860000 - 0x00007ff983887000 	C:\Windows\SYSTEM32\WINMM.dll
0x00007ff992dd0000 - 0x00007ff992e3b000 	C:\Windows\System32\WS2_32.dll
0x00007ff98e4f0000 - 0x00007ff98e502000 	C:\Windows\SYSTEM32\kernel.appcore.dll
0x00007ff98a550000 - 0x00007ff98a561000 	C:\Program Files\Android\Android Studio\jre\bin\verify.dll
0x00007ff988b40000 - 0x00007ff988d24000 	C:\Windows\SYSTEM32\DBGHELP.DLL
0x00007ff9888f0000 - 0x00007ff98891c000 	C:\Windows\SYSTEM32\dbgcore.DLL
0x00007ff9906f0000 - 0x00007ff990773000 	C:\Windows\System32\bcryptPrimitives.dll
0x00007ff98a520000 - 0x00007ff98a549000 	C:\Program Files\Android\Android Studio\jre\bin\java.dll
0x00007ff98a580000 - 0x00007ff98a58b000 	C:\Program Files\Android\Android Studio\jre\bin\jimage.dll
0x00007ff98a500000 - 0x00007ff98a518000 	C:\Program Files\Android\Android Studio\jre\bin\zip.dll
0x00007ff991200000 - 0x00007ff99193f000 	C:\Windows\System32\SHELL32.dll
0x00007ff98e6f0000 - 0x00007ff98ee80000 	C:\Windows\SYSTEM32\windows.storage.dll
0x00007ff992380000 - 0x00007ff9926d5000 	C:\Windows\System32\combase.dll
0x00007ff990060000 - 0x00007ff99008c000 	C:\Windows\SYSTEM32\Wldp.dll
0x00007ff992d20000 - 0x00007ff992dce000 	C:\Windows\System32\SHCORE.dll
0x00007ff992320000 - 0x00007ff992375000 	C:\Windows\System32\shlwapi.dll
0x00007ff990530000 - 0x00007ff99054f000 	C:\Windows\SYSTEM32\profapi.dll
0x00007ff985a80000 - 0x00007ff985a9a000 	C:\Program Files\Android\Android Studio\jre\bin\net.dll
0x00007ff9866f0000 - 0x00007ff9867fb000 	C:\Windows\SYSTEM32\WINHTTP.dll
0x00007ff98fdd0000 - 0x00007ff98fe3a000 	C:\Windows\system32\mswsock.dll
0x00007ff985a60000 - 0x00007ff985a74000 	C:\Program Files\Android\Android Studio\jre\bin\nio.dll
0x00007ff97e360000 - 0x00007ff97e387000 	C:\Users\mila_\.gradle\native\fdc75f09e3144964f2cf3f50f0aa648679c211496f362492102eb8c894070792\windows-amd64\native-platform.dll
0x00007ff94f9c0000 - 0x00007ff94fb56000 	C:\Users\mila_\.gradle\native\12488b8bf47d2d4c9fbf2f6322a914ad602e24e48041cd04a747c6da556b65c4\windows-amd64\native-platform-file-events.dll
0x00007ff98a4f0000 - 0x00007ff98a4fa000 	C:\Program Files\Android\Android Studio\jre\bin\management.dll
0x00007ff985a50000 - 0x00007ff985a5c000 	C:\Program Files\Android\Android Studio\jre\bin\management_ext.dll
0x00007ff98ffa0000 - 0x00007ff98ffb8000 	C:\Windows\SYSTEM32\CRYPTSP.dll
0x00007ff98f700000 - 0x00007ff98f734000 	C:\Windows\system32\rsaenh.dll
0x00007ff9904f0000 - 0x00007ff99051e000 	C:\Windows\SYSTEM32\USERENV.dll
0x00007ff98ffc0000 - 0x00007ff98ffcc000 	C:\Windows\SYSTEM32\CRYPTBASE.dll
0x00007ff98fa70000 - 0x00007ff98faab000 	C:\Windows\SYSTEM32\IPHLPAPI.DLL
0x00007ff9929a0000 - 0x00007ff9929a8000 	C:\Windows\System32\NSI.dll
0x00007ff987b70000 - 0x00007ff987b87000 	C:\Windows\SYSTEM32\dhcpcsvc6.DLL
0x00007ff987b50000 - 0x00007ff987b6d000 	C:\Windows\SYSTEM32\dhcpcsvc.DLL
0x00007ff98fac0000 - 0x00007ff98fb8c000 	C:\Windows\SYSTEM32\DNSAPI.dll
0x00007ff988290000 - 0x00007ff98829b000 	C:\Windows\SYSTEM32\WINNSI.DLL

dbghelp: loaded successfully - version: 4.0.5 - missing functions: none
symbol engine: initialized successfully - sym options: 0x614 - pdb path: .;C:\Program Files\Android\Android Studio\jre\bin;C:\Windows\SYSTEM32;C:\Windows\WinSxS\amd64_microsoft.windows.common-controls_6595b64144ccf1df_6.0.19041.1052_none_60b8f8fd71f5e8cb;C:\Program Files\NVIDIA Corporation\CoProcManager;C:\Program Files\Android\Android Studio\jre\bin\server;C:\Users\mila_\.gradle\native\fdc75f09e3144964f2cf3f50f0aa648679c211496f362492102eb8c894070792\windows-amd64;C:\Users\mila_\.gradle\native\12488b8bf47d2d4c9fbf2f6322a914ad602e24e48041cd04a747c6da556b65c4\windows-amd64

VM Arguments:
jvm_args: --add-opens=java.base/java.util=ALL-UNNAMED --add-opens=java.base/java.lang=ALL-UNNAMED --add-opens=java.base/java.lang.invoke=ALL-UNNAMED --add-opens=java.prefs/java.util.prefs=ALL-UNNAMED -Xmx2048m -Dfile.encoding=UTF-8 -Duser.country=BR -Duser.language=pt -Duser.variant 
java_command: org.gradle.launcher.daemon.bootstrap.GradleDaemon 6.7.1
java_class_path (initial): C:\Users\mila_\.gradle\wrapper\dists\gradle-6.7.1-bin\bwlcbys1h7rz3272sye1xwiv6\gradle-6.7.1\lib\gradle-launcher-6.7.1.jar
Launcher Type: SUN_STANDARD

[Global flags]
     intx CICompilerCount                          = 3                                         {product} {ergonomic}
     uint ConcGCThreads                            = 1                                         {product} {ergonomic}
     uint G1ConcRefinementThreads                  = 4                                         {product} {ergonomic}
   size_t G1HeapRegionSize                         = 1048576                                   {product} {ergonomic}
    uintx GCDrainStackTargetSize                   = 64                                        {product} {ergonomic}
   size_t InitialHeapSize                          = 134217728                                 {product} {ergonomic}
   size_t MarkStackSize                            = 4194304                                   {product} {ergonomic}
   size_t MaxHeapSize                              = 2147483648                                {product} {command line}
   size_t MaxNewSize                               = 1287651328                                {product} {ergonomic}
   size_t MinHeapDeltaBytes                        = 1048576                                   {product} {ergonomic}
    uintx NonNMethodCodeHeapSize                   = 5830732                                {pd product} {ergonomic}
    uintx NonProfiledCodeHeapSize                  = 122913754                              {pd product} {ergonomic}
    uintx ProfiledCodeHeapSize                     = 122913754                              {pd product} {ergonomic}
    uintx ReservedCodeCacheSize                    = 251658240                              {pd product} {ergonomic}
     bool SegmentedCodeCache                       = true                                      {product} {ergonomic}
     bool UseCompressedClassPointers               = true                                 {lp64_product} {ergonomic}
     bool UseCompressedOops                        = true                                 {lp64_product} {ergonomic}
     bool UseG1GC                                  = true                                      {product} {ergonomic}
     bool UseLargePagesIndividualAllocation        = false                                  {pd product} {ergonomic}

Logging:
Log output configuration:
 #0: stdout all=warning uptime,level,tags
 #1: stderr all=off uptime,level,tags

Environment Variables:
PATH=C:\Program Files\Common Files\Oracle\Java\javapath;C:\Program Files (x86)\Common Files\Oracle\Java\javapath;C:\Windows\system32;C:\Windows;C:\Windows\System32\Wbem;C:\Windows\System32\WindowsPowerShell\v1.0\;C:\Windows\System32\OpenSSH\;C:\Program Files\dotnet\;C:\Program Files\Microsoft SQL Server\130\Tools\Binn\;C:\Program Files\Microsoft SQL Server\Client SDK\ODBC\170\Tools\Binn\;C:\Program Files\Git\cmd;C:\Program Files\MySQL\MySQL Shell 8.0\bin\;C:\Users\mila_\AppData\Local\Microsoft\WindowsApps;C:\Users\mila_\.dotnet\tools
USERNAME=mila_
OS=Windows_NT
PROCESSOR_IDENTIFIER=Intel64 Family 6 Model 58 Stepping 9, GenuineIntel



---------------  S Y S T E M  ---------------

OS: Windows 10 , 64 bit Build 19041 (10.0.19041.1023)
OS uptime: 0 days 1:32 hours

CPU:total 4 (initial active 4) (2 cores per cpu, 2 threads per core) family 6 model 58 stepping 9, cmov, cx8, fxsr, mmx, sse, sse2, sse3, ssse3, sse4.1, sse4.2, popcnt, avx, aes, clmul, erms, ht, tsc, tscinvbit, tscinv

Memory: 4k page, system-wide physical 8089M (685M free)
TotalPageFile size 8089M (AvailPageFile size 7M)
current process WorkingSet (physical memory assigned to process): 390M, peak: 393M
current process commit charge ("private bytes"): 424M, peak: 427M

vm_info: OpenJDK 64-Bit Server VM (11.0.8+10-b944.6842174) for windows-amd64 JRE (11.0.8+10-b944.6842174), built on Sep 19 2020 01:11:42 by "builder" with MS VC++ 14.0 (VS2015)

END.
