#
# There is insufficient memory for the Java Runtime Environment to continue.
# Native memory allocation (mmap) failed to map 32505856 bytes for Failed to commit area from 0x0000000089a00000 to 0x000000008b900000 of length 32505856.
# Possible reasons:
#   The system is out of physical RAM or swap space
#   The process is running with CompressedOops enabled, and the Java Heap may be blocking the growth of the native heap
# Possible solutions:
#   Reduce memory load on the system
#   Increase physical memory or swap space
#   Check if swap backing store is full
#   Decrease Java heap size (-Xmx/-Xms)
#   Decrease number of Java threads
#   Decrease Java thread stack sizes (-Xss)
#   Set larger code cache with -XX:ReservedCodeCacheSize=
#   JVM is running with Unscaled Compressed Oops mode in which the Java heap is
#     placed in the first 4GB address space. The Java Heap base address is the
#     maximum limit for the native heap growth. Please use -XX:HeapBaseMinAddress
#     to set the Java Heap base and to place the Java Heap above 4GB virtual address.
# This output file may be truncated or incomplete.
#
#  Out of Memory Error (./src/hotspot/os/windows/os_windows.cpp:3303), pid=2864, tid=7800
#
# JRE version: OpenJDK Runtime Environment (11.0.8+10) (build 11.0.8+10-b944.6842174)
# Java VM: OpenJDK 64-Bit Server VM (11.0.8+10-b944.6842174, mixed mode, tiered, compressed oops, g1 gc, windows-amd64)
# No core dump will be written. Minidumps are not enabled by default on client versions of Windows
#

---------------  S U M M A R Y ------------

Command Line: --add-opens=java.base/java.util=ALL-UNNAMED --add-opens=java.base/java.lang=ALL-UNNAMED --add-opens=java.base/java.lang.invoke=ALL-UNNAMED --add-opens=java.prefs/java.util.prefs=ALL-UNNAMED -Xmx2048m -Dfile.encoding=UTF-8 -Duser.country=BR -Duser.language=pt -Duser.variant org.gradle.launcher.daemon.bootstrap.GradleDaemon 6.7.1

Host: Intel(R) Core(TM) i5-3337U CPU @ 1.80GHz, 4 cores, 7G,  Windows 10 , 64 bit Build 19041 (10.0.19041.1023)
Time: Fri Jun 11 00:36:26 2021 Hora oficial do Brasil elapsed time: 12 seconds (0d 0h 0m 12s)

---------------  T H R E A D  ---------------

Current thread (0x00000162fe077800):  VMThread "VM Thread" [stack: 0x00000007dc500000,0x00000007dc600000] [id=7800]

Stack: [0x00000007dc500000,0x00000007dc600000]
[error occurred during error reporting (printing stack bounds), id 0xc0000005, EXCEPTION_ACCESS_VIOLATION (0xc0000005) at pc=0x0000016280000dad]

Native frames: (J=compiled Java code, j=interpreted, Vv=VM code, C=native code)
V  [jvm.dll+0x5de50a]
V  [jvm.dll+0x7122f5]
V  [jvm.dll+0x71384d]
V  [jvm.dll+0x713e65]
V  [jvm.dll+0x713e1b]
V  [jvm.dll+0x5dd958]
V  [jvm.dll+0x5de0f8]
C  [ntdll.dll+0xa217f]
C  [ntdll.dll+0x51454]
C  [ntdll.dll+0xa0cae]
C  0x0000016280000dad

VM_Operation (0x00000007ddaf3870): CollectForMetadataAllocation, mode: safepoint, requested by thread 0x00000162ffcfc800


---------------  P R O C E S S  ---------------

Threads class SMR info:
_java_thread_list=0x0000016292d69720, length=133, elements={
0x00000162f2dff800, 0x00000162fe081000, 0x00000162fe086000, 0x00000162fe0d2800,
0x00000162fe0d3800, 0x00000162fe0d7800, 0x00000162fe0da000, 0x00000162fe0e1800,
0x00000162fe236800, 0x00000162fe240800, 0x00000162ff615000, 0x00000162fe2d5800,
0x00000162fe440000, 0x000001628f0d1000, 0x000001628fb2d000, 0x000001628f211800,
0x00000162ffcfc800, 0x00000162ff833800, 0x00000162ff834000, 0x00000162ffa2d000,
0x00000162ff4f5800, 0x00000162ff4f6800, 0x00000162ff4f4000, 0x00000162ffb9e000,
0x00000162ff4f5000, 0x0000016290fef000, 0x0000016290ff2000, 0x0000016290ff3000,
0x0000016290ff0800, 0x0000016290fed000, 0x0000016290fee000, 0x0000016290ffa800,
0x0000016290ffb000, 0x0000016290ff8000, 0x0000016290ff7000, 0x0000016290ff8800,
0x0000016290ff6000, 0x0000016290ff9800, 0x0000016290ffc000, 0x0000016292efc800,
0x0000016292f01000, 0x0000016292eff000, 0x0000016292f02800, 0x0000016292f00000,
0x0000016292efe800, 0x0000016292efd800, 0x0000016292f01800, 0x0000016292f03000,
0x0000016292faa000, 0x0000016292fad800, 0x0000016292fab000, 0x0000016292fa7800,
0x0000016292fae000, 0x0000016292fac800, 0x0000016292fa9000, 0x0000016292fab800,
0x0000016292fa8800, 0x0000016292fb4800, 0x0000016292faf000, 0x0000016292fb2000,
0x0000016292fb5800, 0x0000016292faf800, 0x0000016292fb6000, 0x0000016292fb0800,
0x0000016292fb1800, 0x0000016292fb3000, 0x0000016292fb4000, 0x0000016294300800,
0x0000016294306000, 0x0000016294304800, 0x0000016294303800, 0x0000016294305000,
0x0000016294307000, 0x0000016294302000, 0x0000016294301000, 0x0000016294307800,
0x0000016294308800, 0x0000016294302800, 0x000001629430a000, 0x000001629430c800,
0x000001629430b000, 0x000001629430b800, 0x000001629430d800, 0x000001629430e000,
0x000001629430f000, 0x0000016294309800, 0x000001629159d800, 0x000001629159e800,
0x00000162915a1000, 0x00000162915a0000, 0x000001629159d000, 0x000001629159b000,
0x000001629159f800, 0x00000162915a2000, 0x000001629159c000, 0x00000162915a3800,
0x00000162915a8800, 0x00000162915a2800, 0x00000162915a9000, 0x00000162915aa000,
0x00000162915a5000, 0x00000162915a4000, 0x00000162915a7800, 0x00000162915a6000,
0x00000162915a6800, 0x0000016291344800, 0x000001629134b000, 0x000001629134a000,
0x0000016291347000, 0x0000016291345800, 0x0000016291346000, 0x000001629134c000,
0x000001629134c800, 0x000001629134d800, 0x0000016291348800, 0x0000016291348000,
0x000001629134e800, 0x000001629134f000, 0x0000016291349800, 0x0000016291350000,
0x0000016291350800, 0x0000016291351800, 0x0000016291352800, 0x0000016291353000,
0x000001628fad9800, 0x000001628fada800, 0x000001628fadd800, 0x000001628fadb000,
0x000001628fad9000, 0x000001628fae1000, 0x000001628fae2000, 0x000001628fade800,
0x000001628fadc000
}

Java Threads: ( => current thread )
  0x00000162f2dff800 JavaThread "main" [_thread_blocked, id=5316, stack(0x00000007dbf00000,0x00000007dc000000)]
  0x00000162fe081000 JavaThread "Reference Handler" daemon [_thread_blocked, id=4452, stack(0x00000007dc600000,0x00000007dc700000)]
  0x00000162fe086000 JavaThread "Finalizer" daemon [_thread_blocked, id=6708, stack(0x00000007dc700000,0x00000007dc800000)]
  0x00000162fe0d2800 JavaThread "Signal Dispatcher" daemon [_thread_blocked, id=8100, stack(0x00000007dc800000,0x00000007dc900000)]
  0x00000162fe0d3800 JavaThread "Attach Listener" daemon [_thread_blocked, id=6376, stack(0x00000007dc900000,0x00000007dca00000)]
  0x00000162fe0d7800 JavaThread "C2 CompilerThread0" daemon [_thread_blocked, id=6880, stack(0x00000007dca00000,0x00000007dcb00000)]
  0x00000162fe0da000 JavaThread "C1 CompilerThread0" daemon [_thread_blocked, id=6240, stack(0x00000007dcb00000,0x00000007dcc00000)]
  0x00000162fe0e1800 JavaThread "Sweeper thread" daemon [_thread_blocked, id=452, stack(0x00000007dcc00000,0x00000007dcd00000)]
  0x00000162fe236800 JavaThread "Common-Cleaner" daemon [_thread_blocked, id=9260, stack(0x00000007dcd00000,0x00000007dce00000)]
  0x00000162fe240800 JavaThread "Service Thread" daemon [_thread_blocked, id=4852, stack(0x00000007dce00000,0x00000007dcf00000)]
  0x00000162ff615000 JavaThread "Daemon health stats" [_thread_blocked, id=5536, stack(0x00000007dd300000,0x00000007dd400000)]
  0x00000162fe2d5800 JavaThread "Incoming local TCP Connector on port 50225" [_thread_in_native, id=9688, stack(0x00000007dd500000,0x00000007dd600000)]
  0x00000162fe440000 JavaThread "Daemon periodic checks" [_thread_blocked, id=5312, stack(0x00000007dd600000,0x00000007dd700000)]
  0x000001628f0d1000 JavaThread "Daemon" [_thread_blocked, id=5376, stack(0x00000007dd700000,0x00000007dd800000)]
  0x000001628fb2d000 JavaThread "Handler for socket connection from /127.0.0.1:50225 to /127.0.0.1:50226" [_thread_in_native, id=10068, stack(0x00000007dd800000,0x00000007dd900000)]
  0x000001628f211800 JavaThread "Cancel handler" [_thread_blocked, id=4320, stack(0x00000007dd900000,0x00000007dda00000)]
  0x00000162ffcfc800 JavaThread "Daemon worker" [_thread_blocked, id=4068, stack(0x00000007dda00000,0x00000007ddb00000)]
  0x00000162ff833800 JavaThread "Asynchronous log dispatcher for DefaultDaemonConnection: socket connection from /127.0.0.1:50225 to /127.0.0.1:50226" [_thread_blocked, id=9324, stack(0x00000007ddb00000,0x00000007ddc00000)]
  0x00000162ff834000 JavaThread "Stdin handler" [_thread_blocked, id=6204, stack(0x00000007ddc00000,0x00000007ddd00000)]
  0x00000162ffa2d000 JavaThread "Thread-8" [_thread_blocked, id=1992, stack(0x00000007ddd00000,0x00000007dde00000)]
  0x00000162ff4f5800 JavaThread "Cache worker for file hash cache (C:\Users\mila_\.gradle\caches\6.7.1\fileHashes)" [_thread_blocked, id=9440, stack(0x00000007ddf00000,0x00000007de000000)]
  0x00000162ff4f6800 JavaThread "File lock request listener" [_thread_in_native, id=7196, stack(0x00000007de000000,0x00000007de100000)]
  0x00000162ff4f4000 JavaThread "Cache worker for journal cache (C:\Users\mila_\.gradle\caches\journal-1)" [_thread_blocked, id=6508, stack(0x00000007de100000,0x00000007de200000)]
  0x00000162ffb9e000 JavaThread "C2 CompilerThread1" daemon [_thread_in_native, id=7076, stack(0x00000007de200000,0x00000007de300000)]
  0x00000162ff4f5000 JavaThread "Cache worker for file hash cache (C:\Users\mila_\Documents\projetos-android-studio\appVolk\.gradle\6.7.1\fileHashes)" [_thread_blocked, id=7900, stack(0x00000007de300000,0x00000007de400000)]
  0x0000016290fef000 JavaThread "Cache worker for checksums cache (C:\Users\mila_\Documents\projetos-android-studio\appVolk\.gradle\checksums)" [_thread_blocked, id=4528, stack(0x00000007de400000,0x00000007de500000)]
  0x0000016290ff2000 JavaThread "Cache worker for cache directory md-supplier (C:\Users\mila_\.gradle\caches\6.7.1\md-supplier)" [_thread_blocked, id=6652, stack(0x00000007de500000,0x00000007de600000)]
  0x0000016290ff3000 JavaThread "Cache worker for cache directory md-rule (C:\Users\mila_\.gradle\caches\6.7.1\md-rule)" [_thread_blocked, id=10176, stack(0x00000007de600000,0x00000007de700000)]
  0x0000016290ff0800 JavaThread "Cache worker for execution history cache (C:\Users\mila_\.gradle\caches\6.7.1\executionHistory)" [_thread_blocked, id=9680, stack(0x00000007de700000,0x00000007de800000)]
  0x0000016290fed000 JavaThread "jar transforms" [_thread_blocked, id=8060, stack(0x00000007de800000,0x00000007de900000)]
  0x0000016290fee000 JavaThread "Cache worker for file content cache (C:\Users\mila_\.gradle\caches\6.7.1\fileContent)" [_thread_blocked, id=2356, stack(0x00000007de900000,0x00000007dea00000)]
  0x0000016290ffa800 JavaThread "Cache worker for Build Output Cleanup Cache (C:\Users\mila_\Documents\projetos-android-studio\appVolk\.gradle\buildOutputCleanup)" [_thread_blocked, id=7892, stack(0x00000007dea00000,0x00000007deb00000)]
  0x0000016290ffb000 JavaThread "Build operations" [_thread_blocked, id=4784, stack(0x00000007deb00000,0x00000007dec00000)]
  0x0000016290ff8000 JavaThread "Build operations Thread 2" [_thread_blocked, id=3164, stack(0x00000007dec00000,0x00000007ded00000)]
  0x0000016290ff7000 JavaThread "Build operations Thread 3" [_thread_blocked, id=9940, stack(0x00000007ded00000,0x00000007dee00000)]
  0x0000016290ff8800 JavaThread "Build operations Thread 4" [_thread_blocked, id=6336, stack(0x00000007dee00000,0x00000007def00000)]
  0x0000016290ff6000 JavaThread "jar transforms Thread 2" [_thread_blocked, id=9884, stack(0x00000007def00000,0x00000007df000000)]
  0x0000016290ff9800 JavaThread "jar transforms Thread 3" [_thread_blocked, id=9960, stack(0x00000007df000000,0x00000007df100000)]
  0x0000016290ffc000 JavaThread "jar transforms Thread 4" [_thread_blocked, id=5668, stack(0x00000007df100000,0x00000007df200000)]
  0x0000016292efc800 JavaThread "jar transforms Thread 5" [_thread_blocked, id=10108, stack(0x00000007df200000,0x00000007df300000)]
  0x0000016292f01000 JavaThread "jar transforms Thread 6" [_thread_blocked, id=3756, stack(0x00000007df300000,0x00000007df400000)]
  0x0000016292eff000 JavaThread "jar transforms Thread 7" [_thread_blocked, id=10104, stack(0x00000007df400000,0x00000007df500000)]
  0x0000016292f02800 JavaThread "jar transforms Thread 8" [_thread_blocked, id=10140, stack(0x00000007df500000,0x00000007df600000)]
  0x0000016292f00000 JavaThread "jar transforms Thread 9" [_thread_blocked, id=9948, stack(0x00000007df600000,0x00000007df700000)]
  0x0000016292efe800 JavaThread "jar transforms Thread 10" [_thread_blocked, id=1000, stack(0x00000007df700000,0x00000007df800000)]
  0x0000016292efd800 JavaThread "jar transforms Thread 11" [_thread_blocked, id=1856, stack(0x00000007df800000,0x00000007df900000)]
  0x0000016292f01800 JavaThread "jar transforms Thread 12" [_thread_blocked, id=4996, stack(0x00000007df900000,0x00000007dfa00000)]
  0x0000016292f03000 JavaThread "jar transforms Thread 13" [_thread_blocked, id=3852, stack(0x00000007dfa00000,0x00000007dfb00000)]
  0x0000016292faa000 JavaThread "jar transforms Thread 14" [_thread_blocked, id=7316, stack(0x00000007dfb00000,0x00000007dfc00000)]
  0x0000016292fad800 JavaThread "jar transforms Thread 15" [_thread_blocked, id=5700, stack(0x00000007dfc00000,0x00000007dfd00000)]
  0x0000016292fab000 JavaThread "jar transforms Thread 16" [_thread_blocked, id=3476, stack(0x00000007dfd00000,0x00000007dfe00000)]
  0x0000016292fa7800 JavaThread "jar transforms Thread 17" [_thread_blocked, id=3876, stack(0x00000007dfe00000,0x00000007dff00000)]
  0x0000016292fae000 JavaThread "jar transforms Thread 18" [_thread_blocked, id=9088, stack(0x00000007dff00000,0x00000007e0000000)]
  0x0000016292fac800 JavaThread "jar transforms Thread 19" [_thread_blocked, id=1328, stack(0x00000007e0000000,0x00000007e0100000)]
  0x0000016292fa9000 JavaThread "jar transforms Thread 20" [_thread_blocked, id=7828, stack(0x00000007e0100000,0x00000007e0200000)]
  0x0000016292fab800 JavaThread "jar transforms Thread 21" [_thread_blocked, id=6052, stack(0x00000007e0200000,0x00000007e0300000)]
  0x0000016292fa8800 JavaThread "jar transforms Thread 22" [_thread_blocked, id=8676, stack(0x00000007e0300000,0x00000007e0400000)]
  0x0000016292fb4800 JavaThread "jar transforms Thread 23" [_thread_blocked, id=6348, stack(0x00000007e0400000,0x00000007e0500000)]
  0x0000016292faf000 JavaThread "jar transforms Thread 24" [_thread_blocked, id=7296, stack(0x00000007e0500000,0x00000007e0600000)]
  0x0000016292fb2000 JavaThread "jar transforms Thread 25" [_thread_blocked, id=1020, stack(0x00000007e0600000,0x00000007e0700000)]
  0x0000016292fb5800 JavaThread "jar transforms Thread 26" [_thread_blocked, id=4072, stack(0x00000007e0700000,0x00000007e0800000)]
  0x0000016292faf800 JavaThread "jar transforms Thread 27" [_thread_blocked, id=1704, stack(0x00000007e0800000,0x00000007e0900000)]
  0x0000016292fb6000 JavaThread "jar transforms Thread 28" [_thread_blocked, id=9048, stack(0x00000007e0900000,0x00000007e0a00000)]
  0x0000016292fb0800 JavaThread "jar transforms Thread 29" [_thread_blocked, id=8028, stack(0x00000007e0a00000,0x00000007e0b00000)]
  0x0000016292fb1800 JavaThread "jar transforms Thread 30" [_thread_blocked, id=4548, stack(0x00000007e0b00000,0x00000007e0c00000)]
  0x0000016292fb3000 JavaThread "jar transforms Thread 31" [_thread_blocked, id=6320, stack(0x00000007e0c00000,0x00000007e0d00000)]
  0x0000016292fb4000 JavaThread "jar transforms Thread 32" [_thread_blocked, id=8172, stack(0x00000007e0d00000,0x00000007e0e00000)]
  0x0000016294300800 JavaThread "jar transforms Thread 33" [_thread_blocked, id=580, stack(0x00000007e0e00000,0x00000007e0f00000)]
  0x0000016294306000 JavaThread "jar transforms Thread 34" [_thread_blocked, id=5180, stack(0x00000007e0f00000,0x00000007e1000000)]
  0x0000016294304800 JavaThread "jar transforms Thread 35" [_thread_blocked, id=108, stack(0x00000007e1000000,0x00000007e1100000)]
  0x0000016294303800 JavaThread "jar transforms Thread 36" [_thread_blocked, id=4892, stack(0x00000007e1100000,0x00000007e1200000)]
  0x0000016294305000 JavaThread "jar transforms Thread 37" [_thread_blocked, id=8308, stack(0x00000007e1200000,0x00000007e1300000)]
  0x0000016294307000 JavaThread "jar transforms Thread 38" [_thread_blocked, id=5576, stack(0x00000007e1300000,0x00000007e1400000)]
  0x0000016294302000 JavaThread "jar transforms Thread 39" [_thread_blocked, id=5392, stack(0x00000007e1400000,0x00000007e1500000)]
  0x0000016294301000 JavaThread "jar transforms Thread 40" [_thread_blocked, id=1268, stack(0x00000007e1500000,0x00000007e1600000)]
  0x0000016294307800 JavaThread "jar transforms Thread 41" [_thread_blocked, id=5596, stack(0x00000007e1600000,0x00000007e1700000)]
  0x0000016294308800 JavaThread "jar transforms Thread 42" [_thread_blocked, id=4904, stack(0x00000007e1700000,0x00000007e1800000)]
  0x0000016294302800 JavaThread "jar transforms Thread 43" [_thread_blocked, id=7228, stack(0x00000007e1800000,0x00000007e1900000)]
  0x000001629430a000 JavaThread "jar transforms Thread 44" [_thread_blocked, id=7804, stack(0x00000007e1900000,0x00000007e1a00000)]
  0x000001629430c800 JavaThread "jar transforms Thread 45" [_thread_blocked, id=3204, stack(0x00000007e1a00000,0x00000007e1b00000)]
  0x000001629430b000 JavaThread "jar transforms Thread 46" [_thread_blocked, id=2696, stack(0x00000007e1b00000,0x00000007e1c00000)]
  0x000001629430b800 JavaThread "jar transforms Thread 47" [_thread_blocked, id=5304, stack(0x00000007e1c00000,0x00000007e1d00000)]
  0x000001629430d800 JavaThread "jar transforms Thread 48" [_thread_blocked, id=1260, stack(0x00000007e1d00000,0x00000007e1e00000)]
  0x000001629430e000 JavaThread "jar transforms Thread 49" [_thread_blocked, id=10116, stack(0x00000007e1e00000,0x00000007e1f00000)]
  0x000001629430f000 JavaThread "jar transforms Thread 50" [_thread_blocked, id=4060, stack(0x00000007e1f00000,0x00000007e2000000)]
  0x0000016294309800 JavaThread "jar transforms Thread 51" [_thread_blocked, id=6648, stack(0x00000007e2000000,0x00000007e2100000)]
  0x000001629159d800 JavaThread "jar transforms Thread 52" [_thread_blocked, id=2868, stack(0x00000007e2100000,0x00000007e2200000)]
  0x000001629159e800 JavaThread "jar transforms Thread 53" [_thread_blocked, id=9992, stack(0x00000007e2200000,0x00000007e2300000)]
  0x00000162915a1000 JavaThread "jar transforms Thread 54" [_thread_blocked, id=9244, stack(0x00000007e2300000,0x00000007e2400000)]
  0x00000162915a0000 JavaThread "jar transforms Thread 55" [_thread_blocked, id=5292, stack(0x00000007e2400000,0x00000007e2500000)]
  0x000001629159d000 JavaThread "jar transforms Thread 56" [_thread_blocked, id=8252, stack(0x00000007e2500000,0x00000007e2600000)]
  0x000001629159b000 JavaThread "jar transforms Thread 57" [_thread_blocked, id=1556, stack(0x00000007e2600000,0x00000007e2700000)]
  0x000001629159f800 JavaThread "jar transforms Thread 58" [_thread_blocked, id=2412, stack(0x00000007e2700000,0x00000007e2800000)]
  0x00000162915a2000 JavaThread "jar transforms Thread 59" [_thread_blocked, id=3320, stack(0x00000007e2800000,0x00000007e2900000)]
  0x000001629159c000 JavaThread "jar transforms Thread 60" [_thread_blocked, id=1644, stack(0x00000007e2900000,0x00000007e2a00000)]
  0x00000162915a3800 JavaThread "jar transforms Thread 61" [_thread_blocked, id=10164, stack(0x00000007e2a00000,0x00000007e2b00000)]
  0x00000162915a8800 JavaThread "jar transforms Thread 62" [_thread_blocked, id=9588, stack(0x00000007e2b00000,0x00000007e2c00000)]
  0x00000162915a2800 JavaThread "jar transforms Thread 63" [_thread_blocked, id=1912, stack(0x00000007e2c00000,0x00000007e2d00000)]
  0x00000162915a9000 JavaThread "jar transforms Thread 64" [_thread_blocked, id=6752, stack(0x00000007e2d00000,0x00000007e2e00000)]
  0x00000162915aa000 JavaThread "jar transforms Thread 65" [_thread_blocked, id=6744, stack(0x00000007e2e00000,0x00000007e2f00000)]
  0x00000162915a5000 JavaThread "jar transforms Thread 66" [_thread_blocked, id=8520, stack(0x00000007e2f00000,0x00000007e3000000)]
  0x00000162915a4000 JavaThread "jar transforms Thread 67" [_thread_blocked, id=916, stack(0x00000007e3000000,0x00000007e3100000)]
  0x00000162915a7800 JavaThread "jar transforms Thread 68" [_thread_blocked, id=8088, stack(0x00000007e3100000,0x00000007e3200000)]
  0x00000162915a6000 JavaThread "jar transforms Thread 69" [_thread_blocked, id=2952, stack(0x00000007e3200000,0x00000007e3300000)]
  0x00000162915a6800 JavaThread "jar transforms Thread 70" [_thread_blocked, id=8448, stack(0x00000007e3300000,0x00000007e3400000)]
  0x0000016291344800 JavaThread "jar transforms Thread 71" [_thread_blocked, id=3404, stack(0x00000007e3400000,0x00000007e3500000)]
  0x000001629134b000 JavaThread "jar transforms Thread 72" [_thread_blocked, id=10188, stack(0x00000007e3500000,0x00000007e3600000)]
  0x000001629134a000 JavaThread "jar transforms Thread 73" [_thread_blocked, id=912, stack(0x00000007e3600000,0x00000007e3700000)]
  0x0000016291347000 JavaThread "jar transforms Thread 74" [_thread_blocked, id=9332, stack(0x00000007e3700000,0x00000007e3800000)]
  0x0000016291345800 JavaThread "jar transforms Thread 75" [_thread_blocked, id=5772, stack(0x00000007e3800000,0x00000007e3900000)]
  0x0000016291346000 JavaThread "jar transforms Thread 76" [_thread_blocked, id=2640, stack(0x00000007e3900000,0x00000007e3a00000)]
  0x000001629134c000 JavaThread "jar transforms Thread 77" [_thread_blocked, id=5260, stack(0x00000007e3a00000,0x00000007e3b00000)]
  0x000001629134c800 JavaThread "jar transforms Thread 78" [_thread_blocked, id=5136, stack(0x00000007e3b00000,0x00000007e3c00000)]
  0x000001629134d800 JavaThread "jar transforms Thread 79" [_thread_blocked, id=4908, stack(0x00000007e3c00000,0x00000007e3d00000)]
  0x0000016291348800 JavaThread "jar transforms Thread 80" [_thread_blocked, id=5712, stack(0x00000007e3d00000,0x00000007e3e00000)]
  0x0000016291348000 JavaThread "jar transforms Thread 81" [_thread_blocked, id=3456, stack(0x00000007e3e00000,0x00000007e3f00000)]
  0x000001629134e800 JavaThread "jar transforms Thread 82" [_thread_blocked, id=1192, stack(0x00000007e3f00000,0x00000007e4000000)]
  0x000001629134f000 JavaThread "jar transforms Thread 83" [_thread_blocked, id=7860, stack(0x00000007e4000000,0x00000007e4100000)]
  0x0000016291349800 JavaThread "jar transforms Thread 84" [_thread_blocked, id=7540, stack(0x00000007e4100000,0x00000007e4200000)]
  0x0000016291350000 JavaThread "jar transforms Thread 85" [_thread_blocked, id=9984, stack(0x00000007e4200000,0x00000007e4300000)]
  0x0000016291350800 JavaThread "jar transforms Thread 86" [_thread_blocked, id=8284, stack(0x00000007e4300000,0x00000007e4400000)]
  0x0000016291351800 JavaThread "jar transforms Thread 87" [_thread_blocked, id=7264, stack(0x00000007e4400000,0x00000007e4500000)]
  0x0000016291352800 JavaThread "jar transforms Thread 88" [_thread_blocked, id=7312, stack(0x00000007e4500000,0x00000007e4600000)]
  0x0000016291353000 JavaThread "jar transforms Thread 89" [_thread_blocked, id=9432, stack(0x00000007e4600000,0x00000007e4700000)]
  0x000001628fad9800 JavaThread "jar transforms Thread 90" [_thread_blocked, id=6688, stack(0x00000007e4700000,0x00000007e4800000)]
  0x000001628fada800 JavaThread "jar transforms Thread 91" [_thread_blocked, id=2588, stack(0x00000007e4800000,0x00000007e4900000)]
  0x000001628fadd800 JavaThread "jar transforms Thread 92" [_thread_blocked, id=2960, stack(0x00000007e4900000,0x00000007e4a00000)]
  0x000001628fadb000 JavaThread "jar transforms Thread 93" [_thread_blocked, id=6232, stack(0x00000007e4a00000,0x00000007e4b00000)]
  0x000001628fad9000 JavaThread "jar transforms Thread 94" [_thread_blocked, id=9452, stack(0x00000007e4b00000,0x00000007e4c00000)]
  0x000001628fae1000 JavaThread "jar transforms Thread 95" [_thread_blocked, id=6444, stack(0x00000007e4c00000,0x00000007e4d00000)]
  0x000001628fae2000 JavaThread "jar transforms Thread 96" [_thread_blocked, id=8748, stack(0x00000007e4d00000,0x00000007e4e00000)]
  0x000001628fade800 JavaThread "jar transforms Thread 97" [_thread_blocked, id=7468, stack(0x00000007e4e00000,0x00000007e4f00000)]
  0x000001628fadc000 JavaThread "Memory manager" [_thread_blocked, id=7096, stack(0x00000007e4f00000,0x00000007e5000000)]

Other Threads:
=>0x00000162fe077800 VMThread "VM Thread" [stack: 0x00000007dc500000,0x00000007dc600000] [id=7800]
  0x00000162fe264000 WatcherThread [stack: 0x00000007dcf00000,0x00000007dd000000] [id=3288]
  0x00000162f2e11800 GCTaskThread "GC Thread#0" [stack: 0x00000007dc000000,0x00000007dc100000] [id=4628]
  0x00000162fe7ae800 GCTaskThread "GC Thread#1" [stack: 0x00000007dd100000,0x00000007dd200000] [id=9480]
  0x00000162fed90800 GCTaskThread "GC Thread#2" [stack: 0x00000007dd200000,0x00000007dd300000] [id=7716]
  0x00000162fed92000 GCTaskThread "GC Thread#3" [stack: 0x00000007dde00000,0x00000007ddf00000] [id=2212]
  0x00000162f2e42000 ConcurrentGCThread "G1 Main Marker" [stack: 0x00000007dc100000,0x00000007dc200000] [id=5220]
  0x00000162f2e43000 ConcurrentGCThread "G1 Conc#0" [stack: 0x00000007dc200000,0x00000007dc300000] [id=8416]
  0x00000162fd6a3800 ConcurrentGCThread "G1 Refine#0" [stack: 0x00000007dc300000,0x00000007dc400000] [id=1056]
  0x00000162fd6a6000 ConcurrentGCThread "G1 Young RemSet Sampling" [stack: 0x00000007dc400000,0x00000007dc500000] [id=7832]

Threads with active compile tasks:
C2 CompilerThread0  12213 5220       4       com.google.gson.stream.JsonReader::nextQuotedValue (271 bytes)
C2 CompilerThread1  12213 4992   !   4       com.google.common.reflect.TypeVisitor::visit (225 bytes)

VM state:at safepoint (normal execution)

VM Mutex/Monitor currently owned by a thread:  ([mutex/lock_event])
[0x00000162f2dfca90] Threads_lock - owner thread: 0x00000162fe077800
[0x00000162f2dfc850] Heap_lock - owner thread: 0x00000162ffcfc800

Heap address: 0x0000000080000000, size: 2048 MB, Compressed Oops mode: 32-bit
Narrow klass base: 0x0000000000000000, Narrow klass shift: 3
Compressed class space size: 1073741824 Address: 0x0000000100000000

Heap:
 garbage-first heap   total 189440K, used 43920K [0x0000000080000000, 0x0000000100000000)
  region size 1024K, 7 young (7168K), 7 survivors (7168K)
 Metaspace       used 58643K, capacity 60042K, committed 60160K, reserved 1101824K
  class space    used 7425K, capacity 7906K, committed 7936K, reserved 1048576K
Heap Regions: E=young(eden), S=young(survivor), O=old, HS=humongous(starts), HC=humongous(continues), CS=collection set, F=free, A=archive, TAMS=top-at-mark-start (previous, next)
|   0|0x0000000080000000, 0x0000000080100000, 0x0000000080100000|100%| O|  |TAMS 0x0000000080100000, 0x0000000080100000| Untracked 
|   1|0x0000000080100000, 0x0000000080200000, 0x0000000080200000|100%| O|  |TAMS 0x0000000080200000, 0x0000000080200000| Untracked 
|   2|0x0000000080200000, 0x0000000080300000, 0x0000000080300000|100%| O|  |TAMS 0x0000000080300000, 0x0000000080300000| Untracked 
|   3|0x0000000080300000, 0x0000000080400000, 0x0000000080400000|100%|HS|  |TAMS 0x0000000080400000, 0x0000000080400000| Complete 
|   4|0x0000000080400000, 0x0000000080500000, 0x0000000080500000|100%|HC|  |TAMS 0x0000000080500000, 0x0000000080500000| Complete 
|   5|0x0000000080500000, 0x0000000080600000, 0x0000000080600000|100%|HC|  |TAMS 0x0000000080600000, 0x0000000080600000| Complete 
|   6|0x0000000080600000, 0x0000000080700000, 0x0000000080700000|100%| O|  |TAMS 0x0000000080700000, 0x0000000080700000| Untracked 
|   7|0x0000000080700000, 0x0000000080800000, 0x0000000080800000|100%| O|  |TAMS 0x0000000080800000, 0x0000000080800000| Untracked 
|   8|0x0000000080800000, 0x0000000080900000, 0x0000000080900000|100%| O|  |TAMS 0x0000000080900000, 0x0000000080900000| Untracked 
|   9|0x0000000080900000, 0x0000000080a00000, 0x0000000080a00000|100%| O|  |TAMS 0x0000000080a00000, 0x0000000080a00000| Untracked 
|  10|0x0000000080a00000, 0x0000000080b00000, 0x0000000080b00000|100%| O|  |TAMS 0x0000000080b00000, 0x0000000080b00000| Untracked 
|  11|0x0000000080b00000, 0x0000000080c00000, 0x0000000080c00000|100%| O|  |TAMS 0x0000000080c00000, 0x0000000080c00000| Untracked 
|  12|0x0000000080c00000, 0x0000000080d00000, 0x0000000080d00000|100%| O|  |TAMS 0x0000000080cf5200, 0x0000000080d00000| Untracked 
|  13|0x0000000080d00000, 0x0000000080e00000, 0x0000000080e00000|100%|HS|  |TAMS 0x0000000080d00000, 0x0000000080e00000| Complete 
|  14|0x0000000080e00000, 0x0000000080f00000, 0x0000000080f00000|100%|HS|  |TAMS 0x0000000080e00000, 0x0000000080f00000| Complete 
|  15|0x0000000080f00000, 0x0000000081000000, 0x0000000081000000|100%|HC|  |TAMS 0x0000000080f00000, 0x0000000081000000| Complete 
|  16|0x0000000081000000, 0x0000000081100000, 0x0000000081100000|100%| O|  |TAMS 0x0000000081000000, 0x0000000081100000| Untracked 
|  17|0x0000000081100000, 0x0000000081200000, 0x0000000081200000|100%| O|  |TAMS 0x0000000081100000, 0x0000000081200000| Untracked 
|  18|0x0000000081200000, 0x0000000081300000, 0x0000000081300000|100%| O|  |TAMS 0x0000000081200000, 0x0000000081300000| Untracked 
|  19|0x0000000081300000, 0x0000000081400000, 0x0000000081400000|100%| O|  |TAMS 0x0000000081300000, 0x0000000081400000| Untracked 
|  20|0x0000000081400000, 0x0000000081500000, 0x0000000081500000|100%| O|  |TAMS 0x0000000081400000, 0x0000000081500000| Untracked 
|  21|0x0000000081500000, 0x0000000081600000, 0x0000000081600000|100%| O|  |TAMS 0x0000000081500000, 0x0000000081600000| Untracked 
|  22|0x0000000081600000, 0x0000000081700000, 0x0000000081700000|100%| O|  |TAMS 0x0000000081600000, 0x0000000081700000| Untracked 
|  23|0x0000000081700000, 0x0000000081800000, 0x0000000081800000|100%| O|  |TAMS 0x0000000081700000, 0x0000000081800000| Untracked 
|  24|0x0000000081800000, 0x0000000081800000, 0x0000000081900000|  0%| F|  |TAMS 0x0000000081800000, 0x0000000081800000| Untracked 
|  25|0x0000000081900000, 0x0000000081a00000, 0x0000000081a00000|100%| O|  |TAMS 0x0000000081900000, 0x0000000081a00000| Untracked 
|  26|0x0000000081a00000, 0x0000000081b00000, 0x0000000081b00000|100%| O|  |TAMS 0x0000000081a00000, 0x0000000081b00000| Untracked 
|  27|0x0000000081b00000, 0x0000000081c00000, 0x0000000081c00000|100%| O|  |TAMS 0x0000000081b00000, 0x0000000081c00000| Untracked 
|  28|0x0000000081c00000, 0x0000000081d00000, 0x0000000081d00000|100%| O|  |TAMS 0x0000000081c00000, 0x0000000081d00000| Untracked 
|  29|0x0000000081d00000, 0x0000000081e00000, 0x0000000081e00000|100%| O|  |TAMS 0x0000000081d00000, 0x0000000081e00000| Untracked 
|  30|0x0000000081e00000, 0x0000000081f00000, 0x0000000081f00000|100%| O|  |TAMS 0x0000000081e00000, 0x0000000081f00000| Untracked 
|  31|0x0000000081f00000, 0x0000000082000000, 0x0000000082000000|100%| O|  |TAMS 0x0000000081f00000, 0x0000000082000000| Untracked 
|  32|0x0000000082000000, 0x0000000082100000, 0x0000000082100000|100%| O|  |TAMS 0x0000000082000000, 0x0000000082100000| Untracked 
|  33|0x0000000082100000, 0x0000000082200000, 0x0000000082200000|100%| O|  |TAMS 0x0000000082100000, 0x0000000082200000| Untracked 
|  34|0x0000000082200000, 0x0000000082300000, 0x0000000082300000|100%| O|  |TAMS 0x0000000082200000, 0x0000000082300000| Untracked 
|  35|0x0000000082300000, 0x0000000082400000, 0x0000000082400000|100%| O|  |TAMS 0x0000000082300000, 0x0000000082400000| Untracked 
|  36|0x0000000082400000, 0x00000000824ef000, 0x0000000082500000| 93%| O|  |TAMS 0x0000000082400000, 0x00000000824ef000| Untracked 
|  37|0x0000000082500000, 0x0000000082500000, 0x0000000082600000|  0%| F|  |TAMS 0x0000000082500000, 0x0000000082500000| Untracked 
|  38|0x0000000082600000, 0x0000000082600000, 0x0000000082700000|  0%| F|  |TAMS 0x0000000082600000, 0x0000000082600000| Untracked 
|  39|0x0000000082700000, 0x0000000082700000, 0x0000000082800000|  0%| F|  |TAMS 0x0000000082700000, 0x0000000082700000| Untracked 
|  40|0x0000000082800000, 0x0000000082800000, 0x0000000082900000|  0%| F|  |TAMS 0x0000000082800000, 0x0000000082800000| Untracked 
|  41|0x0000000082900000, 0x0000000082900000, 0x0000000082a00000|  0%| F|  |TAMS 0x0000000082900000, 0x0000000082900000| Untracked 
|  42|0x0000000082a00000, 0x0000000082a00000, 0x0000000082b00000|  0%| F|  |TAMS 0x0000000082a00000, 0x0000000082a00000| Untracked 
|  43|0x0000000082b00000, 0x0000000082b00000, 0x0000000082c00000|  0%| F|  |TAMS 0x0000000082b00000, 0x0000000082b00000| Untracked 
|  44|0x0000000082c00000, 0x0000000082c00000, 0x0000000082d00000|  0%| F|  |TAMS 0x0000000082c00000, 0x0000000082c00000| Untracked 
|  45|0x0000000082d00000, 0x0000000082d00000, 0x0000000082e00000|  0%| F|  |TAMS 0x0000000082d00000, 0x0000000082d00000| Untracked 
|  46|0x0000000082e00000, 0x0000000082e00000, 0x0000000082f00000|  0%| F|  |TAMS 0x0000000082e00000, 0x0000000082e00000| Untracked 
|  47|0x0000000082f00000, 0x0000000082f00000, 0x0000000083000000|  0%| F|  |TAMS 0x0000000082f00000, 0x0000000082f00000| Untracked 
|  48|0x0000000083000000, 0x0000000083000000, 0x0000000083100000|  0%| F|  |TAMS 0x0000000083000000, 0x0000000083000000| Untracked 
|  49|0x0000000083100000, 0x0000000083100000, 0x0000000083200000|  0%| F|  |TAMS 0x0000000083100000, 0x0000000083100000| Untracked 
|  50|0x0000000083200000, 0x0000000083200000, 0x0000000083300000|  0%| F|  |TAMS 0x0000000083200000, 0x0000000083200000| Untracked 
|  51|0x0000000083300000, 0x0000000083300000, 0x0000000083400000|  0%| F|  |TAMS 0x0000000083300000, 0x0000000083300000| Untracked 
|  52|0x0000000083400000, 0x0000000083400000, 0x0000000083500000|  0%| F|  |TAMS 0x0000000083400000, 0x0000000083400000| Untracked 
|  53|0x0000000083500000, 0x0000000083500000, 0x0000000083600000|  0%| F|  |TAMS 0x0000000083500000, 0x0000000083500000| Untracked 
|  54|0x0000000083600000, 0x0000000083600000, 0x0000000083700000|  0%| F|  |TAMS 0x0000000083600000, 0x0000000083600000| Untracked 
|  55|0x0000000083700000, 0x0000000083700000, 0x0000000083800000|  0%| F|  |TAMS 0x0000000083700000, 0x0000000083700000| Untracked 
|  56|0x0000000083800000, 0x0000000083800000, 0x0000000083900000|  0%| F|  |TAMS 0x0000000083800000, 0x0000000083800000| Untracked 
|  57|0x0000000083900000, 0x0000000083900000, 0x0000000083a00000|  0%| F|  |TAMS 0x0000000083900000, 0x0000000083900000| Untracked 
|  58|0x0000000083a00000, 0x0000000083a00000, 0x0000000083b00000|  0%| F|  |TAMS 0x0000000083a00000, 0x0000000083a00000| Untracked 
|  59|0x0000000083b00000, 0x0000000083b00000, 0x0000000083c00000|  0%| F|  |TAMS 0x0000000083b00000, 0x0000000083b00000| Untracked 
|  60|0x0000000083c00000, 0x0000000083c00000, 0x0000000083d00000|  0%| F|  |TAMS 0x0000000083c00000, 0x0000000083c00000| Untracked 
|  61|0x0000000083d00000, 0x0000000083d00000, 0x0000000083e00000|  0%| F|  |TAMS 0x0000000083d00000, 0x0000000083d00000| Untracked 
|  62|0x0000000083e00000, 0x0000000083e00000, 0x0000000083f00000|  0%| F|  |TAMS 0x0000000083e00000, 0x0000000083e00000| Untracked 
|  63|0x0000000083f00000, 0x0000000083f00000, 0x0000000084000000|  0%| F|  |TAMS 0x0000000083f00000, 0x0000000083f00000| Untracked 
|  64|0x0000000084000000, 0x0000000084000000, 0x0000000084100000|  0%| F|  |TAMS 0x0000000084000000, 0x0000000084000000| Untracked 
|  65|0x0000000084100000, 0x0000000084100000, 0x0000000084200000|  0%| F|  |TAMS 0x0000000084100000, 0x0000000084100000| Untracked 
|  66|0x0000000084200000, 0x0000000084200000, 0x0000000084300000|  0%| F|  |TAMS 0x0000000084200000, 0x0000000084200000| Untracked 
|  67|0x0000000084300000, 0x0000000084300000, 0x0000000084400000|  0%| F|  |TAMS 0x0000000084300000, 0x0000000084300000| Untracked 
|  68|0x0000000084400000, 0x0000000084400000, 0x0000000084500000|  0%| F|  |TAMS 0x0000000084400000, 0x0000000084400000| Untracked 
|  69|0x0000000084500000, 0x0000000084500000, 0x0000000084600000|  0%| F|  |TAMS 0x0000000084500000, 0x0000000084500000| Untracked 
|  70|0x0000000084600000, 0x0000000084600000, 0x0000000084700000|  0%| F|  |TAMS 0x0000000084600000, 0x0000000084600000| Untracked 
|  71|0x0000000084700000, 0x0000000084700000, 0x0000000084800000|  0%| F|  |TAMS 0x0000000084700000, 0x0000000084700000| Untracked 
|  72|0x0000000084800000, 0x00000000848f5160, 0x0000000084900000| 95%| S|CS|TAMS 0x0000000084800000, 0x0000000084800000| Complete 
|  73|0x0000000084900000, 0x0000000084a00000, 0x0000000084a00000|100%| S|CS|TAMS 0x0000000084900000, 0x0000000084900000| Complete 
|  74|0x0000000084a00000, 0x0000000084b00000, 0x0000000084b00000|100%| S|CS|TAMS 0x0000000084a00000, 0x0000000084a00000| Complete 
|  75|0x0000000084b00000, 0x0000000084c00000, 0x0000000084c00000|100%| S|CS|TAMS 0x0000000084b00000, 0x0000000084b00000| Complete 
|  76|0x0000000084c00000, 0x0000000084d00000, 0x0000000084d00000|100%| S|CS|TAMS 0x0000000084c00000, 0x0000000084c00000| Complete 
|  77|0x0000000084d00000, 0x0000000084e00000, 0x0000000084e00000|100%| S|CS|TAMS 0x0000000084d00000, 0x0000000084d00000| Complete 
|  78|0x0000000084e00000, 0x0000000084f00000, 0x0000000084f00000|100%| S|CS|TAMS 0x0000000084e00000, 0x0000000084e00000| Complete 
|  79|0x0000000084f00000, 0x0000000084f00000, 0x0000000085000000|  0%| F|  |TAMS 0x0000000084f00000, 0x0000000084f00000| Untracked 
|  80|0x0000000085000000, 0x0000000085000000, 0x0000000085100000|  0%| F|  |TAMS 0x0000000085000000, 0x0000000085000000| Untracked 
|  81|0x0000000085100000, 0x0000000085100000, 0x0000000085200000|  0%| F|  |TAMS 0x0000000085100000, 0x0000000085100000| Untracked 
|  82|0x0000000085200000, 0x0000000085200000, 0x0000000085300000|  0%| F|  |TAMS 0x0000000085200000, 0x0000000085200000| Untracked 
|  83|0x0000000085300000, 0x0000000085300000, 0x0000000085400000|  0%| F|  |TAMS 0x0000000085300000, 0x0000000085300000| Untracked 
|  84|0x0000000085400000, 0x0000000085400000, 0x0000000085500000|  0%| F|  |TAMS 0x0000000085400000, 0x0000000085400000| Untracked 
|  85|0x0000000085500000, 0x0000000085500000, 0x0000000085600000|  0%| F|  |TAMS 0x0000000085500000, 0x0000000085500000| Untracked 
|  86|0x0000000085600000, 0x0000000085600000, 0x0000000085700000|  0%| F|  |TAMS 0x0000000085600000, 0x0000000085600000| Untracked 
|  87|0x0000000085700000, 0x0000000085700000, 0x0000000085800000|  0%| F|  |TAMS 0x0000000085700000, 0x0000000085700000| Untracked 
|  88|0x0000000085800000, 0x0000000085800000, 0x0000000085900000|  0%| F|  |TAMS 0x0000000085800000, 0x0000000085800000| Untracked 
|  89|0x0000000085900000, 0x0000000085900000, 0x0000000085a00000|  0%| F|  |TAMS 0x0000000085900000, 0x0000000085900000| Untracked 
|  90|0x0000000085a00000, 0x0000000085a00000, 0x0000000085b00000|  0%| F|  |TAMS 0x0000000085a00000, 0x0000000085a00000| Untracked 
|  91|0x0000000085b00000, 0x0000000085b00000, 0x0000000085c00000|  0%| F|  |TAMS 0x0000000085b00000, 0x0000000085b00000| Untracked 
|  92|0x0000000085c00000, 0x0000000085c00000, 0x0000000085d00000|  0%| F|  |TAMS 0x0000000085c00000, 0x0000000085c00000| Untracked 
|  93|0x0000000085d00000, 0x0000000085d00000, 0x0000000085e00000|  0%| F|  |TAMS 0x0000000085d00000, 0x0000000085d00000| Untracked 
|  94|0x0000000085e00000, 0x0000000085e00000, 0x0000000085f00000|  0%| F|  |TAMS 0x0000000085e00000, 0x0000000085e00000| Untracked 
|  95|0x0000000085f00000, 0x0000000085f00000, 0x0000000086000000|  0%| F|  |TAMS 0x0000000085f00000, 0x0000000085f00000| Untracked 
|  96|0x0000000086000000, 0x0000000086000000, 0x0000000086100000|  0%| F|  |TAMS 0x0000000086000000, 0x0000000086000000| Untracked 
|  97|0x0000000086100000, 0x0000000086100000, 0x0000000086200000|  0%| F|  |TAMS 0x0000000086100000, 0x0000000086100000| Untracked 
|  98|0x0000000086200000, 0x0000000086200000, 0x0000000086300000|  0%| F|  |TAMS 0x0000000086200000, 0x0000000086200000| Untracked 
|  99|0x0000000086300000, 0x0000000086300000, 0x0000000086400000|  0%| F|  |TAMS 0x0000000086300000, 0x0000000086300000| Untracked 
| 100|0x0000000086400000, 0x0000000086400000, 0x0000000086500000|  0%| F|  |TAMS 0x0000000086400000, 0x0000000086400000| Untracked 
| 101|0x0000000086500000, 0x0000000086500000, 0x0000000086600000|  0%| F|  |TAMS 0x0000000086500000, 0x0000000086500000| Untracked 
| 102|0x0000000086600000, 0x0000000086600000, 0x0000000086700000|  0%| F|  |TAMS 0x0000000086600000, 0x0000000086600000| Untracked 
| 103|0x0000000086700000, 0x0000000086700000, 0x0000000086800000|  0%| F|  |TAMS 0x0000000086700000, 0x0000000086700000| Untracked 
| 104|0x0000000086800000, 0x0000000086800000, 0x0000000086900000|  0%| F|  |TAMS 0x0000000086800000, 0x0000000086800000| Untracked 
| 105|0x0000000086900000, 0x0000000086900000, 0x0000000086a00000|  0%| F|  |TAMS 0x0000000086900000, 0x0000000086900000| Untracked 
| 106|0x0000000086a00000, 0x0000000086a00000, 0x0000000086b00000|  0%| F|  |TAMS 0x0000000086a00000, 0x0000000086a00000| Untracked 
| 107|0x0000000086b00000, 0x0000000086b00000, 0x0000000086c00000|  0%| F|  |TAMS 0x0000000086b00000, 0x0000000086b00000| Untracked 
| 108|0x0000000086c00000, 0x0000000086c00000, 0x0000000086d00000|  0%| F|  |TAMS 0x0000000086c00000, 0x0000000086c00000| Untracked 
| 109|0x0000000086d00000, 0x0000000086d00000, 0x0000000086e00000|  0%| F|  |TAMS 0x0000000086d00000, 0x0000000086d00000| Untracked 
| 110|0x0000000086e00000, 0x0000000086e00000, 0x0000000086f00000|  0%| F|  |TAMS 0x0000000086e00000, 0x0000000086e00000| Untracked 
| 111|0x0000000086f00000, 0x0000000086f00000, 0x0000000087000000|  0%| F|  |TAMS 0x0000000086f00000, 0x0000000086f00000| Untracked 
| 112|0x0000000087000000, 0x0000000087000000, 0x0000000087100000|  0%| F|  |TAMS 0x0000000087000000, 0x0000000087000000| Untracked 
| 113|0x0000000087100000, 0x0000000087100000, 0x0000000087200000|  0%| F|  |TAMS 0x0000000087100000, 0x0000000087100000| Untracked 
| 114|0x0000000087200000, 0x0000000087200000, 0x0000000087300000|  0%| F|  |TAMS 0x0000000087200000, 0x0000000087200000| Untracked 
| 115|0x0000000087300000, 0x0000000087300000, 0x0000000087400000|  0%| F|  |TAMS 0x0000000087300000, 0x0000000087300000| Untracked 
| 116|0x0000000087400000, 0x0000000087400000, 0x0000000087500000|  0%| F|  |TAMS 0x0000000087400000, 0x0000000087400000| Untracked 
| 117|0x0000000087500000, 0x0000000087500000, 0x0000000087600000|  0%| F|  |TAMS 0x0000000087500000, 0x0000000087500000| Untracked 
| 118|0x0000000087600000, 0x0000000087600000, 0x0000000087700000|  0%| F|  |TAMS 0x0000000087600000, 0x0000000087600000| Untracked 
| 119|0x0000000087700000, 0x0000000087700000, 0x0000000087800000|  0%| F|  |TAMS 0x0000000087700000, 0x0000000087700000| Untracked 
| 120|0x0000000087800000, 0x0000000087800000, 0x0000000087900000|  0%| F|  |TAMS 0x0000000087800000, 0x0000000087800000| Untracked 
| 121|0x0000000087900000, 0x0000000087900000, 0x0000000087a00000|  0%| F|  |TAMS 0x0000000087900000, 0x0000000087900000| Untracked 
| 122|0x0000000087a00000, 0x0000000087a00000, 0x0000000087b00000|  0%| F|  |TAMS 0x0000000087a00000, 0x0000000087a00000| Untracked 
| 123|0x0000000087b00000, 0x0000000087b00000, 0x0000000087c00000|  0%| F|  |TAMS 0x0000000087b00000, 0x0000000087b00000| Untracked 
| 124|0x0000000087c00000, 0x0000000087c00000, 0x0000000087d00000|  0%| F|  |TAMS 0x0000000087c00000, 0x0000000087c00000| Untracked 
| 125|0x0000000087d00000, 0x0000000087d00000, 0x0000000087e00000|  0%| F|  |TAMS 0x0000000087d00000, 0x0000000087d00000| Untracked 
| 126|0x0000000087e00000, 0x0000000087e00000, 0x0000000087f00000|  0%| F|  |TAMS 0x0000000087e00000, 0x0000000087e00000| Untracked 
| 127|0x0000000087f00000, 0x0000000087f00000, 0x0000000088000000|  0%| F|  |TAMS 0x0000000087f00000, 0x0000000087f00000| Untracked 
| 128|0x0000000088000000, 0x0000000088000000, 0x0000000088100000|  0%| F|  |TAMS 0x0000000088000000, 0x0000000088000000| Untracked 
| 129|0x0000000088100000, 0x0000000088100000, 0x0000000088200000|  0%| F|  |TAMS 0x0000000088100000, 0x0000000088100000| Untracked 
| 130|0x0000000088200000, 0x0000000088200000, 0x0000000088300000|  0%| F|  |TAMS 0x0000000088200000, 0x0000000088200000| Untracked 
| 131|0x0000000088300000, 0x0000000088300000, 0x0000000088400000|  0%| F|  |TAMS 0x0000000088300000, 0x0000000088300000| Untracked 
| 132|0x0000000088400000, 0x0000000088400000, 0x0000000088500000|  0%| F|  |TAMS 0x0000000088400000, 0x0000000088400000| Untracked 
| 133|0x0000000088500000, 0x0000000088500000, 0x0000000088600000|  0%| F|  |TAMS 0x0000000088500000, 0x0000000088500000| Untracked 
| 134|0x0000000088600000, 0x0000000088600000, 0x0000000088700000|  0%| F|  |TAMS 0x0000000088600000, 0x0000000088600000| Untracked 
| 135|0x0000000088700000, 0x0000000088700000, 0x0000000088800000|  0%| F|  |TAMS 0x0000000088700000, 0x0000000088700000| Untracked 
| 136|0x0000000088800000, 0x0000000088800000, 0x0000000088900000|  0%| F|  |TAMS 0x0000000088800000, 0x0000000088800000| Untracked 
| 137|0x0000000088900000, 0x0000000088900000, 0x0000000088a00000|  0%| F|  |TAMS 0x0000000088900000, 0x0000000088900000| Untracked 
| 138|0x0000000088a00000, 0x0000000088a00000, 0x0000000088b00000|  0%| F|  |TAMS 0x0000000088a00000, 0x0000000088a00000| Untracked 
| 139|0x0000000088b00000, 0x0000000088b00000, 0x0000000088c00000|  0%| F|  |TAMS 0x0000000088b00000, 0x0000000088b00000| Untracked 
| 140|0x0000000088c00000, 0x0000000088c00000, 0x0000000088d00000|  0%| F|  |TAMS 0x0000000088c00000, 0x0000000088c00000| Untracked 
| 141|0x0000000088d00000, 0x0000000088d00000, 0x0000000088e00000|  0%| F|  |TAMS 0x0000000088d00000, 0x0000000088d00000| Untracked 
| 142|0x0000000088e00000, 0x0000000088e00000, 0x0000000088f00000|  0%| F|  |TAMS 0x0000000088e00000, 0x0000000088e00000| Untracked 
| 143|0x0000000088f00000, 0x0000000088f00000, 0x0000000089000000|  0%| F|  |TAMS 0x0000000088f00000, 0x0000000088f00000| Untracked 
| 144|0x0000000089000000, 0x0000000089000000, 0x0000000089100000|  0%| F|  |TAMS 0x0000000089000000, 0x0000000089000000| Untracked 
| 145|0x0000000089100000, 0x0000000089100000, 0x0000000089200000|  0%| F|  |TAMS 0x0000000089100000, 0x0000000089100000| Untracked 
| 146|0x0000000089200000, 0x0000000089200000, 0x0000000089300000|  0%| F|  |TAMS 0x0000000089200000, 0x0000000089200000| Untracked 
| 147|0x0000000089300000, 0x0000000089300000, 0x0000000089400000|  0%| F|  |TAMS 0x0000000089300000, 0x0000000089300000| Untracked 
| 148|0x0000000089400000, 0x0000000089400000, 0x0000000089500000|  0%| F|  |TAMS 0x0000000089400000, 0x0000000089400000| Untracked 
| 149|0x0000000089500000, 0x0000000089500000, 0x0000000089600000|  0%| F|  |TAMS 0x0000000089500000, 0x0000000089500000| Untracked 
| 150|0x0000000089600000, 0x0000000089600000, 0x0000000089700000|  0%| F|  |TAMS 0x0000000089600000, 0x0000000089600000| Untracked 
| 151|0x0000000089700000, 0x0000000089700000, 0x0000000089800000|  0%| F|  |TAMS 0x0000000089700000, 0x0000000089700000| Untracked 
| 152|0x0000000089800000, 0x0000000089800000, 0x0000000089900000|  0%| F|  |TAMS 0x0000000089800000, 0x0000000089800000| Untracked 
| 153|0x0000000089900000, 0x0000000089900000, 0x0000000089a00000|  0%| F|  |TAMS 0x0000000089900000, 0x0000000089900000| Untracked 

Card table byte_map: [0x00000162f6b40000,0x00000162f6f40000] _byte_map_base: 0x00000162f6740000

Marking Bits (Prev, Next): (CMBitMap*) 0x00000162f2e390e8, (CMBitMap*) 0x00000162f2e39120
 Prev Bits: [0x00000162f7340000, 0x00000162f9340000)
 Next Bits: [0x00000162f9340000, 0x00000162fb340000)

Polling page: 0x00000162f0d00000

Metaspace:

Usage:
  Non-class:     50.91 MB capacity,    50.02 MB ( 98%) used,   785.50 KB (  2%) free+waste,   132.50 KB ( <1%) overhead. 
      Class:      7.72 MB capacity,     7.25 MB ( 94%) used,   417.52 KB (  5%) free+waste,    62.63 KB ( <1%) overhead. 
       Both:     58.63 MB capacity,    57.27 MB ( 98%) used,     1.17 MB (  2%) free+waste,   195.13 KB ( <1%) overhead. 

Virtual space:
  Non-class space:       52.00 MB reserved,      51.00 MB ( 98%) committed 
      Class space:        1.00 GB reserved,       7.75 MB ( <1%) committed 
             Both:        1.05 GB reserved,      58.75 MB (  5%) committed 

Chunk freelists:
   Non-Class:  24.00 KB
       Class:  30.00 KB
        Both:  54.00 KB

MaxMetaspaceSize: 17179869184.00 GB
CompressedClassSpaceSize: 1.00 GB

CodeHeap 'non-profiled nmethods': size=120064Kb used=2711Kb max_used=2711Kb free=117352Kb
 bounds [0x0000016287ac0000, 0x0000016287d70000, 0x000001628f000000]
CodeHeap 'profiled nmethods': size=120000Kb used=10668Kb max_used=10668Kb free=109331Kb
 bounds [0x0000016280590000, 0x0000016281000000, 0x0000016287ac0000]
CodeHeap 'non-nmethods': size=5696Kb used=2231Kb max_used=2271Kb free=3464Kb
 bounds [0x0000016280000000, 0x0000016280270000, 0x0000016280590000]
 total_blobs=5833 nmethods=5022 adapters=722
 compilation: enabled
              stopped_count=0, restarted_count=0
 full_count=0

Compilation events (20 events):
Event: 12.128 Thread 0x00000162fe0da000 5263       3       kotlin.collections.ArraysKt___ArraysJvmKt::asList (17 bytes)
Event: 12.129 Thread 0x00000162fe0da000 nmethod 5263 0x0000016280ffb210 code [0x0000016280ffb440, 0x0000016280ffba88]
Event: 12.129 Thread 0x00000162fe0da000 5264       3       kotlin.collections.ArraysUtilJVM::asList (5 bytes)
Event: 12.129 Thread 0x00000162fe0da000 nmethod 5264 0x0000016280ffbd10 code [0x0000016280ffbf00, 0x0000016280ffc3c8]
Event: 12.129 Thread 0x00000162fe0da000 5265       3       java.util.Arrays$ArrayList::get (7 bytes)
Event: 12.129 Thread 0x00000162fe0da000 nmethod 5265 0x0000016280ffc590 code [0x0000016280ffc740, 0x0000016280ffc878]
Event: 12.129 Thread 0x00000162fe0da000 5266       3       kotlin.text.StringsKt__StringsJVMKt::replace$default (17 bytes)
Event: 12.130 Thread 0x00000162fe0da000 nmethod 5266 0x0000016280ffc990 code [0x0000016280ffcb40, 0x0000016280ffcc88]
Event: 12.130 Thread 0x00000162fe0da000 5267       3       kotlin.text.StringsKt__StringsJVMKt::replace (65 bytes)
Event: 12.130 Thread 0x00000162fe0da000 nmethod 5267 0x0000016280ffcd90 code [0x0000016280ffcfc0, 0x0000016280ffd668]
Event: 12.130 Thread 0x00000162fe0da000 5268       3       kotlin.text.StringsKt__StringsKt::splitToSequence$default (26 bytes)
Event: 12.131 Thread 0x00000162fe0da000 nmethod 5268 0x0000016280ffd910 code [0x0000016280ffdac0, 0x0000016280ffdc48]
Event: 12.133 Thread 0x00000162fe0da000 5269       3       java.util.regex.Pattern$Dollar::<init> (10 bytes)
Event: 12.134 Thread 0x00000162fe0da000 nmethod 5269 0x0000016280ffdd10 code [0x0000016280ffdee0, 0x0000016280ffe118]
Event: 12.138 Thread 0x00000162fe0da000 5270       1       com.android.tools.build.jetifier.core.pom.PomDependency::getGroupId (5 bytes)
Event: 12.138 Thread 0x00000162fe0da000 nmethod 5270 0x0000016287b51e90 code [0x0000016287b52040, 0x0000016287b520f8]
Event: 12.139 Thread 0x00000162fe0da000 5271       1       com.android.tools.build.jetifier.core.pom.PomDependency::getArtifactId (5 bytes)
Event: 12.139 Thread 0x00000162fe0da000 nmethod 5271 0x0000016287b51b90 code [0x0000016287b51d40, 0x0000016287b51df8]
Event: 12.139 Thread 0x00000162fe0da000 5272       1       com.android.tools.build.jetifier.core.pom.PomDependency::getVersion (5 bytes)
Event: 12.139 Thread 0x00000162fe0da000 nmethod 5272 0x0000016287b51890 code [0x0000016287b51a40, 0x0000016287b51af8]

GC Heap History (19 events):
Event: 0.990 GC heap before
{Heap before GC invocations=0 (full 0):
 garbage-first heap   total 131072K, used 19456K [0x0000000080000000, 0x0000000100000000)
  region size 1024K, 14 young (14336K), 0 survivors (0K)
 Metaspace       used 7449K, capacity 7615K, committed 7680K, reserved 1056768K
  class space    used 686K, capacity 748K, committed 768K, reserved 1048576K
}
Event: 0.996 GC heap after
{Heap after GC invocations=1 (full 0):
 garbage-first heap   total 131072K, used 8117K [0x0000000080000000, 0x0000000100000000)
  region size 1024K, 2 young (2048K), 2 survivors (2048K)
 Metaspace       used 7449K, capacity 7615K, committed 7680K, reserved 1056768K
  class space    used 686K, capacity 748K, committed 768K, reserved 1048576K
}
Event: 1.518 GC heap before
{Heap before GC invocations=1 (full 0):
 garbage-first heap   total 131072K, used 20405K [0x0000000080000000, 0x0000000100000000)
  region size 1024K, 14 young (14336K), 2 survivors (2048K)
 Metaspace       used 10839K, capacity 11080K, committed 11264K, reserved 1058816K
  class space    used 1142K, capacity 1201K, committed 1280K, reserved 1048576K
}
Event: 1.523 GC heap after
{Heap after GC invocations=2 (full 0):
 garbage-first heap   total 131072K, used 9257K [0x0000000080000000, 0x0000000100000000)
  region size 1024K, 1 young (1024K), 1 survivors (1024K)
 Metaspace       used 10839K, capacity 11080K, committed 11264K, reserved 1058816K
  class space    used 1142K, capacity 1201K, committed 1280K, reserved 1048576K
}
Event: 2.028 GC heap before
{Heap before GC invocations=2 (full 0):
 garbage-first heap   total 131072K, used 36905K [0x0000000080000000, 0x0000000100000000)
  region size 1024K, 29 young (29696K), 1 survivors (1024K)
 Metaspace       used 10984K, capacity 11208K, committed 11520K, reserved 1058816K
  class space    used 1144K, capacity 1201K, committed 1280K, reserved 1048576K
}
Event: 2.035 GC heap after
{Heap after GC invocations=3 (full 0):
 garbage-first heap   total 131072K, used 13303K [0x0000000080000000, 0x0000000100000000)
  region size 1024K, 4 young (4096K), 4 survivors (4096K)
 Metaspace       used 10984K, capacity 11208K, committed 11520K, reserved 1058816K
  class space    used 1144K, capacity 1201K, committed 1280K, reserved 1048576K
}
Event: 4.282 GC heap before
{Heap before GC invocations=3 (full 0):
 garbage-first heap   total 131072K, used 54263K [0x0000000080000000, 0x0000000100000000)
  region size 1024K, 44 young (45056K), 4 survivors (4096K)
 Metaspace       used 18890K, capacity 19405K, committed 19584K, reserved 1067008K
  class space    used 2281K, capacity 2394K, committed 2432K, reserved 1048576K
}
Event: 4.292 GC heap after
{Heap after GC invocations=4 (full 0):
 garbage-first heap   total 131072K, used 16175K [0x0000000080000000, 0x0000000100000000)
  region size 1024K, 3 young (3072K), 3 survivors (3072K)
 Metaspace       used 18890K, capacity 19405K, committed 19584K, reserved 1067008K
  class space    used 2281K, capacity 2394K, committed 2432K, reserved 1048576K
}
Event: 4.491 GC heap before
{Heap before GC invocations=4 (full 0):
 garbage-first heap   total 131072K, used 28463K [0x0000000080000000, 0x0000000100000000)
  region size 1024K, 16 young (16384K), 3 survivors (3072K)
 Metaspace       used 20601K, capacity 21111K, committed 21248K, reserved 1067008K
  class space    used 2526K, capacity 2712K, committed 2816K, reserved 1048576K
}
Event: 4.499 GC heap after
{Heap after GC invocations=5 (full 0):
 garbage-first heap   total 157696K, used 16590K [0x0000000080000000, 0x0000000100000000)
  region size 1024K, 4 young (4096K), 4 survivors (4096K)
 Metaspace       used 20601K, capacity 21111K, committed 21248K, reserved 1067008K
  class space    used 2526K, capacity 2712K, committed 2816K, reserved 1048576K
}
Event: 5.610 GC heap before
{Heap before GC invocations=6 (full 0):
 garbage-first heap   total 157696K, used 71886K [0x0000000080000000, 0x0000000100000000)
  region size 1024K, 59 young (60416K), 4 survivors (4096K)
 Metaspace       used 26776K, capacity 27409K, committed 27648K, reserved 1073152K
  class space    used 3522K, capacity 3753K, committed 3840K, reserved 1048576K
}
Event: 5.619 GC heap after
{Heap after GC invocations=7 (full 0):
 garbage-first heap   total 157696K, used 18553K [0x0000000080000000, 0x0000000100000000)
  region size 1024K, 6 young (6144K), 6 survivors (6144K)
 Metaspace       used 26776K, capacity 27409K, committed 27648K, reserved 1073152K
  class space    used 3522K, capacity 3753K, committed 3840K, reserved 1048576K
}
Event: 6.748 GC heap before
{Heap before GC invocations=7 (full 0):
 garbage-first heap   total 157696K, used 60537K [0x0000000080000000, 0x0000000100000000)
  region size 1024K, 48 young (49152K), 6 survivors (6144K)
 Metaspace       used 35114K, capacity 35829K, committed 35840K, reserved 1081344K
  class space    used 4570K, capacity 4856K, committed 4864K, reserved 1048576K
}
Event: 6.765 GC heap after
{Heap after GC invocations=8 (full 0):
 garbage-first heap   total 157696K, used 21684K [0x0000000080000000, 0x0000000100000000)
  region size 1024K, 9 young (9216K), 9 survivors (9216K)
 Metaspace       used 35114K, capacity 35829K, committed 35840K, reserved 1081344K
  class space    used 4570K, capacity 4856K, committed 4864K, reserved 1048576K
}
Event: 8.515 GC heap before
{Heap before GC invocations=9 (full 0):
 garbage-first heap   total 157696K, used 109748K [0x0000000080000000, 0x0000000100000000)
  region size 1024K, 92 young (94208K), 9 survivors (9216K)
 Metaspace       used 43248K, capacity 44215K, committed 44416K, reserved 1087488K
  class space    used 5562K, capacity 5903K, committed 6016K, reserved 1048576K
}
Event: 8.540 GC heap after
{Heap after GC invocations=10 (full 0):
 garbage-first heap   total 157696K, used 25726K [0x0000000080000000, 0x0000000100000000)
  region size 1024K, 10 young (10240K), 10 survivors (10240K)
 Metaspace       used 43248K, capacity 44215K, committed 44416K, reserved 1087488K
  class space    used 5562K, capacity 5903K, committed 6016K, reserved 1048576K
}
Event: 10.152 GC heap before
{Heap before GC invocations=10 (full 0):
 garbage-first heap   total 157696K, used 111742K [0x0000000080000000, 0x0000000100000000)
  region size 1024K, 92 young (94208K), 10 survivors (10240K)
 Metaspace       used 49141K, capacity 50365K, committed 50560K, reserved 1093632K
  class space    used 6257K, capacity 6658K, committed 6784K, reserved 1048576K
}
Event: 10.175 GC heap after
{Heap after GC invocations=11 (full 0):
 garbage-first heap   total 157696K, used 36629K [0x0000000080000000, 0x0000000100000000)
  region size 1024K, 12 young (12288K), 12 survivors (12288K)
 Metaspace       used 49141K, capacity 50365K, committed 50560K, reserved 1093632K
  class space    used 6257K, capacity 6658K, committed 6784K, reserved 1048576K
}
Event: 12.143 GC heap before
{Heap before GC invocations=11 (full 0):
 garbage-first heap   total 157696K, used 112405K [0x0000000080000000, 0x0000000100000000)
  region size 1024K, 87 young (89088K), 12 survivors (12288K)
 Metaspace       used 58643K, capacity 60042K, committed 60160K, reserved 1101824K
  class space    used 7425K, capacity 7906K, committed 7936K, reserved 1048576K
}

Deoptimization events (20 events):
Event: 11.184 Thread 0x00000162ffcfc800 Uncommon trap: trap_request=0xffffff7e fr.pc=0x0000016287cd8fd8 relative=0x0000000000002f38
Event: 11.184 Thread 0x00000162ffcfc800 Uncommon trap: reason=predicate action=maybe_recompile pc=0x0000016287cd8fd8 method=java.util.Arrays.binarySearch0([Ljava/lang/Object;IILjava/lang/Object;Ljava/util/Comparator;)I @ 25 c2
Event: 11.184 Thread 0x00000162ffcfc800 DEOPT PACKING pc=0x0000016287cd8fd8 sp=0x00000007ddaf3980
Event: 11.184 Thread 0x00000162ffcfc800 DEOPT UNPACKING pc=0x000001628002742f sp=0x00000007ddaf3988 mode 2
Event: 11.361 Thread 0x00000162ffcfc800 Uncommon trap: trap_request=0xffffff4d fr.pc=0x0000016287b8d3e8 relative=0x0000000000000388
Event: 11.361 Thread 0x00000162ffcfc800 Uncommon trap: reason=unstable_if action=reinterpret pc=0x0000016287b8d3e8 method=java.util.jar.JarFile.maybeInstantiateVerifier()V @ 61 c2
Event: 11.361 Thread 0x00000162ffcfc800 DEOPT PACKING pc=0x0000016287b8d3e8 sp=0x00000007ddaf4a90
Event: 11.361 Thread 0x00000162ffcfc800 DEOPT UNPACKING pc=0x000001628002742f sp=0x00000007ddaf4a18 mode 2
Event: 11.378 Thread 0x00000162ffcfc800 Uncommon trap: trap_request=0xffffff4d fr.pc=0x0000016287cbf948 relative=0x00000000000001e8
Event: 11.378 Thread 0x00000162ffcfc800 Uncommon trap: reason=unstable_if action=reinterpret pc=0x0000016287cbf948 method=java.lang.ThreadLocal.get()Ljava/lang/Object; @ 11 c2
Event: 11.378 Thread 0x00000162ffcfc800 DEOPT PACKING pc=0x0000016287cbf948 sp=0x00000007ddaf4710
Event: 11.378 Thread 0x00000162ffcfc800 DEOPT UNPACKING pc=0x000001628002742f sp=0x00000007ddaf46c0 mode 2
Event: 11.477 Thread 0x00000162ffcfc800 Uncommon trap: trap_request=0xffffff4d fr.pc=0x0000016287c693ac relative=0x000000000000026c
Event: 11.477 Thread 0x00000162ffcfc800 Uncommon trap: reason=unstable_if action=reinterpret pc=0x0000016287c693ac method=java.util.LinkedHashMap.get(Ljava/lang/Object;)Ljava/lang/Object; @ 20 c2
Event: 11.477 Thread 0x00000162ffcfc800 DEOPT PACKING pc=0x0000016287c693ac sp=0x00000007ddaf3ea0
Event: 11.477 Thread 0x00000162ffcfc800 DEOPT UNPACKING pc=0x000001628002742f sp=0x00000007ddaf3e58 mode 2
Event: 11.928 Thread 0x00000162ffcfc800 Uncommon trap: trap_request=0xffffff4d fr.pc=0x0000016287c67720 relative=0x0000000000000340
Event: 11.928 Thread 0x00000162ffcfc800 Uncommon trap: reason=unstable_if action=reinterpret pc=0x0000016287c67720 method=org.gradle.internal.reflect.PropertyAccessorType.of(Ljava/lang/reflect/Method;)Lorg/gradle/internal/reflect/PropertyAccessorType; @ 56 c2
Event: 11.928 Thread 0x00000162ffcfc800 DEOPT PACKING pc=0x0000016287c67720 sp=0x00000007ddaf7b80
Event: 11.928 Thread 0x00000162ffcfc800 DEOPT UNPACKING pc=0x000001628002742f sp=0x00000007ddaf7b40 mode 2

Classes redefined (0 events):
No events

Internal exceptions (20 events):
Event: 9.531 Thread 0x00000162ffa2d000 Exception <a 'java/lang/NoSuchMethodError'{0x0000000086417da8}: <clinit>> (0x0000000086417da8) thrown at [./src/hotspot/share/prims/jni.cpp, line 1362]
Event: 9.533 Thread 0x00000162ffa2d000 Exception <a 'java/lang/NoSuchMethodError'{0x0000000086422268}: <clinit>> (0x0000000086422268) thrown at [./src/hotspot/share/prims/jni.cpp, line 1362]
Event: 9.538 Thread 0x00000162ffa2d000 Exception <a 'java/lang/NoSuchMethodError'{0x0000000086435b98}: <clinit>> (0x0000000086435b98) thrown at [./src/hotspot/share/prims/jni.cpp, line 1362]
Event: 9.574 Thread 0x00000162ffcfc800 Exception <a 'java/lang/ClassNotFoundException'{0x00000000864e22b8}: build_qsf4dvl7fa3v3ro2d06li0xpBeanInfo> (0x00000000864e22b8) thrown at [./src/hotspot/share/classfile/systemDictionary.cpp, line 231]
Event: 9.575 Thread 0x00000162ffcfc800 Exception <a 'java/lang/ClassNotFoundException'{0x00000000864eb0a0}: build_qsf4dvl7fa3v3ro2d06li0xpCustomizer> (0x00000000864eb0a0) thrown at [./src/hotspot/share/classfile/systemDictionary.cpp, line 231]
Event: 9.586 Thread 0x00000162ffcfc800 Exception <a 'java/lang/ClassNotFoundException'{0x000000008635a428}: org/gradle/plugin/use/internal/PluginRequestCollector$PluginDependenciesSpecImplBeanInfo> (0x000000008635a428) thrown at [./src/hotspot/share/classfile/systemDictionary.cpp, line 231]
Event: 9.587 Thread 0x00000162ffcfc800 Exception <a 'java/lang/ClassNotFoundException'{0x0000000086380198}: org/gradle/plugin/use/internal/PluginRequestCollector$PluginDependenciesSpecImplCustomizer> (0x0000000086380198) thrown at [./src/hotspot/share/classfile/systemDictionary.cpp, line 231]
Event: 9.596 Thread 0x00000162ffcfc800 Exception <a 'java/lang/NoSuchMethodError'{0x00000000863f1d80}: 'void java.lang.invoke.DirectMethodHandle$Holder.invokeInterface(java.lang.Object, java.lang.Object)'> (0x00000000863f1d80) thrown at [./src/hotspot/share/interpreter/linkResolver.cpp, line 773]
Event: 9.633 Thread 0x00000162ffcfc800 Exception <a 'java/lang/ClassNotFoundException'{0x00000000861afa10}: org/gradle/api/internal/plugins/DefaultObjectConfigurationActionBeanInfo> (0x00000000861afa10) thrown at [./src/hotspot/share/classfile/systemDictionary.cpp, line 231]
Event: 9.634 Thread 0x00000162ffcfc800 Exception <a 'java/lang/ClassNotFoundException'{0x00000000861db830}: org/gradle/api/internal/plugins/DefaultObjectConfigurationActionCustomizer> (0x00000000861db830) thrown at [./src/hotspot/share/classfile/systemDictionary.cpp, line 231]
Event: 9.825 Thread 0x00000162ffcfc800 Exception <a 'java/lang/NoSuchMethodError'{0x000000008589ff28}: 'java.lang.Object java.lang.invoke.DirectMethodHandle$Holder.invokeStatic(java.lang.Object, java.lang.Object, java.lang.Object, java.lang.Object, int)'> (0x000000008589ff28) thrown at [./src/hotspot/share/interpreter/linkResolver.cpp, line 773]
Event: 9.826 Thread 0x00000162ffcfc800 Exception <a 'java/lang/NoSuchMethodError'{0x00000000858a4920}: 'java.lang.Object java.lang.invoke.DirectMethodHandle$Holder.invokeSpecial(java.lang.Object, java.lang.Object, java.lang.Object, java.lang.Object, java.lang.Object, int)'> (0x00000000858a4920) thrown at [./src/hotspot/share/interpreter/linkResolver.cpp, line 773]
Event: 9.826 Thread 0x00000162ffcfc800 Exception <a 'java/lang/NoSuchMethodError'{0x00000000858a8f60}: 'java.lang.Object java.lang.invoke.Invokers$Holder.linkToTargetMethod(java.lang.Object, java.lang.Object, java.lang.Object, int, java.lang.Object)'> (0x00000000858a8f60) thrown at [./src/hotspot/share/interpreter/linkResolver.cpp, line 773]
Event: 10.258 Thread 0x00000162ffcfc800 Exception <a 'java/lang/NoSuchMethodError'{0x0000000089646c90}: 'java.lang.Object java.lang.invoke.DirectMethodHandle$Holder.invokeSpecial(java.lang.Object, java.lang.Object, int, int, java.lang.Object, java.lang.Object, java.lang.Object)'> (0x0000000089646c90) thrown at [./src/hotspot/share/interpreter/linkResolver.cpp, line 773]
Event: 10.259 Thread 0x00000162ffcfc800 Exception <a 'java/lang/NoSuchMethodError'{0x000000008964b210}: 'java.lang.Object java.lang.invoke.DelegatingMethodHandle$Holder.reinvoke_L(java.lang.Object, int, int, java.lang.Object, java.lang.Object, java.lang.Object)'> (0x000000008964b210) thrown at [./src/hotspot/share/interpreter/linkResolver.cpp, line 773]
Event: 10.643 Thread 0x00000162ffcfc800 Exception <a 'java/lang/NoSuchMethodError'{0x0000000088ab76a0}: 'int java.lang.invoke.DirectMethodHandle$Holder.invokeInterface(java.lang.Object, java.lang.Object, java.lang.Object, java.lang.Object)'> (0x0000000088ab76a0) thrown at [./src/hotspot/share/interpreter/linkResolver.cpp, line 773]
Event: 10.990 Thread 0x00000162ffcfc800 Exception <a 'java/lang/NoSuchMethodError'{0x00000000880b6300}: 'void java.lang.invoke.DirectMethodHandle$Holder.invokeInterface(java.lang.Object, java.lang.Object, java.lang.Object, java.lang.Object)'> (0x00000000880b6300) thrown at [./src/hotspot/share/interpreter/linkResolver.cpp, line 773]
Event: 11.168 Thread 0x00000162ffcfc800 Exception <a 'java/lang/IncompatibleClassChangeError'{0x000000008783e418}: Found class java.lang.Object, but interface was expected> (0x000000008783e418) thrown at [./src/hotspot/share/interpreter/linkResolver.cpp, line 839]
Event: 11.210 Thread 0x00000162ffcfc800 Exception <a 'java/lang/NoSuchMethodError'{0x00000000878da0d0}: 'void java.lang.invoke.DirectMethodHandle$Holder.invokeStatic(java.lang.Object, java.lang.Object, java.lang.Object, java.lang.Object, java.lang.Object)'> (0x00000000878da0d0) thrown at [./src/hotspot/share/interpreter/linkResolver.cpp, line 773]
Event: 11.378 Thread 0x00000162ffcfc800 Implicit null exception at 0x0000016287cbf7ab to 0x0000016287cbf934

Events (20 events):
Event: 12.134 loading class com/android/tools/build/jetifier/core/PackageMap$PackageRule done
Event: 12.135 loading class com/android/tools/build/jetifier/core/PackageMap
Event: 12.135 loading class com/android/tools/build/jetifier/core/PackageMap done
Event: 12.136 loading class com/android/tools/build/jetifier/core/PackageMap$Companion
Event: 12.136 loading class com/android/tools/build/jetifier/core/PackageMap$Companion done
Event: 12.136 loading class com/android/tools/build/jetifier/core/pom/PomRewriteRule
Event: 12.136 loading class com/android/tools/build/jetifier/core/pom/PomRewriteRule done
Event: 12.137 loading class com/android/tools/build/jetifier/core/pom/PomRewriteRule$Companion
Event: 12.137 loading class com/android/tools/build/jetifier/core/pom/PomRewriteRule$Companion done
Event: 12.139 loading class com/android/tools/build/jetifier/core/pom/DependencyVersionsMap
Event: 12.139 loading class com/android/tools/build/jetifier/core/pom/DependencyVersionsMap done
Event: 12.140 loading class com/android/tools/build/jetifier/core/pom/DependencyVersionsMap$Companion
Event: 12.140 loading class com/android/tools/build/jetifier/core/pom/DependencyVersionsMap$Companion done
Event: 12.140 loading class kotlin/collections/EmptyMap
Event: 12.140 loading class kotlin/collections/EmptyMap done
Event: 12.141 loading class com/android/tools/build/jetifier/core/type/JavaType
Event: 12.141 loading class com/android/tools/build/jetifier/core/type/JavaType done
Event: 12.142 loading class com/android/tools/build/jetifier/core/type/JavaType$Companion
Event: 12.142 loading class com/android/tools/build/jetifier/core/type/JavaType$Companion done
Event: 12.142 Executing VM operation: CollectForMetadataAllocation


Dynamic libraries:
0x00007ff68e2d0000 - 0x00007ff68e2da000 	C:\Program Files\Android\Android Studio\jre\bin\java.exe
0x00007ff992eb0000 - 0x00007ff9930a5000 	C:\Windows\SYSTEM32\ntdll.dll
0x00007ff9926e0000 - 0x00007ff99279d000 	C:\Windows\System32\KERNEL32.DLL
0x00007ff990bd0000 - 0x00007ff990e98000 	C:\Windows\System32\KERNELBASE.dll
0x00007ff9905f0000 - 0x00007ff9906f0000 	C:\Windows\System32\ucrtbase.dll
0x00007ff98a5a0000 - 0x00007ff98a5b7000 	C:\Program Files\Android\Android Studio\jre\bin\VCRUNTIME140.dll
0x00007ff98a380000 - 0x00007ff98a399000 	C:\Program Files\Android\Android Studio\jre\bin\jli.dll
0x00007ff9927a0000 - 0x00007ff992940000 	C:\Windows\System32\USER32.dll
0x00007ff990ba0000 - 0x00007ff990bc2000 	C:\Windows\System32\win32u.dll
0x00007ff992030000 - 0x00007ff99205a000 	C:\Windows\System32\GDI32.dll
0x00007ff990780000 - 0x00007ff99088b000 	C:\Windows\System32\gdi32full.dll
0x00007ff990940000 - 0x00007ff9909dd000 	C:\Windows\System32\msvcp_win.dll
0x00007ff97ca80000 - 0x00007ff97cd1a000 	C:\Windows\WinSxS\amd64_microsoft.windows.common-controls_6595b64144ccf1df_6.0.19041.1052_none_60b8f8fd71f5e8cb\COMCTL32.dll
0x00007ff992180000 - 0x00007ff99221e000 	C:\Windows\System32\msvcrt.dll
0x00007ff992e40000 - 0x00007ff992e70000 	C:\Windows\System32\IMM32.DLL
0x00007ff98f5e0000 - 0x00007ff98f611000 	C:\Windows\system32\nvinitx.dll
0x00007ff991950000 - 0x00007ff9919fc000 	C:\Windows\System32\ADVAPI32.dll
0x00007ff992c80000 - 0x00007ff992d1b000 	C:\Windows\System32\sechost.dll
0x00007ff98f5d0000 - 0x00007ff98f5da000 	C:\Windows\SYSTEM32\VERSION.dll
0x00007ff992a20000 - 0x00007ff992b4b000 	C:\Windows\System32\RPCRT4.dll
0x000000000f000000 - 0x000000000f006000 	C:\Program Files\NVIDIA Corporation\CoProcManager\_etoured.dll
0x00007ff985900000 - 0x00007ff985932000 	C:\Program Files\NVIDIA Corporation\CoProcManager\nvd3d9wrapx.dll
0x00007ff991b30000 - 0x00007ff991f99000 	C:\Windows\System32\SETUPAPI.dll
0x00007ff990ea0000 - 0x00007ff990eee000 	C:\Windows\System32\cfgmgr32.dll
0x00007ff990ef0000 - 0x00007ff990f17000 	C:\Windows\System32\bcrypt.dll
0x00007ff9858d0000 - 0x00007ff9858f2000 	C:\Program Files\NVIDIA Corporation\CoProcManager\nvdxgiwrapx.dll
0x00007ff98a2e0000 - 0x00007ff98a37d000 	C:\Program Files\Android\Android Studio\jre\bin\msvcp140.dll
0x00007ff95a960000 - 0x00007ff95b41c000 	C:\Program Files\Android\Android Studio\jre\bin\server\jvm.dll
0x00007ff992a10000 - 0x00007ff992a18000 	C:\Windows\System32\PSAPI.DLL
0x00007ff98a590000 - 0x00007ff98a599000 	C:\Windows\SYSTEM32\WSOCK32.dll
0x00007ff992dd0000 - 0x00007ff992e3b000 	C:\Windows\System32\WS2_32.dll
0x00007ff983860000 - 0x00007ff983887000 	C:\Windows\SYSTEM32\WINMM.dll
0x00007ff98e4f0000 - 0x00007ff98e502000 	C:\Windows\SYSTEM32\kernel.appcore.dll
0x00007ff98a550000 - 0x00007ff98a561000 	C:\Program Files\Android\Android Studio\jre\bin\verify.dll
0x00007ff988b40000 - 0x00007ff988d24000 	C:\Windows\SYSTEM32\DBGHELP.DLL
0x00007ff9888f0000 - 0x00007ff98891c000 	C:\Windows\SYSTEM32\dbgcore.DLL
0x00007ff9906f0000 - 0x00007ff990773000 	C:\Windows\System32\bcryptPrimitives.dll
0x00007ff98a520000 - 0x00007ff98a549000 	C:\Program Files\Android\Android Studio\jre\bin\java.dll
0x00007ff98a580000 - 0x00007ff98a58b000 	C:\Program Files\Android\Android Studio\jre\bin\jimage.dll
0x00007ff98a500000 - 0x00007ff98a518000 	C:\Program Files\Android\Android Studio\jre\bin\zip.dll
0x00007ff991200000 - 0x00007ff99193f000 	C:\Windows\System32\SHELL32.dll
0x00007ff98e6f0000 - 0x00007ff98ee80000 	C:\Windows\SYSTEM32\windows.storage.dll
0x00007ff992380000 - 0x00007ff9926d5000 	C:\Windows\System32\combase.dll
0x00007ff990060000 - 0x00007ff99008c000 	C:\Windows\SYSTEM32\Wldp.dll
0x00007ff992d20000 - 0x00007ff992dce000 	C:\Windows\System32\SHCORE.dll
0x00007ff992320000 - 0x00007ff992375000 	C:\Windows\System32\shlwapi.dll
0x00007ff990530000 - 0x00007ff99054f000 	C:\Windows\SYSTEM32\profapi.dll
0x00007ff985a80000 - 0x00007ff985a9a000 	C:\Program Files\Android\Android Studio\jre\bin\net.dll
0x00007ff9866f0000 - 0x00007ff9867fb000 	C:\Windows\SYSTEM32\WINHTTP.dll
0x00007ff98fdd0000 - 0x00007ff98fe3a000 	C:\Windows\system32\mswsock.dll
0x00007ff985a60000 - 0x00007ff985a74000 	C:\Program Files\Android\Android Studio\jre\bin\nio.dll
0x00007ff97e360000 - 0x00007ff97e387000 	C:\Users\mila_\.gradle\native\fdc75f09e3144964f2cf3f50f0aa648679c211496f362492102eb8c894070792\windows-amd64\native-platform.dll
0x00007ff94f9c0000 - 0x00007ff94fb56000 	C:\Users\mila_\.gradle\native\12488b8bf47d2d4c9fbf2f6322a914ad602e24e48041cd04a747c6da556b65c4\windows-amd64\native-platform-file-events.dll
0x00007ff98a4f0000 - 0x00007ff98a4fa000 	C:\Program Files\Android\Android Studio\jre\bin\management.dll
0x00007ff985a50000 - 0x00007ff985a5c000 	C:\Program Files\Android\Android Studio\jre\bin\management_ext.dll
0x00007ff98ffa0000 - 0x00007ff98ffb8000 	C:\Windows\SYSTEM32\CRYPTSP.dll
0x00007ff98f700000 - 0x00007ff98f734000 	C:\Windows\system32\rsaenh.dll
0x00007ff9904f0000 - 0x00007ff99051e000 	C:\Windows\SYSTEM32\USERENV.dll
0x00007ff98ffc0000 - 0x00007ff98ffcc000 	C:\Windows\SYSTEM32\CRYPTBASE.dll
0x00007ff98fa70000 - 0x00007ff98faab000 	C:\Windows\SYSTEM32\IPHLPAPI.DLL
0x00007ff9929a0000 - 0x00007ff9929a8000 	C:\Windows\System32\NSI.dll
0x00007ff987b70000 - 0x00007ff987b87000 	C:\Windows\SYSTEM32\dhcpcsvc6.DLL
0x00007ff987b50000 - 0x00007ff987b6d000 	C:\Windows\SYSTEM32\dhcpcsvc.DLL
0x00007ff98fac0000 - 0x00007ff98fb8c000 	C:\Windows\SYSTEM32\DNSAPI.dll
0x00007ff988290000 - 0x00007ff98829b000 	C:\Windows\SYSTEM32\WINNSI.DLL

dbghelp: loaded successfully - version: 4.0.5 - missing functions: none
symbol engine: initialized successfully - sym options: 0x614 - pdb path: .;C:\Program Files\Android\Android Studio\jre\bin;C:\Windows\SYSTEM32;C:\Windows\WinSxS\amd64_microsoft.windows.common-controls_6595b64144ccf1df_6.0.19041.1052_none_60b8f8fd71f5e8cb;C:\Program Files\NVIDIA Corporation\CoProcManager;C:\Program Files\Android\Android Studio\jre\bin\server;C:\Users\mila_\.gradle\native\fdc75f09e3144964f2cf3f50f0aa648679c211496f362492102eb8c894070792\windows-amd64;C:\Users\mila_\.gradle\native\12488b8bf47d2d4c9fbf2f6322a914ad602e24e48041cd04a747c6da556b65c4\windows-amd64

VM Arguments:
jvm_args: --add-opens=java.base/java.util=ALL-UNNAMED --add-opens=java.base/java.lang=ALL-UNNAMED --add-opens=java.base/java.lang.invoke=ALL-UNNAMED --add-opens=java.prefs/java.util.prefs=ALL-UNNAMED -Xmx2048m -Dfile.encoding=UTF-8 -Duser.country=BR -Duser.language=pt -Duser.variant 
java_command: org.gradle.launcher.daemon.bootstrap.GradleDaemon 6.7.1
java_class_path (initial): C:\Users\mila_\.gradle\wrapper\dists\gradle-6.7.1-bin\bwlcbys1h7rz3272sye1xwiv6\gradle-6.7.1\lib\gradle-launcher-6.7.1.jar
Launcher Type: SUN_STANDARD

[Global flags]
     intx CICompilerCount                          = 3                                         {product} {ergonomic}
     uint ConcGCThreads                            = 1                                         {product} {ergonomic}
     uint G1ConcRefinementThreads                  = 4                                         {product} {ergonomic}
   size_t G1HeapRegionSize                         = 1048576                                   {product} {ergonomic}
    uintx GCDrainStackTargetSize                   = 64                                        {product} {ergonomic}
   size_t InitialHeapSize                          = 134217728                                 {product} {ergonomic}
   size_t MarkStackSize                            = 4194304                                   {product} {ergonomic}
   size_t MaxHeapSize                              = 2147483648                                {product} {command line}
   size_t MaxNewSize                               = 1287651328                                {product} {ergonomic}
   size_t MinHeapDeltaBytes                        = 1048576                                   {product} {ergonomic}
    uintx NonNMethodCodeHeapSize                   = 5830732                                {pd product} {ergonomic}
    uintx NonProfiledCodeHeapSize                  = 122913754                              {pd product} {ergonomic}
    uintx ProfiledCodeHeapSize                     = 122913754                              {pd product} {ergonomic}
    uintx ReservedCodeCacheSize                    = 251658240                              {pd product} {ergonomic}
     bool SegmentedCodeCache                       = true                                      {product} {ergonomic}
     bool UseCompressedClassPointers               = true                                 {lp64_product} {ergonomic}
     bool UseCompressedOops                        = true                                 {lp64_product} {ergonomic}
     bool UseG1GC                                  = true                                      {product} {ergonomic}
     bool UseLargePagesIndividualAllocation        = false                                  {pd product} {ergonomic}

Logging:
Log output configuration:
 #0: stdout all=warning uptime,level,tags
 #1: stderr all=off uptime,level,tags

Environment Variables:
PATH=C:\Program Files\Common Files\Oracle\Java\javapath;C:\Program Files (x86)\Common Files\Oracle\Java\javapath;C:\Windows\system32;C:\Windows;C:\Windows\System32\Wbem;C:\Windows\System32\WindowsPowerShell\v1.0\;C:\Windows\System32\OpenSSH\;C:\Program Files\dotnet\;C:\Program Files\Microsoft SQL Server\130\Tools\Binn\;C:\Program Files\Microsoft SQL Server\Client SDK\ODBC\170\Tools\Binn\;C:\Program Files\Git\cmd;C:\Program Files\MySQL\MySQL Shell 8.0\bin\;C:\Users\mila_\AppData\Local\Microsoft\WindowsApps;C:\Users\mila_\.dotnet\tools
USERNAME=mila_
OS=Windows_NT
PROCESSOR_IDENTIFIER=Intel64 Family 6 Model 58 Stepping 9, GenuineIntel



---------------  S Y S T E M  ---------------

OS: Windows 10 , 64 bit Build 19041 (10.0.19041.1023)
OS uptime: 0 days 1:40 hours

CPU:total 4 (initial active 4) (2 cores per cpu, 2 threads per core) family 6 model 58 stepping 9, cmov, cx8, fxsr, mmx, sse, sse2, sse3, ssse3, sse4.1, sse4.2, popcnt, avx, aes, clmul, erms, ht, tsc, tscinvbit, tscinv

Memory: 4k page, system-wide physical 8089M (731M free)
TotalPageFile size 8089M (AvailPageFile size 32M)
current process WorkingSet (physical memory assigned to process): 335M, peak: 335M
current process commit charge ("private bytes"): 380M, peak: 410M

vm_info: OpenJDK 64-Bit Server VM (11.0.8+10-b944.6842174) for windows-amd64 JRE (11.0.8+10-b944.6842174), built on Sep 19 2020 01:11:42 by "builder" with MS VC++ 14.0 (VS2015)

END.
